{"/home/travis/build/npmtest/node-npmtest-express/test.js":{"path":"/home/travis/build/npmtest/node-npmtest-express/test.js","s":{"1":2,"2":2,"3":2,"4":2,"5":2,"6":2,"7":2,"8":1,"9":2,"10":2,"11":1,"12":1,"13":1,"14":1,"15":2,"16":2,"17":2,"18":2,"19":1,"20":1,"21":2,"22":2,"23":2,"24":1,"25":1,"26":1,"27":1,"28":1,"29":1,"30":1,"31":1,"32":1,"33":1,"34":1,"35":1,"36":2,"37":2,"38":1,"39":2,"40":2,"41":1,"42":2,"43":2,"44":1,"45":1,"46":1,"47":1,"48":1},"b":{"1":[2,1,1,1],"2":[1,1,1,1],"3":[1,1],"4":[1,1],"5":[1,1],"6":[1,1],"7":[1,1],"8":[1,1],"9":[1,1,1],"10":[1,1],"11":[1,1],"12":[1,1],"13":[1,1],"14":[1,1],"15":[1,1]},"f":{"1":2,"2":2,"3":2,"4":2,"5":2,"6":1,"7":1,"8":2,"9":2,"10":2,"11":1},"fnMap":{"1":{"name":"(anonymous_1)","line":12,"loc":{"start":{"line":12,"column":1},"end":{"line":12,"column":13}}},"2":{"name":"(anonymous_2)","line":19,"loc":{"start":{"line":19,"column":5},"end":{"line":19,"column":17}}},"3":{"name":"(anonymous_3)","line":23,"loc":{"start":{"line":23,"column":24},"end":{"line":23,"column":36}}},"4":{"name":"(anonymous_4)","line":61,"loc":{"start":{"line":61,"column":5},"end":{"line":61,"column":17}}},"5":{"name":"(anonymous_5)","line":82,"loc":{"start":{"line":82,"column":5},"end":{"line":82,"column":17}}},"6":{"name":"(anonymous_6)","line":102,"loc":{"start":{"line":102,"column":83},"end":{"line":105,"column":10}},"skip":true},"7":{"name":"(anonymous_7)","line":113,"loc":{"start":{"line":113,"column":77},"end":{"line":116,"column":10}},"skip":true},"8":{"name":"(anonymous_8)","line":127,"loc":{"start":{"line":127,"column":77},"end":{"line":130,"column":10}},"skip":true},"9":{"name":"(anonymous_9)","line":138,"loc":{"start":{"line":138,"column":83},"end":{"line":141,"column":10}},"skip":true},"10":{"name":"(anonymous_10)","line":149,"loc":{"start":{"line":149,"column":79},"end":{"line":152,"column":10}},"skip":true},"11":{"name":"(anonymous_11)","line":160,"loc":{"start":{"line":160,"column":75},"end":{"line":163,"column":10}},"skip":true}},"statementMap":{"1":{"start":{"line":12,"column":0},"end":{"line":175,"column":5}},"2":{"start":{"line":14,"column":4},"end":{"line":14,"column":14}},"3":{"start":{"line":19,"column":4},"end":{"line":56,"column":9}},"4":{"start":{"line":21,"column":8},"end":{"line":21,"column":19}},"5":{"start":{"line":23,"column":8},"end":{"line":35,"column":13}},"6":{"start":{"line":24,"column":12},"end":{"line":34,"column":13}},"7":{"start":{"line":25,"column":16},"end":{"line":28,"column":30}},"8":{"start":{"line":30,"column":16},"end":{"line":33,"column":27}},"9":{"start":{"line":37,"column":8},"end":{"line":39,"column":21}},"10":{"start":{"line":40,"column":8},"end":{"line":53,"column":9}},"11":{"start":{"line":43,"column":12},"end":{"line":46,"column":14}},"12":{"start":{"line":47,"column":12},"end":{"line":47,"column":18}},"13":{"start":{"line":50,"column":12},"end":{"line":51,"column":46}},"14":{"start":{"line":52,"column":12},"end":{"line":52,"column":18}},"15":{"start":{"line":55,"column":8},"end":{"line":55,"column":35}},"16":{"start":{"line":61,"column":4},"end":{"line":63,"column":9}},"17":{"start":{"line":62,"column":8},"end":{"line":62,"column":15}},"18":{"start":{"line":64,"column":4},"end":{"line":77,"column":5}},"19":{"start":{"line":70,"column":8},"end":{"line":70,"column":14}},"20":{"start":{"line":76,"column":8},"end":{"line":76,"column":14}},"21":{"start":{"line":82,"column":4},"end":{"line":84,"column":9}},"22":{"start":{"line":83,"column":8},"end":{"line":83,"column":15}},"23":{"start":{"line":85,"column":4},"end":{"line":174,"column":5}},"24":{"start":{"line":92,"column":8},"end":{"line":94,"column":63}},"25":{"start":{"line":95,"column":8},"end":{"line":95,"column":14}},"26":{"start":{"line":102,"column":8},"end":{"line":111,"column":10},"skip":true},"27":{"start":{"line":109,"column":12},"end":{"line":109,"column":55},"skip":true},"28":{"start":{"line":110,"column":12},"end":{"line":110,"column":48},"skip":true},"29":{"start":{"line":113,"column":8},"end":{"line":125,"column":10},"skip":true},"30":{"start":{"line":120,"column":12},"end":{"line":120,"column":76},"skip":true},"31":{"start":{"line":121,"column":12},"end":{"line":121,"column":73},"skip":true},"32":{"start":{"line":122,"column":12},"end":{"line":122,"column":74},"skip":true},"33":{"start":{"line":123,"column":12},"end":{"line":123,"column":25},"skip":true},"34":{"start":{"line":124,"column":12},"end":{"line":124,"column":45},"skip":true},"35":{"start":{"line":127,"column":8},"end":{"line":136,"column":10},"skip":true},"36":{"start":{"line":134,"column":12},"end":{"line":134,"column":25},"skip":true},"37":{"start":{"line":135,"column":12},"end":{"line":135,"column":45},"skip":true},"38":{"start":{"line":138,"column":8},"end":{"line":147,"column":10},"skip":true},"39":{"start":{"line":145,"column":12},"end":{"line":145,"column":25},"skip":true},"40":{"start":{"line":146,"column":12},"end":{"line":146,"column":48},"skip":true},"41":{"start":{"line":149,"column":8},"end":{"line":158,"column":10},"skip":true},"42":{"start":{"line":156,"column":12},"end":{"line":156,"column":25},"skip":true},"43":{"start":{"line":157,"column":12},"end":{"line":157,"column":46},"skip":true},"44":{"start":{"line":160,"column":8},"end":{"line":169,"column":10},"skip":true},"45":{"start":{"line":167,"column":12},"end":{"line":167,"column":94},"skip":true},"46":{"start":{"line":168,"column":12},"end":{"line":168,"column":48},"skip":true},"47":{"start":{"line":172,"column":8},"end":{"line":172,"column":35},"skip":true},"48":{"start":{"line":173,"column":8},"end":{"line":173,"column":14},"skip":true}},"branchMap":{"1":{"line":25,"type":"binary-expr","locations":[{"start":{"line":25,"column":23},"end":{"line":25,"column":62}},{"start":{"line":26,"column":20},"end":{"line":26,"column":70}},{"start":{"line":27,"column":20},"end":{"line":27,"column":71}},{"start":{"line":28,"column":20},"end":{"line":28,"column":29}}]},"2":{"line":30,"type":"binary-expr","locations":[{"start":{"line":30,"column":23},"end":{"line":30,"column":37}},{"start":{"line":31,"column":20},"end":{"line":31,"column":61}},{"start":{"line":32,"column":20},"end":{"line":32,"column":70}},{"start":{"line":33,"column":20},"end":{"line":33,"column":26}}]},"3":{"line":37,"type":"cond-expr","locations":[{"start":{"line":38,"column":14},"end":{"line":38,"column":20}},{"start":{"line":39,"column":14},"end":{"line":39,"column":20}}]},"4":{"line":40,"type":"switch","locations":[{"start":{"line":42,"column":8},"end":{"line":47,"column":18}},{"start":{"line":49,"column":8},"end":{"line":52,"column":18}}]},"5":{"line":44,"type":"binary-expr","locations":[{"start":{"line":44,"column":16},"end":{"line":44,"column":44}},{"start":{"line":44,"column":48},"end":{"line":44,"column":66}}]},"6":{"line":50,"type":"binary-expr","locations":[{"start":{"line":50,"column":21},"end":{"line":50,"column":49}},{"start":{"line":50,"column":53},"end":{"line":50,"column":72}}]},"7":{"line":64,"type":"switch","locations":[{"start":{"line":69,"column":4},"end":{"line":70,"column":14}},{"start":{"line":75,"column":4},"end":{"line":76,"column":14}}]},"8":{"line":85,"type":"switch","locations":[{"start":{"line":90,"column":4},"end":{"line":95,"column":14}},{"start":{"line":101,"column":4},"end":{"line":173,"column":14},"skip":true}]},"9":{"line":92,"type":"binary-expr","locations":[{"start":{"line":92,"column":18},"end":{"line":92,"column":32}},{"start":{"line":93,"column":12},"end":{"line":93,"column":53}},{"start":{"line":94,"column":12},"end":{"line":94,"column":61}}]},"10":{"line":102,"type":"binary-expr","locations":[{"start":{"line":102,"column":45},"end":{"line":102,"column":79},"skip":true},{"start":{"line":102,"column":83},"end":{"line":111,"column":9},"skip":true}]},"11":{"line":113,"type":"binary-expr","locations":[{"start":{"line":113,"column":42},"end":{"line":113,"column":73},"skip":true},{"start":{"line":113,"column":77},"end":{"line":125,"column":9},"skip":true}]},"12":{"line":127,"type":"binary-expr","locations":[{"start":{"line":127,"column":42},"end":{"line":127,"column":73},"skip":true},{"start":{"line":127,"column":77},"end":{"line":136,"column":9},"skip":true}]},"13":{"line":138,"type":"binary-expr","locations":[{"start":{"line":138,"column":45},"end":{"line":138,"column":79},"skip":true},{"start":{"line":138,"column":83},"end":{"line":147,"column":9},"skip":true}]},"14":{"line":149,"type":"binary-expr","locations":[{"start":{"line":149,"column":43},"end":{"line":149,"column":75},"skip":true},{"start":{"line":149,"column":79},"end":{"line":158,"column":9},"skip":true}]},"15":{"line":160,"type":"binary-expr","locations":[{"start":{"line":160,"column":41},"end":{"line":160,"column":71},"skip":true},{"start":{"line":160,"column":75},"end":{"line":169,"column":9},"skip":true}]}},"code":["/* istanbul instrument in package npmtest_express */","/*jslint","    bitwise: true,","    browser: true,","    maxerr: 8,","    maxlen: 96,","    node: true,","    nomen: true,","    regexp: true,","    stupid: true","*/","(function () {","    'use strict';","    var local;","","","","    // run shared js-env code - pre-init","    (function () {","        // init local","        local = {};","        // init modeJs","        local.modeJs = (function () {","            try {","                return typeof navigator.userAgent === 'string' &&","                    typeof document.querySelector('body') === 'object' &&","                    typeof XMLHttpRequest.prototype.open === 'function' &&","                    'browser';","            } catch (errorCaughtBrowser) {","                return module.exports &&","                    typeof process.versions.node === 'string' &&","                    typeof require('http').createServer === 'function' &&","                    'node';","            }","        }());","        // init global","        local.global = local.modeJs === 'browser'","            ? window","            : global;","        switch (local.modeJs) {","        // re-init local from window.local","        case 'browser':","            local = local.global.utility2.objectSetDefault(","                local.global.utility2_rollup || local.global.local,","                local.global.utility2","            );","            break;","        // re-init local from example.js","        case 'node':","            local = (local.global.utility2_rollup || require('utility2'))","                .requireExampleJsFromReadme();","            break;","        }","        // export local","        local.global.local = local;","    }());","","","","    // run shared js-env code - function","    (function () {","        return;","    }());","    switch (local.modeJs) {","","","","    // run browser js-env code - function","    case 'browser':","        break;","","","","    // run node js-env code - function","    case 'node':","        break;","    }","","","","    // run shared js-env code - post-init","    (function () {","        return;","    }());","    switch (local.modeJs) {","","","","    // run browser js-env code - post-init","    case 'browser':","        // run tests","        local.nop(local.modeTest &&","            document.querySelector('#testRunButton1') &&","            document.querySelector('#testRunButton1').click());","        break;","","","","    // run node js-env code - post-init","    /* istanbul ignore next */","    case 'node':","        local.testCase_buildApidoc_default = local.testCase_buildApidoc_default || function (","            options,","            onError","        ) {","        /*","         * this function will test buildApidoc's default handling-behavior-behavior","         */","            options = { modulePathList: module.paths };","            local.buildApidoc(options, onError);","        };","","        local.testCase_buildApp_default = local.testCase_buildApp_default || function (","            options,","            onError","        ) {","        /*","         * this function will test buildApp's default handling-behavior-behavior","         */","            local.testCase_buildReadme_default(options, local.onErrorThrow);","            local.testCase_buildLib_default(options, local.onErrorThrow);","            local.testCase_buildTest_default(options, local.onErrorThrow);","            options = [];","            local.buildApp(options, onError);","        };","","        local.testCase_buildLib_default = local.testCase_buildLib_default || function (","            options,","            onError","        ) {","        /*","         * this function will test buildLib's default handling-behavior","         */","            options = {};","            local.buildLib(options, onError);","        };","","        local.testCase_buildReadme_default = local.testCase_buildReadme_default || function (","            options,","            onError","        ) {","        /*","         * this function will test buildReadme's default handling-behavior-behavior","         */","            options = {};","            local.buildReadme(options, onError);","        };","","        local.testCase_buildTest_default = local.testCase_buildTest_default || function (","            options,","            onError","        ) {","        /*","         * this function will test buildTest's default handling-behavior","         */","            options = {};","            local.buildTest(options, onError);","        };","","        local.testCase_webpage_default = local.testCase_webpage_default || function (","            options,","            onError","        ) {","        /*","         * this function will test webpage's default handling-behavior","         */","            options = { modeCoverageMerge: true, url: local.serverLocalHost + '?modeTest=1' };","            local.browserTest(options, onError);","        };","","        // run test-server","        local.testRunServer(local);","        break;","    }","}());",""],"l":{"12":2,"14":2,"19":2,"21":2,"23":2,"24":2,"25":2,"30":1,"37":2,"40":2,"43":1,"47":1,"50":1,"52":1,"55":2,"61":2,"62":2,"64":2,"70":1,"76":1,"82":2,"83":2,"85":2,"92":1,"95":1,"102":1,"109":1,"110":1,"113":1,"120":1,"121":1,"122":1,"123":1,"124":1,"127":1,"134":2,"135":2,"138":1,"145":2,"146":2,"149":1,"156":2,"157":2,"160":1,"167":1,"168":1,"172":1,"173":1}},"/home/travis/build/npmtest/node-npmtest-express/lib.npmtest_express.js":{"path":"/home/travis/build/npmtest/node-npmtest-express/lib.npmtest_express.js","s":{"1":2,"2":2,"3":2,"4":2,"5":2,"6":2,"7":2,"8":1,"9":2,"10":2,"11":2,"12":2,"13":1,"14":1,"15":1,"16":1},"b":{"1":[2,1,1,1],"2":[1,1,1,1],"3":[1,1],"4":[2,2],"5":[1,1]},"f":{"1":2,"2":2,"3":2},"fnMap":{"1":{"name":"(anonymous_1)","line":12,"loc":{"start":{"line":12,"column":1},"end":{"line":12,"column":13}}},"2":{"name":"(anonymous_2)","line":19,"loc":{"start":{"line":19,"column":5},"end":{"line":19,"column":17}}},"3":{"name":"(anonymous_3)","line":23,"loc":{"start":{"line":23,"column":24},"end":{"line":23,"column":36}}}},"statementMap":{"1":{"start":{"line":12,"column":0},"end":{"line":53,"column":5}},"2":{"start":{"line":14,"column":4},"end":{"line":14,"column":14}},"3":{"start":{"line":19,"column":4},"end":{"line":52,"column":9}},"4":{"start":{"line":21,"column":8},"end":{"line":21,"column":19}},"5":{"start":{"line":23,"column":8},"end":{"line":35,"column":13}},"6":{"start":{"line":24,"column":12},"end":{"line":34,"column":13}},"7":{"start":{"line":25,"column":16},"end":{"line":28,"column":30}},"8":{"start":{"line":30,"column":16},"end":{"line":33,"column":27}},"9":{"start":{"line":37,"column":8},"end":{"line":39,"column":21}},"10":{"start":{"line":41,"column":8},"end":{"line":41,"column":54}},"11":{"start":{"line":43,"column":8},"end":{"line":43,"column":52}},"12":{"start":{"line":45,"column":8},"end":{"line":51,"column":9}},"13":{"start":{"line":46,"column":12},"end":{"line":46,"column":58}},"14":{"start":{"line":48,"column":12},"end":{"line":48,"column":35}},"15":{"start":{"line":49,"column":12},"end":{"line":49,"column":49}},"16":{"start":{"line":50,"column":12},"end":{"line":50,"column":43}}},"branchMap":{"1":{"line":25,"type":"binary-expr","locations":[{"start":{"line":25,"column":23},"end":{"line":25,"column":62}},{"start":{"line":26,"column":20},"end":{"line":26,"column":70}},{"start":{"line":27,"column":20},"end":{"line":27,"column":71}},{"start":{"line":28,"column":20},"end":{"line":28,"column":29}}]},"2":{"line":30,"type":"binary-expr","locations":[{"start":{"line":30,"column":23},"end":{"line":30,"column":37}},{"start":{"line":31,"column":20},"end":{"line":31,"column":61}},{"start":{"line":32,"column":20},"end":{"line":32,"column":70}},{"start":{"line":33,"column":20},"end":{"line":33,"column":26}}]},"3":{"line":37,"type":"cond-expr","locations":[{"start":{"line":38,"column":14},"end":{"line":38,"column":20}},{"start":{"line":39,"column":14},"end":{"line":39,"column":20}}]},"4":{"line":41,"type":"binary-expr","locations":[{"start":{"line":41,"column":16},"end":{"line":41,"column":44}},{"start":{"line":41,"column":48},"end":{"line":41,"column":53}}]},"5":{"line":45,"type":"if","locations":[{"start":{"line":45,"column":8},"end":{"line":45,"column":8}},{"start":{"line":45,"column":8},"end":{"line":45,"column":8}}]}},"code":["/* istanbul instrument in package npmtest_express */","/*jslint","    bitwise: true,","    browser: true,","    maxerr: 8,","    maxlen: 96,","    node: true,","    nomen: true,","    regexp: true,","    stupid: true","*/","(function () {","    'use strict';","    var local;","","","","    // run shared js-env code - pre-init","    (function () {","        // init local","        local = {};","        // init modeJs","        local.modeJs = (function () {","            try {","                return typeof navigator.userAgent === 'string' &&","                    typeof document.querySelector('body') === 'object' &&","                    typeof XMLHttpRequest.prototype.open === 'function' &&","                    'browser';","            } catch (errorCaughtBrowser) {","                return module.exports &&","                    typeof process.versions.node === 'string' &&","                    typeof require('http').createServer === 'function' &&","                    'node';","            }","        }());","        // init global","        local.global = local.modeJs === 'browser'","            ? window","            : global;","        // init utility2_rollup","        local = local.global.utility2_rollup || local;","        // init lib","        local.local = local.npmtest_express = local;","        // init exports","        if (local.modeJs === 'browser') {","            local.global.utility2_npmtest_express = local;","        } else {","            module.exports = local;","            module.exports.__dirname = __dirname;","            module.exports.module = module;","        }","    }());","}());",""],"l":{"12":2,"14":2,"19":2,"21":2,"23":2,"24":2,"25":2,"30":1,"37":2,"41":2,"43":2,"45":2,"46":1,"48":1,"49":1,"50":1}},"/home/travis/build/npmtest/node-npmtest-express/example.js":{"path":"/home/travis/build/npmtest/node-npmtest-express/example.js","s":{"1":2,"2":2,"3":2,"4":2,"5":2,"6":2,"7":2,"8":1,"9":2,"10":2,"11":2,"12":2,"13":1,"14":2,"15":2,"16":2,"17":2,"18":2,"19":0,"20":2,"21":1,"22":1,"23":1,"24":1,"25":1,"26":0,"27":0,"28":1,"29":1,"30":2,"31":0,"32":0,"33":0,"34":1,"35":2,"36":2,"37":2,"38":2,"39":2,"40":2,"41":0,"42":2,"43":2,"44":2,"45":1,"46":3,"47":1,"48":1,"49":1,"50":1,"51":1,"52":1,"53":1,"54":1,"55":1,"56":1,"57":0,"58":1,"59":6,"60":6,"61":1,"62":2,"63":0,"64":2,"65":1,"66":1,"67":0,"68":0,"69":0,"70":0,"71":0,"72":0,"73":0,"74":0,"75":0,"76":0,"77":0,"78":0,"79":0,"80":0,"81":0,"82":0,"83":0},"b":{"1":[2,1,1,1],"2":[1,1,1,1],"3":[1,1],"4":[2,2],"5":[1,1],"6":[1,1],"7":[2,0],"8":[2,1,1,1,1,1],"9":[0,2,0],"10":[1,1],"11":[2,1,1],"12":[1,0],"13":[0,2],"14":[2,0,0,0,0,0,0],"15":[0,2],"16":[2,0],"17":[1,1],"18":[0,1],"19":[1,2,0,2],"20":[1,0],"21":[1,1],"22":[0,0],"23":[0,0],"24":[0,0],"25":[0,0],"26":[0,0],"27":[0,0],"28":[0,0]},"f":{"1":2,"2":2,"3":2,"4":2,"5":2,"6":2,"7":2,"8":2,"9":3,"10":1,"11":6,"12":0},"fnMap":{"1":{"name":"(anonymous_1)","line":26,"loc":{"start":{"line":26,"column":1},"end":{"line":26,"column":13}}},"2":{"name":"(anonymous_2)","line":33,"loc":{"start":{"line":33,"column":5},"end":{"line":33,"column":17}}},"3":{"name":"(anonymous_3)","line":37,"loc":{"start":{"line":37,"column":24},"end":{"line":37,"column":36}}},"4":{"name":"(anonymous_4)","line":69,"loc":{"start":{"line":69,"column":31},"end":{"line":69,"column":48}},"skip":true},"5":{"name":"(anonymous_5)","line":78,"loc":{"start":{"line":78,"column":26},"end":{"line":78,"column":45}},"skip":true},"6":{"name":"(anonymous_6)","line":123,"loc":{"start":{"line":123,"column":33},"end":{"line":123,"column":48}},"skip":true},"7":{"name":"(anonymous_7)","line":125,"loc":{"start":{"line":125,"column":27},"end":{"line":125,"column":39}},"skip":true},"8":{"name":"(anonymous_8)","line":133,"loc":{"start":{"line":133,"column":59},"end":{"line":133,"column":74}},"skip":true},"9":{"name":"(anonymous_9)","line":143,"loc":{"start":{"line":143,"column":45},"end":{"line":143,"column":62}},"skip":true},"10":{"name":"(anonymous_10)","line":144,"loc":{"start":{"line":144,"column":73},"end":{"line":144,"column":92}},"skip":true},"11":{"name":"(anonymous_11)","line":272,"loc":{"start":{"line":272,"column":51},"end":{"line":272,"column":77}},"skip":true},"12":{"name":"(anonymous_12)","line":314,"loc":{"start":{"line":314,"column":32},"end":{"line":314,"column":61}},"skip":true}},"statementMap":{"1":{"start":{"line":26,"column":0},"end":{"line":325,"column":5}},"2":{"start":{"line":28,"column":4},"end":{"line":28,"column":14}},"3":{"start":{"line":33,"column":4},"end":{"line":60,"column":9}},"4":{"start":{"line":35,"column":8},"end":{"line":35,"column":19}},"5":{"start":{"line":37,"column":8},"end":{"line":49,"column":13}},"6":{"start":{"line":38,"column":12},"end":{"line":48,"column":13}},"7":{"start":{"line":39,"column":16},"end":{"line":42,"column":30}},"8":{"start":{"line":44,"column":16},"end":{"line":47,"column":27}},"9":{"start":{"line":51,"column":8},"end":{"line":53,"column":21}},"10":{"start":{"line":55,"column":8},"end":{"line":57,"column":45}},"11":{"start":{"line":59,"column":8},"end":{"line":59,"column":35}},"12":{"start":{"line":61,"column":4},"end":{"line":324,"column":5}},"13":{"start":{"line":69,"column":8},"end":{"line":121,"column":10},"skip":true},"14":{"start":{"line":70,"column":12},"end":{"line":88,"column":13},"skip":true},"15":{"start":{"line":76,"column":16},"end":{"line":87,"column":19},"skip":true},"16":{"start":{"line":79,"column":20},"end":{"line":86,"column":21},"skip":true},"17":{"start":{"line":82,"column":24},"end":{"line":82,"column":43},"skip":true},"18":{"start":{"line":83,"column":24},"end":{"line":83,"column":30},"skip":true},"19":{"start":{"line":85,"column":24},"end":{"line":85,"column":49},"skip":true},"20":{"start":{"line":89,"column":12},"end":{"line":107,"column":13},"skip":true},"21":{"start":{"line":92,"column":16},"end":{"line":102,"column":17},"skip":true},"22":{"start":{"line":93,"column":20},"end":{"line":93,"column":86},"skip":true},"23":{"start":{"line":94,"column":20},"end":{"line":95,"column":45},"skip":true},"24":{"start":{"line":96,"column":20},"end":{"line":96,"column":42},"skip":true},"25":{"start":{"line":97,"column":20},"end":{"line":97,"column":48},"skip":true},"26":{"start":{"line":100,"column":20},"end":{"line":100,"column":85},"skip":true},"27":{"start":{"line":101,"column":20},"end":{"line":101,"column":96},"skip":true},"28":{"start":{"line":103,"column":16},"end":{"line":103,"column":22},"skip":true},"29":{"start":{"line":106,"column":16},"end":{"line":106,"column":22},"skip":true},"30":{"start":{"line":108,"column":12},"end":{"line":120,"column":13},"skip":true},"31":{"start":{"line":114,"column":16},"end":{"line":119,"column":17},"skip":true},"32":{"start":{"line":116,"column":20},"end":{"line":116,"column":78},"skip":true},"33":{"start":{"line":118,"column":20},"end":{"line":118,"column":53},"skip":true},"34":{"start":{"line":123,"column":8},"end":{"line":141,"column":11},"skip":true},"35":{"start":{"line":124,"column":12},"end":{"line":124,"column":54},"skip":true},"36":{"start":{"line":125,"column":12},"end":{"line":140,"column":14},"skip":true},"37":{"start":{"line":126,"column":16},"end":{"line":126,"column":28},"skip":true},"38":{"start":{"line":127,"column":16},"end":{"line":127,"column":69},"skip":true},"39":{"start":{"line":128,"column":16},"end":{"line":128,"column":75},"skip":true},"40":{"start":{"line":129,"column":16},"end":{"line":131,"column":17},"skip":true},"41":{"start":{"line":130,"column":20},"end":{"line":130,"column":27},"skip":true},"42":{"start":{"line":133,"column":16},"end":{"line":137,"column":36},"skip":true},"43":{"start":{"line":134,"column":20},"end":{"line":136,"column":55},"skip":true},"44":{"start":{"line":139,"column":16},"end":{"line":139,"column":57},"skip":true},"45":{"start":{"line":143,"column":8},"end":{"line":147,"column":11},"skip":true},"46":{"start":{"line":144,"column":12},"end":{"line":146,"column":15},"skip":true},"47":{"start":{"line":145,"column":16},"end":{"line":145,"column":70},"skip":true},"48":{"start":{"line":149,"column":8},"end":{"line":149,"column":31},"skip":true},"49":{"start":{"line":150,"column":8},"end":{"line":150,"column":14},"skip":true},"50":{"start":{"line":158,"column":8},"end":{"line":158,"column":31},"skip":true},"51":{"start":{"line":160,"column":8},"end":{"line":160,"column":33},"skip":true},"52":{"start":{"line":161,"column":8},"end":{"line":161,"column":37},"skip":true},"53":{"start":{"line":162,"column":8},"end":{"line":162,"column":35},"skip":true},"54":{"start":{"line":164,"column":8},"end":{"line":164,"column":50},"skip":true},"55":{"start":{"line":166,"column":8},"end":{"line":256,"column":2},"skip":true},"56":{"start":{"line":258,"column":8},"end":{"line":286,"column":9},"skip":true},"57":{"start":{"line":259,"column":12},"end":{"line":269,"column":14},"skip":true},"58":{"start":{"line":271,"column":12},"end":{"line":285,"column":19},"skip":true},"59":{"start":{"line":274,"column":20},"end":{"line":274,"column":35},"skip":true},"60":{"start":{"line":275,"column":20},"end":{"line":284,"column":21},"skip":true},"61":{"start":{"line":277,"column":24},"end":{"line":277,"column":64},"skip":true},"62":{"start":{"line":279,"column":24},"end":{"line":279,"column":40},"skip":true},"63":{"start":{"line":281,"column":24},"end":{"line":281,"column":40},"skip":true},"64":{"start":{"line":283,"column":24},"end":{"line":283,"column":39},"skip":true},"65":{"start":{"line":288,"column":8},"end":{"line":290,"column":9},"skip":true},"66":{"start":{"line":289,"column":12},"end":{"line":289,"column":18},"skip":true},"67":{"start":{"line":291,"column":8},"end":{"line":293,"column":54},"skip":true},"68":{"start":{"line":294,"column":8},"end":{"line":301,"column":37},"skip":true},"69":{"start":{"line":302,"column":8},"end":{"line":302,"column":82},"skip":true},"70":{"start":{"line":305,"column":8},"end":{"line":307,"column":9},"skip":true},"71":{"start":{"line":306,"column":12},"end":{"line":306,"column":82},"skip":true},"72":{"start":{"line":309,"column":8},"end":{"line":311,"column":9},"skip":true},"73":{"start":{"line":310,"column":12},"end":{"line":310,"column":18},"skip":true},"74":{"start":{"line":312,"column":8},"end":{"line":312,"column":54},"skip":true},"75":{"start":{"line":313,"column":8},"end":{"line":313,"column":69},"skip":true},"76":{"start":{"line":314,"column":8},"end":{"line":322,"column":36},"skip":true},"77":{"start":{"line":315,"column":12},"end":{"line":315,"column":61},"skip":true},"78":{"start":{"line":316,"column":12},"end":{"line":319,"column":13},"skip":true},"79":{"start":{"line":317,"column":16},"end":{"line":317,"column":75},"skip":true},"80":{"start":{"line":318,"column":16},"end":{"line":318,"column":23},"skip":true},"81":{"start":{"line":320,"column":12},"end":{"line":320,"column":38},"skip":true},"82":{"start":{"line":321,"column":12},"end":{"line":321,"column":27},"skip":true},"83":{"start":{"line":323,"column":8},"end":{"line":323,"column":14},"skip":true}},"branchMap":{"1":{"line":39,"type":"binary-expr","locations":[{"start":{"line":39,"column":23},"end":{"line":39,"column":62}},{"start":{"line":40,"column":20},"end":{"line":40,"column":70}},{"start":{"line":41,"column":20},"end":{"line":41,"column":71}},{"start":{"line":42,"column":20},"end":{"line":42,"column":29}}]},"2":{"line":44,"type":"binary-expr","locations":[{"start":{"line":44,"column":23},"end":{"line":44,"column":37}},{"start":{"line":45,"column":20},"end":{"line":45,"column":61}},{"start":{"line":46,"column":20},"end":{"line":46,"column":70}},{"start":{"line":47,"column":20},"end":{"line":47,"column":26}}]},"3":{"line":51,"type":"cond-expr","locations":[{"start":{"line":52,"column":14},"end":{"line":52,"column":20}},{"start":{"line":53,"column":14},"end":{"line":53,"column":20}}]},"4":{"line":55,"type":"binary-expr","locations":[{"start":{"line":55,"column":16},"end":{"line":55,"column":44}},{"start":{"line":55,"column":49},"end":{"line":57,"column":43}}]},"5":{"line":55,"type":"cond-expr","locations":[{"start":{"line":56,"column":14},"end":{"line":56,"column":51}},{"start":{"line":57,"column":14},"end":{"line":57,"column":43}}]},"6":{"line":61,"type":"switch","locations":[{"start":{"line":68,"column":4},"end":{"line":150,"column":14},"skip":true},{"start":{"line":156,"column":4},"end":{"line":323,"column":14},"skip":true}]},"7":{"line":70,"type":"if","locations":[{"start":{"line":70,"column":12},"end":{"line":70,"column":12},"skip":true},{"start":{"line":70,"column":12},"end":{"line":70,"column":12},"skip":true}]},"8":{"line":70,"type":"binary-expr","locations":[{"start":{"line":70,"column":16},"end":{"line":70,"column":22},"skip":true},{"start":{"line":70,"column":27},"end":{"line":70,"column":32},"skip":true},{"start":{"line":71,"column":20},"end":{"line":71,"column":39},"skip":true},{"start":{"line":72,"column":20},"end":{"line":72,"column":49},"skip":true},{"start":{"line":73,"column":20},"end":{"line":73,"column":58},"skip":true},{"start":{"line":74,"column":20},"end":{"line":74,"column":69},"skip":true}]},"9":{"line":79,"type":"switch","locations":[{"start":{"line":80,"column":20},"end":{"line":80,"column":33},"skip":true},{"start":{"line":81,"column":20},"end":{"line":83,"column":30},"skip":true},{"start":{"line":84,"column":20},"end":{"line":85,"column":49},"skip":true}]},"10":{"line":89,"type":"switch","locations":[{"start":{"line":90,"column":12},"end":{"line":103,"column":22},"skip":true},{"start":{"line":105,"column":12},"end":{"line":106,"column":22},"skip":true}]},"11":{"line":89,"type":"binary-expr","locations":[{"start":{"line":89,"column":20},"end":{"line":89,"column":25},"skip":true},{"start":{"line":89,"column":29},"end":{"line":89,"column":48},"skip":true},{"start":{"line":89,"column":52},"end":{"line":89,"column":74},"skip":true}]},"12":{"line":92,"type":"if","locations":[{"start":{"line":92,"column":16},"end":{"line":92,"column":16},"skip":true},{"start":{"line":92,"column":16},"end":{"line":92,"column":16},"skip":true}]},"13":{"line":108,"type":"if","locations":[{"start":{"line":108,"column":12},"end":{"line":108,"column":12},"skip":true},{"start":{"line":108,"column":12},"end":{"line":108,"column":12},"skip":true}]},"14":{"line":108,"type":"binary-expr","locations":[{"start":{"line":108,"column":16},"end":{"line":108,"column":61},"skip":true},{"start":{"line":108,"column":66},"end":{"line":108,"column":72},"skip":true},{"start":{"line":108,"column":77},"end":{"line":108,"column":82},"skip":true},{"start":{"line":109,"column":20},"end":{"line":109,"column":39},"skip":true},{"start":{"line":110,"column":20},"end":{"line":110,"column":49},"skip":true},{"start":{"line":111,"column":20},"end":{"line":111,"column":58},"skip":true},{"start":{"line":112,"column":20},"end":{"line":112,"column":68},"skip":true}]},"15":{"line":129,"type":"if","locations":[{"start":{"line":129,"column":16},"end":{"line":129,"column":16},"skip":true},{"start":{"line":129,"column":16},"end":{"line":129,"column":16},"skip":true}]},"16":{"line":134,"type":"cond-expr","locations":[{"start":{"line":135,"column":26},"end":{"line":135,"column":29},"skip":true},{"start":{"line":136,"column":26},"end":{"line":136,"column":54},"skip":true}]},"17":{"line":164,"type":"binary-expr","locations":[{"start":{"line":164,"column":27},"end":{"line":164,"column":43},"skip":true},{"start":{"line":164,"column":47},"end":{"line":164,"column":49},"skip":true}]},"18":{"line":258,"type":"if","locations":[{"start":{"line":258,"column":8},"end":{"line":258,"column":8},"skip":true},{"start":{"line":258,"column":8},"end":{"line":258,"column":8},"skip":true}]},"19":{"line":275,"type":"switch","locations":[{"start":{"line":276,"column":20},"end":{"line":277,"column":64},"skip":true},{"start":{"line":278,"column":20},"end":{"line":279,"column":40},"skip":true},{"start":{"line":280,"column":20},"end":{"line":281,"column":40},"skip":true},{"start":{"line":282,"column":20},"end":{"line":283,"column":39},"skip":true}]},"20":{"line":288,"type":"if","locations":[{"start":{"line":288,"column":8},"end":{"line":288,"column":8},"skip":true},{"start":{"line":288,"column":8},"end":{"line":288,"column":8},"skip":true}]},"21":{"line":288,"type":"binary-expr","locations":[{"start":{"line":288,"column":12},"end":{"line":288,"column":40},"skip":true},{"start":{"line":288,"column":44},"end":{"line":288,"column":67},"skip":true}]},"22":{"line":292,"type":"binary-expr","locations":[{"start":{"line":292,"column":12},"end":{"line":292,"column":50},"skip":true},{"start":{"line":293,"column":12},"end":{"line":293,"column":53},"skip":true}]},"23":{"line":295,"type":"binary-expr","locations":[{"start":{"line":295,"column":12},"end":{"line":295,"column":65},"skip":true},{"start":{"line":296,"column":12},"end":{"line":301,"column":36},"skip":true}]},"24":{"line":302,"type":"binary-expr","locations":[{"start":{"line":302,"column":43},"end":{"line":302,"column":75},"skip":true},{"start":{"line":302,"column":79},"end":{"line":302,"column":81},"skip":true}]},"25":{"line":305,"type":"if","locations":[{"start":{"line":305,"column":8},"end":{"line":305,"column":8},"skip":true},{"start":{"line":305,"column":8},"end":{"line":305,"column":8},"skip":true}]},"26":{"line":309,"type":"if","locations":[{"start":{"line":309,"column":8},"end":{"line":309,"column":8},"skip":true},{"start":{"line":309,"column":8},"end":{"line":309,"column":8},"skip":true}]},"27":{"line":312,"type":"binary-expr","locations":[{"start":{"line":312,"column":27},"end":{"line":312,"column":43},"skip":true},{"start":{"line":312,"column":47},"end":{"line":312,"column":53},"skip":true}]},"28":{"line":316,"type":"if","locations":[{"start":{"line":316,"column":12},"end":{"line":316,"column":12},"skip":true},{"start":{"line":316,"column":12},"end":{"line":316,"column":12},"skip":true}]}},"code":["/*","example.js","","quickstart example","","instruction","    1. save this script as example.js","    2. run the shell command:","        $ npm install npmtest-express && PORT=8081 node example.js","    3. play with the browser-demo on http://127.0.0.1:8081","*/","","","","/* istanbul instrument in package npmtest_express */","/*jslint","    bitwise: true,","    browser: true,","    maxerr: 8,","    maxlen: 96,","    node: true,","    nomen: true,","    regexp: true,","    stupid: true","*/","(function () {","    'use strict';","    var local;","","","","    // run shared js-env code - pre-init","    (function () {","        // init local","        local = {};","        // init modeJs","        local.modeJs = (function () {","            try {","                return typeof navigator.userAgent === 'string' &&","                    typeof document.querySelector('body') === 'object' &&","                    typeof XMLHttpRequest.prototype.open === 'function' &&","                    'browser';","            } catch (errorCaughtBrowser) {","                return module.exports &&","                    typeof process.versions.node === 'string' &&","                    typeof require('http').createServer === 'function' &&","                    'node';","            }","        }());","        // init global","        local.global = local.modeJs === 'browser'","            ? window","            : global;","        // init utility2_rollup","        local = local.global.utility2_rollup || (local.modeJs === 'browser'","            ? local.global.utility2_npmtest_express","            : global.utility2_moduleExports);","        // export local","        local.global.local = local;","    }());","    switch (local.modeJs) {","","","","    // post-init","    // run browser js-env code - post-init","    /* istanbul ignore next */","    case 'browser':","        local.testRunBrowser = function (event) {","            if (!event || (event &&","                    event.currentTarget &&","                    event.currentTarget.className &&","                    event.currentTarget.className.includes &&","                    event.currentTarget.className.includes('onreset'))) {","                // reset output","                Array.from(","                    document.querySelectorAll('body > .resettable')","                ).forEach(function (element) {","                    switch (element.tagName) {","                    case 'INPUT':","                    case 'TEXTAREA':","                        element.value = '';","                        break;","                    default:","                        element.textContent = '';","                    }","                });","            }","            switch (event && event.currentTarget && event.currentTarget.id) {","            case 'testRunButton1':","                // show tests","                if (document.querySelector('#testReportDiv1').style.display === 'none') {","                    document.querySelector('#testReportDiv1').style.display = 'block';","                    document.querySelector('#testRunButton1').textContent =","                        'hide internal test';","                    local.modeTest = true;","                    local.testRunDefault(local);","                // hide tests","                } else {","                    document.querySelector('#testReportDiv1').style.display = 'none';","                    document.querySelector('#testRunButton1').textContent = 'run internal test';","                }","                break;","            // custom-case","            default:","                break;","            }","            if (document.querySelector('#inputTextareaEval1') && (!event || (event &&","                    event.currentTarget &&","                    event.currentTarget.className &&","                    event.currentTarget.className.includes &&","                    event.currentTarget.className.includes('oneval')))) {","                // try to eval input-code","                try {","                    /*jslint evil: true*/","                    eval(document.querySelector('#inputTextareaEval1').value);","                } catch (errorCaught) {","                    console.error(errorCaught.stack);","                }","            }","        };","        // log stderr and stdout to #outputTextareaStdout1","        ['error', 'log'].forEach(function (key) {","            console[key + '_original'] = console[key];","            console[key] = function () {","                var element;","                console[key + '_original'].apply(console, arguments);","                element = document.querySelector('#outputTextareaStdout1');","                if (!element) {","                    return;","                }","                // append text to #outputTextareaStdout1","                element.value += Array.from(arguments).map(function (arg) {","                    return typeof arg === 'string'","                        ? arg","                        : JSON.stringify(arg, null, 4);","                }).join(' ') + '\\n';","                // scroll textarea to bottom","                element.scrollTop = element.scrollHeight;","            };","        });","        // init event-handling","        ['change', 'click', 'keyup'].forEach(function (event) {","            Array.from(document.querySelectorAll('.on' + event)).forEach(function (element) {","                element.addEventListener(event, local.testRunBrowser);","            });","        });","        // run tests","        local.testRunBrowser();","        break;","","","","    // run node js-env code - post-init","    /* istanbul ignore next */","    case 'node':","        // export local","        module.exports = local;","        // require modules","        local.fs = require('fs');","        local.http = require('http');","        local.url = require('url');","        // init assets","        local.assetsDict = local.assetsDict || {};","        /* jslint-ignore-begin */","        local.assetsDict['/assets.index.template.html'] = '\\","<!doctype html>\\n\\","<html lang=\"en\">\\n\\","<head>\\n\\","<meta charset=\"UTF-8\">\\n\\","<meta name=\"viewport\" content=\"width=device-width, initial-scale=1\">\\n\\","<title>{{env.npm_package_name}} (v{{env.npm_package_version}})</title>\\n\\","<style>\\n\\","/*csslint\\n\\","    box-sizing: false,\\n\\","    universal-selector: false\\n\\","*/\\n\\","* {\\n\\","    box-sizing: border-box;\\n\\","}\\n\\","body {\\n\\","    background: #dde;\\n\\","    font-family: Arial, Helvetica, sans-serif;\\n\\","    margin: 2rem;\\n\\","}\\n\\","body > * {\\n\\","    margin-bottom: 1rem;\\n\\","}\\n\\",".utility2FooterDiv {\\n\\","    margin-top: 20px;\\n\\","    text-align: center;\\n\\","}\\n\\","</style>\\n\\","<style>\\n\\","/*csslint\\n\\","*/\\n\\","textarea {\\n\\","    font-family: monospace;\\n\\","    height: 10rem;\\n\\","    width: 100%;\\n\\","}\\n\\","textarea[readonly] {\\n\\","    background: #ddd;\\n\\","}\\n\\","</style>\\n\\","</head>\\n\\","<body>\\n\\","<!-- utility2-comment\\n\\","<div id=\"ajaxProgressDiv1\" style=\"background: #d00; height: 2px; left: 0; margin: 0; padding: 0; position: fixed; top: 0; transition: background 0.5s, width 1.5s; width: 25%;\"></div>\\n\\","utility2-comment -->\\n\\","<h1>\\n\\","<!-- utility2-comment\\n\\","    <a\\n\\","        {{#if env.npm_package_homepage}}\\n\\","        href=\"{{env.npm_package_homepage}}\"\\n\\","        {{/if env.npm_package_homepage}}\\n\\","        target=\"_blank\"\\n\\","    >\\n\\","utility2-comment -->\\n\\","        {{env.npm_package_name}} (v{{env.npm_package_version}})\\n\\","<!-- utility2-comment\\n\\","    </a>\\n\\","utility2-comment -->\\n\\","</h1>\\n\\","<h3>{{env.npm_package_description}}</h3>\\n\\","<!-- utility2-comment\\n\\","<h4><a download href=\"assets.app.js\">download standalone app</a></h4>\\n\\","<button class=\"onclick onreset\" id=\"testRunButton1\">run internal test</button><br>\\n\\","<div id=\"testReportDiv1\" style=\"display: none;\"></div>\\n\\","utility2-comment -->\\n\\","\\n\\","\\n\\","\\n\\","<label>stderr and stdout</label>\\n\\","<textarea class=\"resettable\" id=\"outputTextareaStdout1\" readonly></textarea>\\n\\","<!-- utility2-comment\\n\\","{{#if isRollup}}\\n\\","<script src=\"assets.app.js\"></script>\\n\\","{{#unless isRollup}}\\n\\","utility2-comment -->\\n\\","<script src=\"assets.utility2.rollup.js\"></script>\\n\\","<script src=\"jsonp.utility2._stateInit?callback=window.utility2._stateInit\"></script>\\n\\","<script src=\"assets.npmtest_express.rollup.js\"></script>\\n\\","<script src=\"assets.example.js\"></script>\\n\\","<script src=\"assets.test.js\"></script>\\n\\","<!-- utility2-comment\\n\\","{{/if isRollup}}\\n\\","utility2-comment -->\\n\\","<div class=\"utility2FooterDiv\">\\n\\","    [ this app was created with\\n\\","    <a href=\"https://github.com/kaizhu256/node-utility2\" target=\"_blank\">utility2</a>\\n\\","    ]\\n\\","</div>\\n\\","</body>\\n\\","</html>\\n\\","';","        /* jslint-ignore-end */","        if (local.templateRender) {","            local.assetsDict['/'] = local.templateRender(","                local.assetsDict['/assets.index.template.html'],","                {","                    env: local.objectSetDefault(local.env, {","                        npm_package_description: 'the greatest app in the world!',","                        npm_package_name: 'my-app',","                        npm_package_nameAlias: 'my_app',","                        npm_package_version: '0.0.1'","                    })","                }","            );","        } else {","            local.assetsDict['/'] = local.assetsDict['/assets.index.template.html']","                .replace((/\\{\\{env\\.(\\w+?)\\}\\}/g), function (match0, match1) {","                    // jslint-hack","                    String(match0);","                    switch (match1) {","                    case 'npm_package_description':","                        return 'the greatest app in the world!';","                    case 'npm_package_name':","                        return 'my-app';","                    case 'npm_package_nameAlias':","                        return 'my_app';","                    case 'npm_package_version':","                        return '0.0.1';","                    }","                });","        }","        // run the cli","        if (local.global.utility2_rollup || module !== require.main) {","            break;","        }","        local.assetsDict['/assets.example.js'] =","            local.assetsDict['/assets.example.js'] ||","            local.fs.readFileSync(__filename, 'utf8');","        local.assetsDict['/assets.npmtest_express.rollup.js'] =","            local.assetsDict['/assets.npmtest_express.rollup.js'] ||","            local.fs.readFileSync(","                // buildCustomOrg-hack","                local.npmtest_express.__dirname +","                    '/lib.npmtest_express.js',","                'utf8'","            ).replace((/^#!/), '//');","        local.assetsDict['/favicon.ico'] = local.assetsDict['/favicon.ico'] || '';","        // if $npm_config_timeout_exit exists,","        // then exit this process after $npm_config_timeout_exit ms","        if (Number(process.env.npm_config_timeout_exit)) {","            setTimeout(process.exit, Number(process.env.npm_config_timeout_exit));","        }","        // start server","        if (local.global.utility2_serverHttp1) {","            break;","        }","        process.env.PORT = process.env.PORT || '8081';","        console.error('server starting on port ' + process.env.PORT);","        local.http.createServer(function (request, response) {","            request.urlParsed = local.url.parse(request.url);","            if (local.assetsDict[request.urlParsed.pathname] !== undefined) {","                response.end(local.assetsDict[request.urlParsed.pathname]);","                return;","            }","            response.statusCode = 404;","            response.end();","        }).listen(process.env.PORT);","        break;","    }","}());",""],"l":{"26":2,"28":2,"33":2,"35":2,"37":2,"38":2,"39":2,"44":1,"51":2,"55":2,"59":2,"61":2,"69":1,"70":2,"76":2,"79":2,"82":2,"83":2,"85":1,"89":2,"92":1,"93":1,"94":1,"96":1,"97":1,"100":1,"101":1,"103":1,"106":1,"108":2,"114":1,"116":1,"118":1,"123":1,"124":2,"125":2,"126":2,"127":2,"128":2,"129":2,"130":1,"133":2,"134":2,"139":2,"143":1,"144":3,"145":1,"149":1,"150":1,"158":1,"160":1,"161":1,"162":1,"164":1,"166":1,"258":1,"259":1,"271":1,"274":6,"275":6,"277":1,"279":2,"281":1,"283":2,"288":1,"289":1,"291":1,"294":1,"302":1,"305":1,"306":1,"309":1,"310":1,"312":1,"313":1,"314":1,"315":1,"316":1,"317":1,"318":1,"320":1,"321":1,"323":1}},"/home/travis/build/npmtest/node-npmtest-express/express/index.js":{"path":"/home/travis/build/npmtest/node-npmtest-express/express/index.js","s":{"1":1},"b":{},"f":{},"fnMap":{},"statementMap":{"1":{"start":{"line":11,"column":0},"end":{"line":11,"column":42}}},"branchMap":{},"code":["/*!"," * express"," * Copyright(c) 2009-2013 TJ Holowaychuk"," * Copyright(c) 2013 Roman Shtylman"," * Copyright(c) 2014-2015 Douglas Christopher Wilson"," * MIT Licensed"," */","","'use strict';","","module.exports = require('./lib/express');",""],"l":{"11":1}},"/home/travis/build/npmtest/node-npmtest-express/express/lib/express.js":{"path":"/home/travis/build/npmtest/node-npmtest-express/express/lib/express.js","s":{"1":1,"2":1,"3":1,"4":1,"5":1,"6":1,"7":1,"8":1,"9":1,"10":0,"11":0,"12":0,"13":0,"14":0,"15":0,"16":0,"17":0,"18":1,"19":1,"20":1,"21":1,"22":1,"23":1,"24":1,"25":1,"26":19,"27":0},"b":{},"f":{"1":0,"2":0,"3":19,"4":0},"fnMap":{"1":{"name":"createApplication","line":36,"loc":{"start":{"line":36,"column":0},"end":{"line":36,"column":29}}},"2":{"name":"(anonymous_2)","line":37,"loc":{"start":{"line":37,"column":12},"end":{"line":37,"column":37}}},"3":{"name":"(anonymous_3)","line":104,"loc":{"start":{"line":104,"column":10},"end":{"line":104,"column":26}}},"4":{"name":"(anonymous_4)","line":106,"loc":{"start":{"line":106,"column":9},"end":{"line":106,"column":21}}}},"statementMap":{"1":{"start":{"line":15,"column":0},"end":{"line":15,"column":50}},"2":{"start":{"line":16,"column":0},"end":{"line":16,"column":41}},"3":{"start":{"line":17,"column":0},"end":{"line":17,"column":37}},"4":{"start":{"line":18,"column":0},"end":{"line":18,"column":38}},"5":{"start":{"line":19,"column":0},"end":{"line":19,"column":33}},"6":{"start":{"line":20,"column":0},"end":{"line":20,"column":31}},"7":{"start":{"line":21,"column":0},"end":{"line":21,"column":32}},"8":{"start":{"line":27,"column":0},"end":{"line":27,"column":45}},"9":{"start":{"line":36,"column":0},"end":{"line":56,"column":1}},"10":{"start":{"line":37,"column":2},"end":{"line":39,"column":4}},"11":{"start":{"line":38,"column":4},"end":{"line":38,"column":31}},"12":{"start":{"line":41,"column":2},"end":{"line":41,"column":44}},"13":{"start":{"line":42,"column":2},"end":{"line":42,"column":27}},"14":{"start":{"line":45,"column":2},"end":{"line":47,"column":4}},"15":{"start":{"line":50,"column":2},"end":{"line":52,"column":4}},"16":{"start":{"line":54,"column":2},"end":{"line":54,"column":13}},"17":{"start":{"line":55,"column":2},"end":{"line":55,"column":13}},"18":{"start":{"line":62,"column":0},"end":{"line":62,"column":28}},"19":{"start":{"line":63,"column":0},"end":{"line":63,"column":22}},"20":{"start":{"line":64,"column":0},"end":{"line":64,"column":23}},"21":{"start":{"line":70,"column":0},"end":{"line":70,"column":22}},"22":{"start":{"line":71,"column":0},"end":{"line":71,"column":24}},"23":{"start":{"line":77,"column":0},"end":{"line":77,"column":46}},"24":{"start":{"line":78,"column":0},"end":{"line":78,"column":41}},"25":{"start":{"line":84,"column":0},"end":{"line":111,"column":3}},"26":{"start":{"line":105,"column":2},"end":{"line":110,"column":5}},"27":{"start":{"line":107,"column":6},"end":{"line":107,"column":190}}},"branchMap":{},"code":["/*!"," * express"," * Copyright(c) 2009-2013 TJ Holowaychuk"," * Copyright(c) 2013 Roman Shtylman"," * Copyright(c) 2014-2015 Douglas Christopher Wilson"," * MIT Licensed"," */","","'use strict';","","/**"," * Module dependencies."," */","","var EventEmitter = require('events').EventEmitter;","var mixin = require('merge-descriptors');","var proto = require('./application');","var Route = require('./router/route');","var Router = require('./router');","var req = require('./request');","var res = require('./response');","","/**"," * Expose `createApplication()`."," */","","exports = module.exports = createApplication;","","/**"," * Create an express application."," *"," * @return {Function}"," * @api public"," */","","function createApplication() {","  var app = function(req, res, next) {","    app.handle(req, res, next);","  };","","  mixin(app, EventEmitter.prototype, false);","  mixin(app, proto, false);","","  // expose the prototype that will get set on requests","  app.request = Object.create(req, {","    app: { configurable: true, enumerable: true, writable: true, value: app }","  })","","  // expose the prototype that will get set on responses","  app.response = Object.create(res, {","    app: { configurable: true, enumerable: true, writable: true, value: app }","  })","","  app.init();","  return app;","}","","/**"," * Expose the prototypes."," */","","exports.application = proto;","exports.request = req;","exports.response = res;","","/**"," * Expose constructors."," */","","exports.Route = Route;","exports.Router = Router;","","/**"," * Expose middleware"," */","","exports.query = require('./middleware/query');","exports.static = require('serve-static');","","/**"," * Replace removed middleware with an appropriate error message."," */","","[","  'json',","  'urlencoded',","  'bodyParser',","  'compress',","  'cookieSession',","  'session',","  'logger',","  'cookieParser',","  'favicon',","  'responseTime',","  'errorHandler',","  'timeout',","  'methodOverride',","  'vhost',","  'csrf',","  'directory',","  'limit',","  'multipart',","  'staticCache',","].forEach(function (name) {","  Object.defineProperty(exports, name, {","    get: function () {","      throw new Error('Most middleware (like ' + name + ') is no longer bundled with Express and must be installed separately. Please see https://github.com/senchalabs/connect#middleware.');","    },","    configurable: true","  });","});",""],"l":{"15":1,"16":1,"17":1,"18":1,"19":1,"20":1,"21":1,"27":1,"36":1,"37":0,"38":0,"41":0,"42":0,"45":0,"50":0,"54":0,"55":0,"62":1,"63":1,"64":1,"70":1,"71":1,"77":1,"78":1,"84":1,"105":19,"107":0}},"/home/travis/build/npmtest/node-npmtest-express/express/lib/application.js":{"path":"/home/travis/build/npmtest/node-npmtest-express/express/lib/application.js","s":{"1":1,"2":1,"3":1,"4":1,"5":1,"6":1,"7":1,"8":1,"9":1,"10":1,"11":1,"12":1,"13":1,"14":1,"15":1,"16":1,"17":1,"18":1,"19":1,"20":1,"21":0,"22":0,"23":0,"24":0,"25":1,"26":0,"27":0,"28":0,"29":0,"30":0,"31":0,"32":0,"33":0,"34":0,"35":0,"36":0,"37":0,"38":0,"39":0,"40":0,"41":0,"42":0,"43":0,"44":0,"45":0,"46":0,"47":0,"48":0,"49":0,"50":0,"51":0,"52":0,"53":1,"54":0,"55":0,"56":0,"57":0,"58":1,"59":0,"60":0,"61":0,"62":0,"63":0,"64":0,"65":0,"66":1,"67":0,"68":0,"69":0,"70":0,"71":0,"72":0,"73":0,"74":0,"75":0,"76":0,"77":0,"78":0,"79":0,"80":0,"81":0,"82":0,"83":0,"84":0,"85":0,"86":0,"87":0,"88":0,"89":0,"90":0,"91":0,"92":0,"93":0,"94":0,"95":1,"96":0,"97":0,"98":1,"99":0,"100":0,"101":0,"102":0,"103":0,"104":1,"105":0,"106":0,"107":0,"108":0,"109":0,"110":0,"111":0,"112":1,"113":0,"114":0,"115":0,"116":0,"117":0,"118":0,"119":0,"120":0,"121":0,"122":0,"123":0,"124":0,"125":0,"126":1,"127":0,"128":1,"129":0,"130":1,"131":0,"132":1,"133":0,"134":1,"135":0,"136":1,"137":33,"138":0,"139":0,"140":0,"141":0,"142":0,"143":0,"144":1,"145":0,"146":0,"147":0,"148":0,"149":0,"150":0,"151":1,"152":1,"153":0,"154":0,"155":0,"156":0,"157":0,"158":0,"159":0,"160":0,"161":0,"162":0,"163":0,"164":0,"165":0,"166":0,"167":0,"168":0,"169":0,"170":0,"171":0,"172":0,"173":0,"174":0,"175":0,"176":0,"177":0,"178":0,"179":0,"180":0,"181":1,"182":0,"183":0,"184":1,"185":0,"186":0,"187":1,"188":0,"189":0,"190":0},"b":{"1":[0,0],"2":[0,0],"3":[0,0],"4":[0,0],"5":[0,0],"6":[0,0],"7":[0,0],"8":[0,0],"9":[0,0],"10":[0,0],"11":[0,0],"12":[0,0],"13":[0,0,0],"14":[0,0],"15":[0,0],"16":[0,0],"17":[0,0],"18":[0,0,0],"19":[0,0],"20":[0,0],"21":[0,0],"22":[0,0],"23":[0,0],"24":[0,0],"25":[0,0],"26":[0,0],"27":[0,0],"28":[0,0],"29":[0,0],"30":[0,0],"31":[0,0],"32":[0,0]},"f":{"1":0,"2":0,"3":0,"4":0,"5":0,"6":0,"7":0,"8":0,"9":0,"10":0,"11":0,"12":0,"13":0,"14":0,"15":0,"16":0,"17":0,"18":0,"19":0,"20":33,"21":0,"22":0,"23":0,"24":0,"25":0,"26":0},"fnMap":{"1":{"name":"init","line":57,"loc":{"start":{"line":57,"column":11},"end":{"line":57,"column":27}}},"2":{"name":"defaultConfiguration","line":70,"loc":{"start":{"line":70,"column":27},"end":{"line":70,"column":59}}},"3":{"name":"onmount","line":89,"loc":{"start":{"line":89,"column":19},"end":{"line":89,"column":44}}},"4":{"name":"(anonymous_4)","line":123,"loc":{"start":{"line":123,"column":9},"end":{"line":123,"column":20}}},"5":{"name":"lazyrouter","line":137,"loc":{"start":{"line":137,"column":17},"end":{"line":137,"column":39}}},"6":{"name":"handle","line":158,"loc":{"start":{"line":158,"column":13},"end":{"line":158,"column":49}}},"7":{"name":"use","line":187,"loc":{"start":{"line":187,"column":10},"end":{"line":187,"column":27}}},"8":{"name":"(anonymous_8)","line":217,"loc":{"start":{"line":217,"column":14},"end":{"line":217,"column":28}}},"9":{"name":"mounted_app","line":228,"loc":{"start":{"line":228,"column":21},"end":{"line":228,"column":58}}},"10":{"name":"(anonymous_10)","line":230,"loc":{"start":{"line":230,"column":26},"end":{"line":230,"column":41}}},"11":{"name":"route","line":254,"loc":{"start":{"line":254,"column":12},"end":{"line":254,"column":33}}},"12":{"name":"engine","line":293,"loc":{"start":{"line":293,"column":13},"end":{"line":293,"column":38}}},"13":{"name":"param","line":321,"loc":{"start":{"line":321,"column":12},"end":{"line":321,"column":37}}},"14":{"name":"set","line":352,"loc":{"start":{"line":352,"column":10},"end":{"line":352,"column":37}}},"15":{"name":"path","line":400,"loc":{"start":{"line":400,"column":11},"end":{"line":400,"column":27}}},"16":{"name":"enabled","line":421,"loc":{"start":{"line":421,"column":14},"end":{"line":421,"column":40}}},"17":{"name":"disabled","line":440,"loc":{"start":{"line":440,"column":15},"end":{"line":440,"column":42}}},"18":{"name":"enable","line":452,"loc":{"start":{"line":452,"column":13},"end":{"line":452,"column":38}}},"19":{"name":"disable","line":464,"loc":{"start":{"line":464,"column":14},"end":{"line":464,"column":40}}},"20":{"name":"(anonymous_20)","line":472,"loc":{"start":{"line":472,"column":16},"end":{"line":472,"column":32}}},"21":{"name":"(anonymous_21)","line":473,"loc":{"start":{"line":473,"column":16},"end":{"line":473,"column":30}}},"22":{"name":"all","line":497,"loc":{"start":{"line":497,"column":10},"end":{"line":497,"column":29}}},"23":{"name":"render","line":531,"loc":{"start":{"line":531,"column":13},"end":{"line":531,"column":54}}},"24":{"name":"listen","line":616,"loc":{"start":{"line":616,"column":13},"end":{"line":616,"column":31}}},"25":{"name":"logerror","line":628,"loc":{"start":{"line":628,"column":0},"end":{"line":628,"column":23}}},"26":{"name":"tryRender","line":638,"loc":{"start":{"line":638,"column":0},"end":{"line":638,"column":44}}}},"statementMap":{"1":{"start":{"line":16,"column":0},"end":{"line":16,"column":43}},"2":{"start":{"line":17,"column":0},"end":{"line":17,"column":33}},"3":{"start":{"line":18,"column":0},"end":{"line":18,"column":33}},"4":{"start":{"line":19,"column":0},"end":{"line":19,"column":46}},"5":{"start":{"line":20,"column":0},"end":{"line":20,"column":42}},"6":{"start":{"line":21,"column":0},"end":{"line":21,"column":52}},"7":{"start":{"line":22,"column":0},"end":{"line":22,"column":29}},"8":{"start":{"line":23,"column":0},"end":{"line":23,"column":27}},"9":{"start":{"line":24,"column":0},"end":{"line":24,"column":49}},"10":{"start":{"line":25,"column":0},"end":{"line":25,"column":63}},"11":{"start":{"line":26,"column":0},"end":{"line":26,"column":51}},"12":{"start":{"line":27,"column":0},"end":{"line":27,"column":43}},"13":{"start":{"line":28,"column":0},"end":{"line":28,"column":39}},"14":{"start":{"line":29,"column":0},"end":{"line":29,"column":35}},"15":{"start":{"line":30,"column":0},"end":{"line":30,"column":38}},"16":{"start":{"line":31,"column":0},"end":{"line":31,"column":45}},"17":{"start":{"line":32,"column":0},"end":{"line":32,"column":34}},"18":{"start":{"line":38,"column":0},"end":{"line":38,"column":40}},"19":{"start":{"line":45,"column":0},"end":{"line":45,"column":61}},"20":{"start":{"line":57,"column":0},"end":{"line":63,"column":2}},"21":{"start":{"line":58,"column":2},"end":{"line":58,"column":18}},"22":{"start":{"line":59,"column":2},"end":{"line":59,"column":20}},"23":{"start":{"line":60,"column":2},"end":{"line":60,"column":21}},"24":{"start":{"line":62,"column":2},"end":{"line":62,"column":30}},"25":{"start":{"line":70,"column":0},"end":{"line":127,"column":2}},"26":{"start":{"line":71,"column":2},"end":{"line":71,"column":50}},"27":{"start":{"line":74,"column":2},"end":{"line":74,"column":30}},"28":{"start":{"line":75,"column":2},"end":{"line":75,"column":27}},"29":{"start":{"line":76,"column":2},"end":{"line":76,"column":23}},"30":{"start":{"line":77,"column":2},"end":{"line":77,"column":39}},"31":{"start":{"line":78,"column":2},"end":{"line":78,"column":34}},"32":{"start":{"line":79,"column":2},"end":{"line":79,"column":33}},"33":{"start":{"line":82,"column":2},"end":{"line":85,"column":5}},"34":{"start":{"line":87,"column":2},"end":{"line":87,"column":35}},"35":{"start":{"line":89,"column":2},"end":{"line":102,"column":5}},"36":{"start":{"line":91,"column":4},"end":{"line":95,"column":5}},"37":{"start":{"line":93,"column":6},"end":{"line":93,"column":42}},"38":{"start":{"line":94,"column":6},"end":{"line":94,"column":45}},"39":{"start":{"line":98,"column":4},"end":{"line":98,"column":47}},"40":{"start":{"line":99,"column":4},"end":{"line":99,"column":49}},"41":{"start":{"line":100,"column":4},"end":{"line":100,"column":47}},"42":{"start":{"line":101,"column":4},"end":{"line":101,"column":49}},"43":{"start":{"line":105,"column":2},"end":{"line":105,"column":36}},"44":{"start":{"line":108,"column":2},"end":{"line":108,"column":23}},"45":{"start":{"line":111,"column":2},"end":{"line":111,"column":39}},"46":{"start":{"line":114,"column":2},"end":{"line":114,"column":25}},"47":{"start":{"line":115,"column":2},"end":{"line":115,"column":38}},"48":{"start":{"line":116,"column":2},"end":{"line":116,"column":46}},"49":{"start":{"line":118,"column":2},"end":{"line":120,"column":3}},"50":{"start":{"line":119,"column":4},"end":{"line":119,"column":30}},"51":{"start":{"line":122,"column":2},"end":{"line":126,"column":5}},"52":{"start":{"line":124,"column":6},"end":{"line":124,"column":137}},"53":{"start":{"line":137,"column":0},"end":{"line":147,"column":2}},"54":{"start":{"line":138,"column":2},"end":{"line":146,"column":3}},"55":{"start":{"line":139,"column":4},"end":{"line":142,"column":7}},"56":{"start":{"line":144,"column":4},"end":{"line":144,"column":57}},"57":{"start":{"line":145,"column":4},"end":{"line":145,"column":44}},"58":{"start":{"line":158,"column":0},"end":{"line":175,"column":2}},"59":{"start":{"line":159,"column":2},"end":{"line":159,"column":28}},"60":{"start":{"line":162,"column":2},"end":{"line":165,"column":5}},"61":{"start":{"line":168,"column":2},"end":{"line":172,"column":3}},"62":{"start":{"line":169,"column":4},"end":{"line":169,"column":38}},"63":{"start":{"line":170,"column":4},"end":{"line":170,"column":11}},"64":{"start":{"line":171,"column":4},"end":{"line":171,"column":11}},"65":{"start":{"line":174,"column":2},"end":{"line":174,"column":32}},"66":{"start":{"line":187,"column":0},"end":{"line":242,"column":2}},"67":{"start":{"line":188,"column":2},"end":{"line":188,"column":17}},"68":{"start":{"line":189,"column":2},"end":{"line":189,"column":17}},"69":{"start":{"line":193,"column":2},"end":{"line":205,"column":3}},"70":{"start":{"line":194,"column":4},"end":{"line":194,"column":17}},"71":{"start":{"line":196,"column":4},"end":{"line":198,"column":5}},"72":{"start":{"line":197,"column":6},"end":{"line":197,"column":19}},"73":{"start":{"line":201,"column":4},"end":{"line":204,"column":5}},"74":{"start":{"line":202,"column":6},"end":{"line":202,"column":17}},"75":{"start":{"line":203,"column":6},"end":{"line":203,"column":16}},"76":{"start":{"line":207,"column":2},"end":{"line":207,"column":51}},"77":{"start":{"line":209,"column":2},"end":{"line":211,"column":3}},"78":{"start":{"line":210,"column":4},"end":{"line":210,"column":67}},"79":{"start":{"line":214,"column":2},"end":{"line":214,"column":20}},"80":{"start":{"line":215,"column":2},"end":{"line":215,"column":28}},"81":{"start":{"line":217,"column":2},"end":{"line":239,"column":11}},"82":{"start":{"line":219,"column":4},"end":{"line":221,"column":5}},"83":{"start":{"line":220,"column":6},"end":{"line":220,"column":34}},"84":{"start":{"line":223,"column":4},"end":{"line":223,"column":37}},"85":{"start":{"line":224,"column":4},"end":{"line":224,"column":24}},"86":{"start":{"line":225,"column":4},"end":{"line":225,"column":21}},"87":{"start":{"line":228,"column":4},"end":{"line":235,"column":7}},"88":{"start":{"line":229,"column":6},"end":{"line":229,"column":25}},"89":{"start":{"line":230,"column":6},"end":{"line":234,"column":9}},"90":{"start":{"line":231,"column":8},"end":{"line":231,"column":40}},"91":{"start":{"line":232,"column":8},"end":{"line":232,"column":41}},"92":{"start":{"line":233,"column":8},"end":{"line":233,"column":18}},"93":{"start":{"line":238,"column":4},"end":{"line":238,"column":27}},"94":{"start":{"line":241,"column":2},"end":{"line":241,"column":14}},"95":{"start":{"line":254,"column":0},"end":{"line":257,"column":2}},"96":{"start":{"line":255,"column":2},"end":{"line":255,"column":20}},"97":{"start":{"line":256,"column":2},"end":{"line":256,"column":34}},"98":{"start":{"line":293,"column":0},"end":{"line":307,"column":2}},"99":{"start":{"line":294,"column":2},"end":{"line":296,"column":3}},"100":{"start":{"line":295,"column":4},"end":{"line":295,"column":50}},"101":{"start":{"line":299,"column":2},"end":{"line":301,"column":10}},"102":{"start":{"line":304,"column":2},"end":{"line":304,"column":31}},"103":{"start":{"line":306,"column":2},"end":{"line":306,"column":14}},"104":{"start":{"line":321,"column":0},"end":{"line":335,"column":2}},"105":{"start":{"line":322,"column":2},"end":{"line":322,"column":20}},"106":{"start":{"line":324,"column":2},"end":{"line":330,"column":3}},"107":{"start":{"line":325,"column":4},"end":{"line":327,"column":5}},"108":{"start":{"line":326,"column":6},"end":{"line":326,"column":30}},"109":{"start":{"line":329,"column":4},"end":{"line":329,"column":16}},"110":{"start":{"line":332,"column":2},"end":{"line":332,"column":31}},"111":{"start":{"line":334,"column":2},"end":{"line":334,"column":14}},"112":{"start":{"line":352,"column":0},"end":{"line":384,"column":2}},"113":{"start":{"line":353,"column":2},"end":{"line":356,"column":3}},"114":{"start":{"line":355,"column":4},"end":{"line":355,"column":34}},"115":{"start":{"line":358,"column":2},"end":{"line":358,"column":40}},"116":{"start":{"line":361,"column":2},"end":{"line":361,"column":31}},"117":{"start":{"line":364,"column":2},"end":{"line":381,"column":3}},"118":{"start":{"line":366,"column":6},"end":{"line":366,"column":44}},"119":{"start":{"line":367,"column":6},"end":{"line":367,"column":12}},"120":{"start":{"line":369,"column":6},"end":{"line":369,"column":59}},"121":{"start":{"line":370,"column":6},"end":{"line":370,"column":12}},"122":{"start":{"line":372,"column":6},"end":{"line":372,"column":52}},"123":{"start":{"line":375,"column":6},"end":{"line":378,"column":9}},"124":{"start":{"line":380,"column":6},"end":{"line":380,"column":12}},"125":{"start":{"line":383,"column":2},"end":{"line":383,"column":14}},"126":{"start":{"line":400,"column":0},"end":{"line":404,"column":2}},"127":{"start":{"line":401,"column":2},"end":{"line":403,"column":9}},"128":{"start":{"line":421,"column":0},"end":{"line":423,"column":2}},"129":{"start":{"line":422,"column":2},"end":{"line":422,"column":36}},"130":{"start":{"line":440,"column":0},"end":{"line":442,"column":2}},"131":{"start":{"line":441,"column":2},"end":{"line":441,"column":28}},"132":{"start":{"line":452,"column":0},"end":{"line":454,"column":2}},"133":{"start":{"line":453,"column":2},"end":{"line":453,"column":33}},"134":{"start":{"line":464,"column":0},"end":{"line":466,"column":2}},"135":{"start":{"line":465,"column":2},"end":{"line":465,"column":34}},"136":{"start":{"line":472,"column":0},"end":{"line":485,"column":3}},"137":{"start":{"line":473,"column":2},"end":{"line":484,"column":4}},"138":{"start":{"line":474,"column":4},"end":{"line":477,"column":5}},"139":{"start":{"line":476,"column":6},"end":{"line":476,"column":28}},"140":{"start":{"line":479,"column":4},"end":{"line":479,"column":22}},"141":{"start":{"line":481,"column":4},"end":{"line":481,"column":41}},"142":{"start":{"line":482,"column":4},"end":{"line":482,"column":57}},"143":{"start":{"line":483,"column":4},"end":{"line":483,"column":16}},"144":{"start":{"line":497,"column":0},"end":{"line":508,"column":2}},"145":{"start":{"line":498,"column":2},"end":{"line":498,"column":20}},"146":{"start":{"line":500,"column":2},"end":{"line":500,"column":39}},"147":{"start":{"line":501,"column":2},"end":{"line":501,"column":38}},"148":{"start":{"line":503,"column":2},"end":{"line":505,"column":3}},"149":{"start":{"line":504,"column":4},"end":{"line":504,"column":41}},"150":{"start":{"line":507,"column":2},"end":{"line":507,"column":14}},"151":{"start":{"line":512,"column":0},"end":{"line":512,"column":76}},"152":{"start":{"line":531,"column":0},"end":{"line":593,"column":2}},"153":{"start":{"line":532,"column":2},"end":{"line":532,"column":25}},"154":{"start":{"line":533,"column":2},"end":{"line":533,"column":22}},"155":{"start":{"line":534,"column":2},"end":{"line":534,"column":29}},"156":{"start":{"line":535,"column":2},"end":{"line":535,"column":21}},"157":{"start":{"line":536,"column":2},"end":{"line":536,"column":25}},"158":{"start":{"line":537,"column":2},"end":{"line":537,"column":11}},"159":{"start":{"line":540,"column":2},"end":{"line":543,"column":3}},"160":{"start":{"line":541,"column":4},"end":{"line":541,"column":19}},"161":{"start":{"line":542,"column":4},"end":{"line":542,"column":14}},"162":{"start":{"line":546,"column":2},"end":{"line":546,"column":36}},"163":{"start":{"line":549,"column":2},"end":{"line":551,"column":3}},"164":{"start":{"line":550,"column":4},"end":{"line":550,"column":39}},"165":{"start":{"line":554,"column":2},"end":{"line":554,"column":29}},"166":{"start":{"line":557,"column":2},"end":{"line":559,"column":3}},"167":{"start":{"line":558,"column":4},"end":{"line":558,"column":53}},"168":{"start":{"line":562,"column":2},"end":{"line":564,"column":3}},"169":{"start":{"line":563,"column":4},"end":{"line":563,"column":23}},"170":{"start":{"line":567,"column":2},"end":{"line":589,"column":3}},"171":{"start":{"line":568,"column":4},"end":{"line":568,"column":32}},"172":{"start":{"line":570,"column":4},"end":{"line":574,"column":7}},"173":{"start":{"line":576,"column":4},"end":{"line":583,"column":5}},"174":{"start":{"line":577,"column":6},"end":{"line":579,"column":41}},"175":{"start":{"line":580,"column":6},"end":{"line":580,"column":83}},"176":{"start":{"line":581,"column":6},"end":{"line":581,"column":22}},"177":{"start":{"line":582,"column":6},"end":{"line":582,"column":23}},"178":{"start":{"line":586,"column":4},"end":{"line":588,"column":5}},"179":{"start":{"line":587,"column":6},"end":{"line":587,"column":25}},"180":{"start":{"line":592,"column":2},"end":{"line":592,"column":39}},"181":{"start":{"line":616,"column":0},"end":{"line":619,"column":2}},"182":{"start":{"line":617,"column":2},"end":{"line":617,"column":39}},"183":{"start":{"line":618,"column":2},"end":{"line":618,"column":48}},"184":{"start":{"line":628,"column":0},"end":{"line":631,"column":1}},"185":{"start":{"line":630,"column":2},"end":{"line":630,"column":77},"skip":true},"186":{"start":{"line":630,"column":34},"end":{"line":630,"column":77},"skip":true},"187":{"start":{"line":638,"column":0},"end":{"line":644,"column":1}},"188":{"start":{"line":639,"column":2},"end":{"line":643,"column":3}},"189":{"start":{"line":640,"column":4},"end":{"line":640,"column":35}},"190":{"start":{"line":642,"column":4},"end":{"line":642,"column":18}}},"branchMap":{"1":{"line":71,"type":"binary-expr","locations":[{"start":{"line":71,"column":12},"end":{"line":71,"column":32}},{"start":{"line":71,"column":36},"end":{"line":71,"column":49}}]},"2":{"line":91,"type":"if","locations":[{"start":{"line":91,"column":4},"end":{"line":91,"column":4}},{"start":{"line":91,"column":4},"end":{"line":91,"column":4}}]},"3":{"line":91,"type":"binary-expr","locations":[{"start":{"line":91,"column":8},"end":{"line":91,"column":55}},{"start":{"line":92,"column":9},"end":{"line":92,"column":64}}]},"4":{"line":118,"type":"if","locations":[{"start":{"line":118,"column":2},"end":{"line":118,"column":2}},{"start":{"line":118,"column":2},"end":{"line":118,"column":2}}]},"5":{"line":138,"type":"if","locations":[{"start":{"line":138,"column":2},"end":{"line":138,"column":2}},{"start":{"line":138,"column":2},"end":{"line":138,"column":2}}]},"6":{"line":162,"type":"binary-expr","locations":[{"start":{"line":162,"column":13},"end":{"line":162,"column":21}},{"start":{"line":162,"column":25},"end":{"line":165,"column":4}}]},"7":{"line":168,"type":"if","locations":[{"start":{"line":168,"column":2},"end":{"line":168,"column":2}},{"start":{"line":168,"column":2},"end":{"line":168,"column":2}}]},"8":{"line":193,"type":"if","locations":[{"start":{"line":193,"column":2},"end":{"line":193,"column":2}},{"start":{"line":193,"column":2},"end":{"line":193,"column":2}}]},"9":{"line":196,"type":"binary-expr","locations":[{"start":{"line":196,"column":11},"end":{"line":196,"column":29}},{"start":{"line":196,"column":33},"end":{"line":196,"column":49}}]},"10":{"line":201,"type":"if","locations":[{"start":{"line":201,"column":4},"end":{"line":201,"column":4}},{"start":{"line":201,"column":4},"end":{"line":201,"column":4}}]},"11":{"line":209,"type":"if","locations":[{"start":{"line":209,"column":2},"end":{"line":209,"column":2}},{"start":{"line":209,"column":2},"end":{"line":209,"column":2}}]},"12":{"line":219,"type":"if","locations":[{"start":{"line":219,"column":4},"end":{"line":219,"column":4}},{"start":{"line":219,"column":4},"end":{"line":219,"column":4}}]},"13":{"line":219,"type":"binary-expr","locations":[{"start":{"line":219,"column":8},"end":{"line":219,"column":11}},{"start":{"line":219,"column":15},"end":{"line":219,"column":25}},{"start":{"line":219,"column":29},"end":{"line":219,"column":36}}]},"14":{"line":294,"type":"if","locations":[{"start":{"line":294,"column":2},"end":{"line":294,"column":2}},{"start":{"line":294,"column":2},"end":{"line":294,"column":2}}]},"15":{"line":299,"type":"cond-expr","locations":[{"start":{"line":300,"column":6},"end":{"line":300,"column":15}},{"start":{"line":301,"column":6},"end":{"line":301,"column":9}}]},"16":{"line":324,"type":"if","locations":[{"start":{"line":324,"column":2},"end":{"line":324,"column":2}},{"start":{"line":324,"column":2},"end":{"line":324,"column":2}}]},"17":{"line":353,"type":"if","locations":[{"start":{"line":353,"column":2},"end":{"line":353,"column":2}},{"start":{"line":353,"column":2},"end":{"line":353,"column":2}}]},"18":{"line":364,"type":"switch","locations":[{"start":{"line":365,"column":4},"end":{"line":367,"column":12}},{"start":{"line":368,"column":4},"end":{"line":370,"column":12}},{"start":{"line":371,"column":4},"end":{"line":380,"column":12}}]},"19":{"line":401,"type":"cond-expr","locations":[{"start":{"line":402,"column":6},"end":{"line":402,"column":41}},{"start":{"line":403,"column":6},"end":{"line":403,"column":8}}]},"20":{"line":474,"type":"if","locations":[{"start":{"line":474,"column":4},"end":{"line":474,"column":4}},{"start":{"line":474,"column":4},"end":{"line":474,"column":4}}]},"21":{"line":474,"type":"binary-expr","locations":[{"start":{"line":474,"column":8},"end":{"line":474,"column":24}},{"start":{"line":474,"column":28},"end":{"line":474,"column":50}}]},"22":{"line":540,"type":"if","locations":[{"start":{"line":540,"column":2},"end":{"line":540,"column":2}},{"start":{"line":540,"column":2},"end":{"line":540,"column":2}}]},"23":{"line":549,"type":"if","locations":[{"start":{"line":549,"column":2},"end":{"line":549,"column":2}},{"start":{"line":549,"column":2},"end":{"line":549,"column":2}}]},"24":{"line":557,"type":"if","locations":[{"start":{"line":557,"column":2},"end":{"line":557,"column":2}},{"start":{"line":557,"column":2},"end":{"line":557,"column":2}}]},"25":{"line":562,"type":"if","locations":[{"start":{"line":562,"column":2},"end":{"line":562,"column":2}},{"start":{"line":562,"column":2},"end":{"line":562,"column":2}}]},"26":{"line":567,"type":"if","locations":[{"start":{"line":567,"column":2},"end":{"line":567,"column":2}},{"start":{"line":567,"column":2},"end":{"line":567,"column":2}}]},"27":{"line":576,"type":"if","locations":[{"start":{"line":576,"column":4},"end":{"line":576,"column":4}},{"start":{"line":576,"column":4},"end":{"line":576,"column":4}}]},"28":{"line":577,"type":"cond-expr","locations":[{"start":{"line":578,"column":10},"end":{"line":578,"column":114}},{"start":{"line":579,"column":10},"end":{"line":579,"column":41}}]},"29":{"line":577,"type":"binary-expr","locations":[{"start":{"line":577,"column":17},"end":{"line":577,"column":41}},{"start":{"line":577,"column":45},"end":{"line":577,"column":65}}]},"30":{"line":586,"type":"if","locations":[{"start":{"line":586,"column":4},"end":{"line":586,"column":4}},{"start":{"line":586,"column":4},"end":{"line":586,"column":4}}]},"31":{"line":630,"type":"if","locations":[{"start":{"line":630,"column":2},"end":{"line":630,"column":2},"skip":true},{"start":{"line":630,"column":2},"end":{"line":630,"column":2},"skip":true}]},"32":{"line":630,"type":"binary-expr","locations":[{"start":{"line":630,"column":48},"end":{"line":630,"column":57},"skip":true},{"start":{"line":630,"column":61},"end":{"line":630,"column":75},"skip":true}]}},"code":["/*!"," * express"," * Copyright(c) 2009-2013 TJ Holowaychuk"," * Copyright(c) 2013 Roman Shtylman"," * Copyright(c) 2014-2015 Douglas Christopher Wilson"," * MIT Licensed"," */","","'use strict';","","/**"," * Module dependencies."," * @private"," */","","var finalhandler = require('finalhandler');","var Router = require('./router');","var methods = require('methods');","var middleware = require('./middleware/init');","var query = require('./middleware/query');","var debug = require('debug')('express:application');","var View = require('./view');","var http = require('http');","var compileETag = require('./utils').compileETag;","var compileQueryParser = require('./utils').compileQueryParser;","var compileTrust = require('./utils').compileTrust;","var deprecate = require('depd')('express');","var flatten = require('array-flatten');","var merge = require('utils-merge');","var resolve = require('path').resolve;","var setPrototyeOf = require('setprototypeof')","var slice = Array.prototype.slice;","","/**"," * Application prototype."," */","","var app = exports = module.exports = {};","","/**"," * Variable for trust proxy inheritance back-compat"," * @private"," */","","var trustProxyDefaultSymbol = '@@symbol:trust_proxy_default';","","/**"," * Initialize the server."," *"," *   - setup default configuration"," *   - setup default middleware"," *   - setup route reflection methods"," *"," * @private"," */","","app.init = function init() {","  this.cache = {};","  this.engines = {};","  this.settings = {};","","  this.defaultConfiguration();","};","","/**"," * Initialize application configuration."," * @private"," */","","app.defaultConfiguration = function defaultConfiguration() {","  var env = process.env.NODE_ENV || 'development';","","  // default settings","  this.enable('x-powered-by');","  this.set('etag', 'weak');","  this.set('env', env);","  this.set('query parser', 'extended');","  this.set('subdomain offset', 2);","  this.set('trust proxy', false);","","  // trust proxy inherit back-compat","  Object.defineProperty(this.settings, trustProxyDefaultSymbol, {","    configurable: true,","    valu
[...]
req.user.mayViewFilesFrom(uid, function(yes){"," *         if (yes) {"," *           res.sendFile('/uploads/' + uid + '/' + file);"," *         } else {"," *           res.send(403, 'Sorry! you cant see that.');"," *         }"," *       });"," *     });"," *"," * @public"," */","","res.sendFile = function sendFile(path, options, callback) {","  var done = callback;","  var req = this.req;","  var res = this;","  var next = req.next;","  var opts = options || {};","","  if (!path) {","    throw new TypeError('path argument is required to res.sendFile');","  }","","  // support function as second arg","  if (typeof options === 'function') {","    done = options;","    opts = {};","  }","","  if (!opts.root && !isAbsolute(path)) {","    throw new TypeError('path must be absolute or specify root to res.sendFile');","  }","","  // create file stream","  var pathname = encodeURI(path);","  var file = send(req, pathname, opts);","","  // transfer","  sendfile(res, file, opts, function (err) {","    if (done) return done(err);","    if (err && err.code === 'EISDIR') return next();","","    // next() all but write errors","    if (err && err.code !== 'ECONNABORTED' && err.syscall !== 'write') {","      next(err);","    }","  });","};","","/**"," * Transfer the file at the given `path`."," *"," * Automatically sets the _Content-Type_ response header field."," * The callback `callback(err)` is invoked when the transfer is complete"," * or when an error occurs. Be sure to check `res.sentHeader`"," * if you wish to attempt responding, as the header and some data"," * may have already been transferred."," *"," * Options:"," *"," *   - `maxAge`   defaulting to 0 (can be string converted by `ms`)"," *   - `root`     root directory for relative filenames"," *   - `headers`  object of headers to serve with file"," *   - `dotfiles` serve dotfiles, defaulting to false; can be `\"allow\"` to send them"," *"," * Other options are passed along to `send`."," *"," * Examples:"," *"," *  The following example illustrates how `res.sendfile()` may"," *  be used as an alternative for the `static()` middleware for"," *  dynamic situations. The code backing `res.sendfile()` is actually"," *  the same code, so HTTP cache support etc is identical."," *"," *     app.get('/user/:uid/photos/:file', function(req, res){"," *       var uid = req.params.uid"," *         , file = req.params.file;"," *"," *       req.user.mayViewFilesFrom(uid, function(yes){"," *         if (yes) {"," *           res.sendfile('/uploads/' + uid + '/' + file);"," *         } else {"," *           res.send(403, 'Sorry! you cant see that.');"," *         }"," *       });"," *     });"," *"," * @public"," */","","res.sendfile = function (path, options, callback) {","  var done = callback;","  var req = this.req;","  var res = this;","  var next = req.next;","  var opts = options || {};","","  // support function as second arg","  if (typeof options === 'function') {","    done = options;","    opts = {};","  }","","  // create file stream","  var file = send(req, path, opts);","","  // transfer","  sendfile(res, file, opts, function (err) {","    if (done) return done(err);","    if (err && err.code === 'EISDIR') return next();","","    // next() all but write errors","    if (err && err.code !== 'ECONNABORT' && err.syscall !== 'write') {","      next(err);","    }","  });","};","","res.sendfile = deprecate.function(res.sendfile,","  'res.sendfile: Use res.sendFile instead');","","/**"," * Transfer the file at the given `path` as an attachment."," *"," * Optionally providing an alternate attachment `filename`,"," * and optional callback `callback(err)`. The callback is invoked"," * when the data transfer is complete, or when an error has"," * ocurred. Be sure to check `res.headersSent` if you plan to respond."," *"," * This method uses `res.sendfile()`."," *"," * @public"," */","","res.download = function download(path, filename, callback) {","  var done = callback;","  var name = filename;","","  // support function as second arg","  if (typeof filename === 'function') {","    done = filename;","    name = null;","  }","","  // set Content-Disposition when file is sent","  var headers = {","    'Content-Disposition': contentDisposition(name || path)","  };","","  // Resolve the full path for sendFile","  var fullPath = resolve(path);","","  return this.sendFile(fullPath, { headers: headers }, done);","};","","/**"," * Set _Content-Type_ response header with `type` through `mime.lookup()`"," * when it does not contain \"/\", or set the Content-Type to `type` otherwise."," *"," * Examples:"," *"," *     res.type('.html');"," *     res.type('html');"," *     res.type('json');"," *     res.type('application/json');"," *     res.type('png');"," *"," * @param {String} type"," * @return {ServerResponse} for chaining"," * @public"," */","","res.contentType =","res.type = function contentType(type) {","  var ct = type.indexOf('/') === -1","    ? mime.lookup(type)","    : type;","","  return this.set('Content-Type', ct);","};","","/**"," * Respond to the Acceptable formats using an `obj`"," * of mime-type callbacks."," *"," * This method uses `req.accepted`, an array of"," * acceptable types ordered by their quality values."," * When \"Accept\" is not present the _first_ callback"," * is invoked, otherwise the first match is used. When"," * no match is performed the server responds with"," * 406 \"Not Acceptable\"."," *"," * Content-Type is set for you, however if you choose"," * you may alter this within the callback using `res.type()`"," * or `res.set('Content-Type', ...)`."," *"," *    res.format({"," *      'text/plain': function(){"," *        res.send('hey');"," *      },"," *"," *      'text/html': function(){"," *        res.send('<p>hey</p>');"," *      },"," *"," *      'appliation/json': function(){"," *        res.send({ message: 'hey' });"," *      }"," *    });"," *"," * In addition to canonicalized MIME types you may"," * also use extnames mapped to these types:"," *"," *    res.format({"," *      text: function(){"," *        res.send('hey');"," *      },"," *"," *      html: function(){"," *        res.send('<p>hey</p>');"," *      },"," *"," *      json: function(){"," *        res.send({ message: 'hey' });"," *      }"," *    });"," *"," * By default Express passes an `Error`"," * with a `.status` of 406 to `next(err)`"," * if a match is not made. If you provide"," * a `.default` callback it will be invoked"," * instead."," *"," * @param {Object} obj"," * @return {ServerResponse} for chaining"," * @public"," */","","res.format = function(obj){","  var req = this.req;","  var next = req.next;","","  var fn = obj.default;","  if (fn) delete obj.default;","  var keys = Object.keys(obj);","","  var key = keys.length > 0","    ? req.accepts(keys)","    : false;","","  this.vary(\"Accept\");","","  if (key) {","    this.set('Content-Type', normalizeType(key).value);","    obj[key](req, this, next);","  } else if (fn) {","    fn();","  } else {","    var err = new Error('Not Acceptable');","    err.status = err.statusCode = 406;","    err.types = normalizeTypes(keys).map(function(o){ return o.value });","    next(err);","  }","","  return this;","};","","/**"," * Set _Content-Disposition_ header to _attachment_ with optional `filename`."," *"," * @param {String} filename"," * @return {ServerResponse}"," * @public"," */","","res.attachment = function attachment(filename) {","  if (filename) {","    this.type(extname(filename));","  }","","  this.set('Content-Disposition', contentDisposition(filename));","","  return this;","};","","/**"," * Append additional header `field` with value `val`."," *"," * Example:"," *"," *    res.append('Link', ['<http://localhost/>', '<http://localhost:3000/>']);"," *    res.append('Set-Cookie', 'foo=bar; Path=/; HttpOnly');"," *    res.append('Warning', '199 Miscellaneous warning');"," *"," * @param {String} field"," * @param {String|Array} val"," * @return {ServerResponse} for chaining"," * @public"," */","","res.append = function append(field, val) {","  var prev = this.get(field);","  var value = val;","","  if (prev) {","    // concat the new and prev vals","    value = Array.isArray(prev) ? prev.concat(val)","      : Array.isArray(val) ? [prev].concat(val)","      : [prev, val];","  }","","  return this.set(field, value);","};","","/**"," * Set header `field` to `val`, or pass"," * an object of header fields."," *"," * Examples:"," *"," *    res.set('Foo', ['bar', 'baz']);"," *    res.set('Accept', 'application/json');"," *    res.set({ Accept: 'text/plain', 'X-API-Key': 'tobi' });"," *"," * Aliased as `res.header()`."," *"," * @param {String|Object} field"," * @param {String|Array} val"," * @return {ServerResponse} for chaining"," * @public"," */","","res.set =","res.header = function header(field, val) {","  if (arguments.length === 2) {","    var value = Array.isArray(val)","      ? val.map(String)","      : String(val);","","    // add charset to content-type","    if (field.toLowerCase() === 'content-type' && !charsetRegExp.test(value)) {","      var charset = mime.charsets.lookup(value.split(';')[0]);","      if (charset) value += '; charset=' + charset.toLowerCase();","    }","","    this.setHeader(field, value);","  } else {","    for (var key in field) {","      this.set(key, field[key]);","    }","  }","  return this;","};","","/**"," * Get value for header `field`."," *"," * @param {String} field"," * @return {String}"," * @public"," */","","res.get = function(field){","  return this.getHeader(field);","};","","/**"," * Clear cookie `name`."," *"," * @param {String} name"," * @param {Object} [options]"," * @return {ServerResponse} for chaining"," * @public"," */","","res.clearCookie = function clearCookie(name, options) {","  var opts = merge({ expires: new Date(1), path: '/' }, options);","","  return this.cookie(name, '', opts);","};","","/**"," * Set cookie `name` to `value`, with the given `options`."," *"," * Options:"," *"," *    - `maxAge`   max-age in milliseconds, converted to `expires`"," *    - `signed`   sign the cookie"," *    - `path`     defaults to \"/\""," *"," * Examples:"," *"," *    // \"Remember Me\" for 15 minutes"," *    res.cookie('rememberme', '1', { expires: new Date(Date.now() + 900000), httpOnly: true });"," *"," *    // save as above"," *    res.cookie('rememberme', '1', { maxAge: 900000, httpOnly: true })"," *"," * @param {String} name"," * @param {String|Object} value"," * @param {Options} options"," * @return {ServerResponse} for chaining"," * @public"," */","","res.cookie = function (name, value, options) {","  var opts = merge({}, options);","  var secret = this.req.secret;","  var signed = opts.signed;","","  if (signed && !secret) {","    throw new Error('cookieParser(\"secret\") required for signed cookies');","  }","","  var val = typeof value === 'object'","    ? 'j:' + JSON.stringify(value)","    : String(value);","","  if (signed) {","    val = 's:' + sign(val, secret);","  }","","  if ('maxAge' in opts) {","    opts.expires = new Date(Date.now() + opts.maxAge);","    opts.maxAge /= 1000;","  }","","  if (opts.path == null) {","    opts.path = '/';","  }","","  this.append('Set-Cookie', cookie.serialize(name, String(val), opts));","","  return this;","};","","/**"," * Set the location header to `url`."," *"," * The given `url` can also be \"back\", which redirects"," * to the _Referrer_ or _Referer_ headers or \"/\"."," *"," * Examples:"," *"," *    res.location('/foo/bar').;"," *    res.location('http://example.com');"," *    res.location('../login');"," *"," * @param {String} url"," * @return {ServerResponse} for chaining"," * @public"," */","","res.location = function location(url) {","  var loc = url;","","  // \"back\" is an alias for the referrer","  if (url === 'back') {","    loc = this.req.get('Referrer') || '/';","  }","","  // set location","  return this.set('Location', encodeUrl(loc));","};","","/**"," * Redirect to the given `url` with optional response `status`"," * defaulting to 302."," *"," * The resulting `url` is determined by `res.location()`, so"," * it will play nicely with mounted apps, relative paths,"," * `\"back\"` etc."," *"," * Examples:"," *"," *    res.redirect('/foo/bar');"," *    res.redirect('http://example.com');"," *    res.redirect(301, 'http://example.com');"," *    res.redirect('../login'); // /blog/post/1 -> /blog/login"," *"," * @public"," */","","res.redirect = function redirect(url) {","  var address = url;","  var body;","  var status = 302;","","  // allow status / url","  if (arguments.length === 2) {","    if (typeof arguments[0] === 'number') {","      status = arguments[0];","      address = arguments[1];","    } else {","      deprecate('res.redirect(url, status): Use res.redirect(status, url) instead');","      status = arguments[1];","    }","  }","","  // Set location header","  address = this.location(address).get('Location');","","  // Support text/{plain,html} by default","  this.format({","    text: function(){","      body = statuses[status] + '. Redirecting to ' + address","    },","","    html: function(){","      var u = escapeHtml(address);","      body = '<p>' + statuses[status] + '. Redirecting to <a href=\"' + u + '\">' + u + '</a></p>'","    },","","    default: function(){","      body = '';","    }","  });","","  // Respond","  this.statusCode = status;","  this.set('Content-Length', Buffer.byteLength(body));","","  if (this.req.method === 'HEAD') {","    this.end();","  } else {","    this.end(body);","  }","};","","/**"," * Add `field` to Vary. If already present in the Vary set, then"," * this call is simply ignored."," *"," * @param {Array|String} field"," * @return {ServerResponse} for chaining"," * @public"," */","","res.vary = function(field){","  // checks for back-compat","  if (!field || (Array.isArray(field) && !field.length)) {","    deprecate('res.vary(): Provide a field name');","    return this;","  }","","  vary(this, field);","","  return this;","};","","/**"," * Render `view` with the given `options` and optional callback `fn`."," * When a callback function is given a response will _not_ be made"," * automatically, otherwise a response of _200_ and _text/html_ is given."," *"," * Options:"," *"," *  - `cache`     boolean hinting to the engine it should cache"," *  - `filename`  filename of the view being rendered"," *"," * @public"," */","","res.render = function render(view, options, callback) {","  var app = this.req.app;","  var done = callback;","  var opts = options || {};","  var req = this.req;","  var self = this;","","  // support callback function as second arg","  if (typeof options === 'function') {","    done = options;","    opts = {};","  }","","  // merge res.locals","  opts._locals = self.locals;","","  // default callback to respond","  done = done || function (err, str) {","    if (err) return req.next(err);","    self.send(str);","  };","","  // render","  app.render(view, opts, done);","};","","// pipe the send file stream","function sendfile(res, file, options, callback) {","  var done = false;","  var streaming;","","  // request aborted","  function onaborted() {","    if (done) return;","    done = true;","","    var err = new Error('Request aborted');","    err.code = 'ECONNABORTED';","    callback(err);","  }","","  // directory","  function ondirectory() {","    if (done) return;","    done = true;","","    var err = new Error('EISDIR, read');","    err.code = 'EISDIR';","    callback(err);","  }","","  // errors","  function onerror(err) {","    if (done) return;","    done = true;","    callback(err);","  }","","  // ended","  function onend() {","    if (done) return;","    done = true;","    callback();","  }","","  // file","  function onfile() {","    streaming = false;","  }","","  // finished","  function onfinish(err) {","    if (err && err.code === 'ECONNRESET') return onaborted();","    if (err) return onerror(err);","    if (done) return;","","    setImmediate(function () {","      if (streaming !== false && !done) {","        onaborted();","        return;","      }","","      if (done) return;","      done = true;","      callback();","    });","  }","","  // streaming","  function onstream() {","    streaming = true;","  }","","  file.on('directory', ondirectory);","  file.on('end', onend);","  file.on('error', onerror);","  file.on('file', onfile);","  file.on('stream', onstream);","  onFinished(res, onfinish);","","  if (options.headers) {","    // set headers on successful transfer","    file.on('headers', function headers(res) {","      var obj = options.headers;","      var keys = Object.keys(obj);","","      for (var i = 0; i < keys.length; i++) {","        var k = keys[i];","        res.setHeader(k, obj[k]);","      }","    });","  }","","  // pipe","  file.pipe(res);","}","","/**"," * Stringify JSON, like JSON.stringify, but v8 optimized."," * @private"," */","","function stringify(value, replacer, spaces) {","  // v8 checks arguments.length for optimizing simple call","  // https://bugs.chromium.org/p/v8/issues/detail?id=4730","  return replacer || spaces","    ? JSON.stringify(value, replacer, spaces)","    : JSON.stringify(value);","}",""],"l":{"15":1,"16":1,"17":1,"18":1,"19":1,"20":1,"21":1,"22":1,"23":1,"24":1,"25":1,"26":1,"27":1,"28":1,"29":1,"30":1,"31":1,"32":1,"33":1,"34":1,"41":1,"48":1,"55":1,"65":1,"66":0,"67":0,"85":1,"86":0,"87":0,"88":0,"89":0,"106":1,"107":0,"108":0,"109":0,"110":0,"111":0,"114":0,"117":0,"119":0,"120":0,"121":0,"123":0,"124":0,"125":0,"130":0,"132":0,"133":0,"136":0,"137":0,"138":0,"141":0,"144":0,"145":0,"147":0,"151":0,"152":0,"153":0,"154":0,"155":0,"158":0,"160":0,"164":0,"165":0,"166":0,"169":0,"170":0,"175":0,"176":0,"178":0,"179":0,"182":0,"183":0,"187":0,"188":0,"189":0,"190":0,"191":0,"196":0,"199":0,"200":0,"201":0,"202":0,"203":0,"206":0,"208":0,"211":0,"214":0,"229":1,"230":0,"233":0,"235":0,"236":0,"237":0,"239":0,"240":0,"241":0,"246":0,"247":0,"248":0,"249":0,"252":0,"253":0,"256":0,"271":1,"272":0,"275":0,"277":0,"278":0,"279":0,"281":0,"282":0,"283":0,"288":0,"289":0,"290":0,"291":0,"292":0,"295":0,"296":0,"297":0,"301":0,"302":0,"306":0,"307":0,"308":0,"309":0,"312":0,"315":0,"321":0,"324":0,"342":1,"343":0,"345":0,"346":0,"348":0,"392":1,"393":0,"394":0,"395":0,"396":0,"397":0,"399":0,"400":0,"404":0,"405":0,"406":0,"409":0,"410":0,"414":0,"415":0,"418":0,"419":0,"420":0,"423":0,"424":0,"470":1,"471":0,"472":0,"473":0,"474":0,"475":0,"478":0,"479":0,"480":0,"484":0,"487":0,"488":0,"489":0,"492":0,"493":0,"498":1,"514":1,"515":0,"516":0,"519":0,"520":0,"521":0,"525":0,"530":0,"532":0,"552":1,"554":0,"558":0,"618":1,"619":0,"620":0,"622":0,"623":0,"624":0,"626":0,"630":0,"632":0,"633":0,"634":0,"635":0,"636":0,"638":0,"639":0,"640":0,"641":0,"644":0,"655":1,"656":0,"657":0,"660":0,"662":0,"680":1,"681":0,"682":0,"684":0,"686":0,"691":0,"712":1,"714":0,"715":0,"720":0,"721":0,"722":0,"725":0,"727":0,"728":0,"731":0,"742":1,"743":0,"755":1,"756":0,"758":0,"785":1,"786":0,"787":0,"788":0,"790":0,"791":0,"794":0,"798":0,"799":0,"802":0,"803":0,"804":0,"807":0,"808":0,"811":0,"813":0,"833":1,"834":0,"837":0,"838":0,"842":0,"863":1,"864":0,"865":0,"866":0,"869":0,"870":0,"871":0,"872":0,"874":0,"875":0,"880":0,"883":0,"885":0,"889":0,"890":0,"894":0,"899":0,"900":0,"902":0,"903":0,"905":0,"918":1,"920":0,"921":0,"922":0,"925":0,"927":0,"943":1,"944":0,"945":0,"946":0,"947":0,"948":0,"951":0,"952":0,"953":0,"957":0,"960":0,"961":0,"962":0,"966":0,"970":1,"971":0,"972":0,"975":1,"976":0,"977":0,"979":0,"980":0,"981":0,"985":1,"986":0,"987":0,"989":0,"990":0,"991":0,"995":1,"996":0,"997":0,"998":0,"1002":1,"1003":0,"1004":0,"1005":0,"1009":1,"1010":0,"1014":1,"1015":0,"1016":0,"1017":0,"1019":0,"1020":0,"1021":0,"1022":0,"1025":0,"1026":0,"1027":0,"1032":1,"1033":0,"1036":0,"1037":0,"1038":0,"1039":0,"1040":0,"1041":0,"1043":0,"1045":0,"1046":0,"1047":0,"1049":0,"1050":0,"1051":0,"1057":0,"1065":1,"1068":0}}}