{"/home/travis/build/npmtest/node-npmtest-express/test.js":{"path":"/home/travis/build/npmtest/node-npmtest-express/test.js","s":{"1":2,"2":2,"3":2,"4":2,"5":2,"6":2,"7":2,"8":2,"9":2,"10":2,"11":2,"12":2,"13":2},"b":{"1":[2,1,1],"2":[2,1],"3":[1,1],"4":[2,1]},"f":{"1":2,"2":2,"3":2,"4":2},"fnMap":{"1":{"name":"(anonymous_1)","line":13,"loc":{"start":{"line":13,"column":1},"end":{"line":13,"column":13}}},"2":{"name":"(anonymous_2)","line":20,"loc":{"start":{"line":20,"column":5},"end":{"line":20,"column":17}}},"3":{"name":"(anonymous_3)","line":24,"loc":{"start":{"line":24,"column":9},"end":{"line":24,"column":21}}},"4":{"name":"(anonymous_4)","line":47,"loc":{"start":{"line":47,"column":5},"end":{"line":47,"column":17}}}},"statementMap":{"1":{"start":{"line":13,"column":0},"end":{"line":50,"column":5}},"2":{"start":{"line":15,"column":4},"end":{"line":15,"column":14}},"3":{"start":{"line":20,"column":4},"end":{"line":42,"column":9}},"4":{"start":{"line":22,"column":8},"end":{"line":22,"column":19}},"5":{"start":{"line":24,"column":8},"end":{"line":32,"column":13}},"6":{"start":{"line":25,"column":12},"end":{"line":30,"column":13}},"7":{"start":{"line":26,"column":16},"end":{"line":28,"column":27}},"8":{"start":{"line":31,"column":12},"end":{"line":31,"column":53}},"9":{"start":{"line":34,"column":8},"end":{"line":36,"column":21}},"10":{"start":{"line":38,"column":8},"end":{"line":39,"column":49}},"11":{"start":{"line":41,"column":8},"end":{"line":41,"column":33}},"12":{"start":{"line":47,"column":4},"end":{"line":49,"column":9}},"13":{"start":{"line":48,"column":8},"end":{"line":48,"column":15}}},"branchMap":{"1":{"line":26,"type":"binary-expr","locations":[{"start":{"line":26,"column":31},"end":{"line":26,"column":72}},{"start":{"line":27,"column":20},"end":{"line":27,"column":70}},{"start":{"line":28,"column":20},"end":{"line":28,"column":26}}]},"2":{"line":31,"type":"binary-expr","locations":[{"start":{"line":31,"column":27},"end":{"line":31,"column":39}},{"start":{"line":31,"column":43},"end":{"line":31,"column":52}}]},"3":{"line":34,"type":"cond-expr","locations":[{"start":{"line":35,"column":14},"end":{"line":35,"column":20}},{"start":{"line":36,"column":14},"end":{"line":36,"column":20}}]},"4":{"line":38,"type":"binary-expr","locations":[{"start":{"line":38,"column":38},"end":{"line":38,"column":59}},{"start":{"line":39,"column":12},"end":{"line":39,"column":31}}]}},"code":["/* istanbul instrument in package npmtest_express */","/* jslint-utility2 */","/*jslint","    bitwise: true,","    browser: true,","    maxerr: 4,","    maxlen: 100,","    node: true,","    nomen: true,","    regexp: true,","    stupid: true","*/","(function () {","    'use strict';","    var local;","","","","    // run shared js-env code - init-before","    (function () {","        // init local","        local = {};","        // init modeJs","        (function () {","            try {","                local.modeJs = typeof process.versions.node === 'string' &&","                    typeof require('http').createServer === 'function' &&","                    'node';","            } catch (ignore) {","            }","            local.modeJs = local.modeJs || 'browser';","        }());","        // init global","        local.global = local.modeJs === 'browser'","            ? window","            : global;","        // re-init local","        local = local.global.local = (local.global.utility2 ||","            require('utility2')).requireReadme();","        // init test","        local.testRunInit(local);","    }());","","","","    // run shared js-env code - function","    (function () {","        return;","    }());","}());",""],"l":{"13":2,"15":2,"20":2,"22":2,"24":2,"25":2,"26":2,"31":2,"34":2,"38":2,"41":2,"47":2,"48":2}},"/home/travis/build/npmtest/node-npmtest-express/lib.npmtest_express.js":{"path":"/home/travis/build/npmtest/node-npmtest-express/lib.npmtest_express.js","s":{"1":2,"2":2,"3":2,"4":2,"5":2,"6":2,"7":2,"8":2,"9":2,"10":0,"11":0,"12":0,"13":0,"14":0,"15":0,"16":0,"17":2,"18":2,"19":2,"20":2,"21":2,"22":2,"23":2,"24":2,"25":0,"26":2,"27":1,"28":1,"29":1,"30":1,"31":1,"32":1,"33":1,"34":1,"35":1,"36":1,"37":1,"38":1,"39":1,"40":1,"41":1,"42":1,"43":1,"44":1,"45":1,"46":1,"47":1,"48":1,"49":1,"50":1,"51":1,"52":1,"53":1,"54":1,"55":1,"56":1,"57":1,"58":1,"59":1,"60":1,"61":1,"62":2,"63":2},"b":{"1":[2,1,1],"2":[2,0],"3":[2,1,1],"4":[2,1],"5":[1,1],"6":[2,2],"7":[1,1]},"f":{"1":2,"2":2,"3":2,"4":0,"5":2,"6":0},"fnMap":{"1":{"name":"(anonymous_1)","line":13,"loc":{"start":{"line":13,"column":1},"end":{"line":13,"column":13}}},"2":{"name":"(anonymous_2)","line":21,"loc":{"start":{"line":21,"column":5},"end":{"line":21,"column":17}},"skip":true},"3":{"name":"(anonymous_3)","line":23,"loc":{"start":{"line":23,"column":9},"end":{"line":23,"column":21}},"skip":true},"4":{"name":"(anonymous_4)","line":31,"loc":{"start":{"line":31,"column":27},"end":{"line":31,"column":43}},"skip":true},"5":{"name":"(anonymous_5)","line":47,"loc":{"start":{"line":47,"column":9},"end":{"line":47,"column":21}},"skip":true},"6":{"name":"(anonymous_6)","line":65,"loc":{"start":{"line":65,"column":20},"end":{"line":65,"column":32}},"skip":true}},"statementMap":{"1":{"start":{"line":13,"column":0},"end":{"line":120,"column":5}},"2":{"start":{"line":15,"column":4},"end":{"line":15,"column":14}},"3":{"start":{"line":21,"column":4},"end":{"line":119,"column":9},"skip":true},"4":{"start":{"line":23,"column":8},"end":{"line":43,"column":13},"skip":true},"5":{"start":{"line":24,"column":12},"end":{"line":24,"column":43},"skip":true},"6":{"start":{"line":25,"column":12},"end":{"line":25,"column":71},"skip":true},"7":{"start":{"line":26,"column":12},"end":{"line":26,"column":52},"skip":true},"8":{"start":{"line":27,"column":12},"end":{"line":29,"column":13},"skip":true},"9":{"start":{"line":28,"column":16},"end":{"line":28,"column":23},"skip":true},"10":{"start":{"line":30,"column":12},"end":{"line":30,"column":41},"skip":true},"11":{"start":{"line":31,"column":12},"end":{"line":42,"column":14},"skip":true},"12":{"start":{"line":36,"column":16},"end":{"line":36,"column":61},"skip":true},"13":{"start":{"line":37,"column":16},"end":{"line":37,"column":43},"skip":true},"14":{"start":{"line":38,"column":16},"end":{"line":38,"column":55},"skip":true},"15":{"start":{"line":39,"column":16},"end":{"line":39,"column":35},"skip":true},"16":{"start":{"line":41,"column":16},"end":{"line":41,"column":28},"skip":true},"17":{"start":{"line":45,"column":8},"end":{"line":45,"column":19},"skip":true},"18":{"start":{"line":47,"column":8},"end":{"line":55,"column":13},"skip":true},"19":{"start":{"line":48,"column":12},"end":{"line":53,"column":13},"skip":true},"20":{"start":{"line":49,"column":16},"end":{"line":51,"column":27},"skip":true},"21":{"start":{"line":54,"column":12},"end":{"line":54,"column":53},"skip":true},"22":{"start":{"line":57,"column":8},"end":{"line":59,"column":21},"skip":true},"23":{"start":{"line":61,"column":8},"end":{"line":63,"column":18},"skip":true},"24":{"start":{"line":65,"column":8},"end":{"line":70,"column":10},"skip":true},"25":{"start":{"line":69,"column":12},"end":{"line":69,"column":19},"skip":true},"26":{"start":{"line":72,"column":8},"end":{"line":111,"column":9},"skip":true},"27":{"start":{"line":73,"column":12},"end":{"line":73,"column":58},"skip":true},"28":{"start":{"line":77,"column":12},"end":{"line":77,"column":45},"skip":true},"29":{"start":{"line":78,"column":12},"end":{"line":78,"column":59},"skip":true},"30":{"start":{"line":79,"column":12},"end":{"line":79,"column":47},"skip":true},"31":{"start":{"line":80,"column":12},"end":{"line":80,"column":47},"skip":true},"32":{"start":{"line":81,"column":12},"end":{"line":81,"column":51},"skip":true},"33":{"start":{"line":82,"column":12},"end":{"line":82,"column":45},"skip":true},"34":{"start":{"line":83,"column":12},"end":{"line":83,"column":43},"skip":true},"35":{"start":{"line":84,"column":12},"end":{"line":84,"column":39},"skip":true},"36":{"start":{"line":85,"column":12},"end":{"line":85,"column":45},"skip":true},"37":{"start":{"line":86,"column":12},"end":{"line":86,"column":45},"skip":true},"38":{"start":{"line":87,"column":12},"end":{"line":87,"column":37},"skip":true},"39":{"start":{"line":88,"column":12},"end":{"line":88,"column":41},"skip":true},"40":{"start":{"line":89,"column":12},"end":{"line":89,"column":43},"skip":true},"41":{"start":{"line":90,"column":12},"end":{"line":90,"column":45},"skip":true},"42":{"start":{"line":91,"column":12},"end":{"line":91,"column":39},"skip":true},"43":{"start":{"line":92,"column":12},"end":{"line":92,"column":37},"skip":true},"44":{"start":{"line":93,"column":12},"end":{"line":93,"column":41},"skip":true},"45":{"start":{"line":94,"column":12},"end":{"line":94,"column":47},"skip":true},"46":{"start":{"line":95,"column":12},"end":{"line":95,"column":49},"skip":true},"47":{"start":{"line":96,"column":12},"end":{"line":96,"column":55},"skip":true},"48":{"start":{"line":97,"column":12},"end":{"line":97,"column":49},"skip":true},"49":{"start":{"line":98,"column":12},"end":{"line":98,"column":41},"skip":true},"50":{"start":{"line":99,"column":12},"end":{"line":99,"column":45},"skip":true},"51":{"start":{"line":100,"column":12},"end":{"line":100,"column":61},"skip":true},"52":{"start":{"line":101,"column":12},"end":{"line":101,"column":45},"skip":true},"53":{"start":{"line":102,"column":12},"end":{"line":102,"column":39},"skip":true},"54":{"start":{"line":103,"column":12},"end":{"line":103,"column":39},"skip":true},"55":{"start":{"line":104,"column":12},"end":{"line":104,"column":39},"skip":true},"56":{"start":{"line":105,"column":12},"end":{"line":105,"column":41},"skip":true},"57":{"start":{"line":106,"column":12},"end":{"line":106,"column":37},"skip":true},"58":{"start":{"line":107,"column":12},"end":{"line":107,"column":37},"skip":true},"59":{"start":{"line":108,"column":12},"end":{"line":108,"column":41},"skip":true},"60":{"start":{"line":109,"column":12},"end":{"line":109,"column":35},"skip":true},"61":{"start":{"line":110,"column":12},"end":{"line":110,"column":49},"skip":true},"62":{"start":{"line":113,"column":8},"end":{"line":113,"column":52},"skip":true},"63":{"start":{"line":118,"column":8},"end":{"line":118,"column":15},"skip":true}},"branchMap":{"1":{"line":25,"type":"binary-expr","locations":[{"start":{"line":25,"column":23},"end":{"line":25,"column":49},"skip":true},{"start":{"line":25,"column":53},"end":{"line":25,"column":59},"skip":true},{"start":{"line":25,"column":64},"end":{"line":25,"column":70},"skip":true}]},"2":{"line":27,"type":"if","locations":[{"start":{"line":27,"column":12},"end":{"line":27,"column":12},"skip":true},{"start":{"line":27,"column":12},"end":{"line":27,"column":12},"skip":true}]},"3":{"line":49,"type":"binary-expr","locations":[{"start":{"line":49,"column":31},"end":{"line":49,"column":72},"skip":true},{"start":{"line":50,"column":20},"end":{"line":50,"column":70},"skip":true},{"start":{"line":51,"column":20},"end":{"line":51,"column":26},"skip":true}]},"4":{"line":54,"type":"binary-expr","locations":[{"start":{"line":54,"column":27},"end":{"line":54,"column":39},"skip":true},{"start":{"line":54,"column":43},"end":{"line":54,"column":52},"skip":true}]},"5":{"line":57,"type":"cond-expr","locations":[{"start":{"line":58,"column":14},"end":{"line":58,"column":20},"skip":true},{"start":{"line":59,"column":14},"end":{"line":59,"column":20},"skip":true}]},"6":{"line":61,"type":"binary-expr","locations":[{"start":{"line":61,"column":16},"end":{"line":61,"column":44},"skip":true},{"start":{"line":63,"column":12},"end":{"line":63,"column":17},"skip":true}]},"7":{"line":72,"type":"if","locations":[{"start":{"line":72,"column":8},"end":{"line":72,"column":8},"skip":true},{"start":{"line":72,"column":8},"end":{"line":72,"column":8},"skip":true}]}},"code":["/* istanbul instrument in package npmtest_express */","/* jslint-utility2 */","/*jslint","    bitwise: true,","    browser: true,","    maxerr: 4,","    maxlen: 100,","    node: true,","    nomen: true,","    regexp: true,","    stupid: true","*/","(function () {","    'use strict';","    var local;","","","","    // run shared js-env code - init-before","    /* istanbul ignore next */","    (function () {","        // init debug_inline","        (function () {","            var consoleError, context, key;","            context = (typeof window === \"object\" && window) || global;","            key = \"debug_inline\".replace(\"_i\", \"I\");","            if (context[key]) {","                return;","            }","            consoleError = console.error;","            context[key] = function (arg0) {","            /*","             * this function will both print arg0 to stderr and return it","             */","                // debug arguments","                context[\"_\" + key + \"Arguments\"] = arguments;","                consoleError(\"\\n\\n\" + key);","                consoleError.apply(console, arguments);","                consoleError(\"\\n\");","                // return arg0 for inspection","                return arg0;","            };","        }());","        // init local","        local = {};","        // init modeJs","        (function () {","            try {","                local.modeJs = typeof process.versions.node === 'string' &&","                    typeof require('http').createServer === 'function' &&","                    'node';","            } catch (ignore) {","            }","            local.modeJs = local.modeJs || 'browser';","        }());","        // init global","        local.global = local.modeJs === 'browser'","            ? window","            : global;","        // re-init local","        local = local.global.utility2_rollup ||","            // local.global.utility2_rollup_old || require('./assets.utility2.rollup.js') ||","            local;","        // init nop","        local.nop = function () {","        /*","         * this function will do nothing","         */","            return;","        };","        // init exports","        if (local.modeJs === 'browser') {","            local.global.utility2_npmtest_express = local;","        } else {","            // require builtins","            // local.assert = require('assert');","            local.buffer = require('buffer');","            local.child_process = require('child_process');","            local.cluster = require('cluster');","            local.console = require('console');","            local.constants = require('constants');","            local.crypto = require('crypto');","            local.dgram = require('dgram');","            local.dns = require('dns');","            local.domain = require('domain');","            local.events = require('events');","            local.fs = require('fs');","            local.http = require('http');","            local.https = require('https');","            local.module = require('module');","            local.net = require('net');","            local.os = require('os');","            local.path = require('path');","            local.process = require('process');","            local.punycode = require('punycode');","            local.querystring = require('querystring');","            local.readline = require('readline');","            local.repl = require('repl');","            local.stream = require('stream');","            local.string_decoder = require('string_decoder');","            local.timers = require('timers');","            local.tls = require('tls');","            local.tty = require('tty');","            local.url = require('url');","            local.util = require('util');","            local.v8 = require('v8');","            local.vm = require('vm');","            local.zlib = require('zlib');","            module.exports = local;","            module.exports.__dirname = __dirname;","        }","        // init lib main","        local.local = local.npmtest_express = local;","","","","        /* validateLineSortedReset */","        return;","    }());","}());",""],"l":{"13":2,"15":2,"21":2,"23":2,"24":2,"25":2,"26":2,"27":2,"28":2,"30":1,"31":1,"36":1,"37":1,"38":1,"39":1,"41":1,"45":2,"47":2,"48":2,"49":2,"54":2,"57":2,"61":2,"65":2,"69":1,"72":2,"73":1,"77":1,"78":1,"79":1,"80":1,"81":1,"82":1,"83":1,"84":1,"85":1,"86":1,"87":1,"88":1,"89":1,"90":1,"91":1,"92":1,"93":1,"94":1,"95":1,"96":1,"97":1,"98":1,"99":1,"100":1,"101":1,"102":1,"103":1,"104":1,"105":1,"106":1,"107":1,"108":1,"109":1,"110":1,"113":2,"118":2}},"/home/travis/build/npmtest/node-npmtest-express/example.js":{"path":"/home/travis/build/npmtest/node-npmtest-express/example.js","s":{"1":2,"2":2,"3":2,"4":2,"5":2,"6":2,"7":2,"8":2,"9":2,"10":2,"11":2,"12":2,"13":1,"14":2,"15":2,"16":2,"17":2,"18":2,"19":0,"20":2,"21":1,"22":1,"23":1,"24":1,"25":1,"26":0,"27":0,"28":1,"29":1,"30":2,"31":0,"32":0,"33":0,"34":1,"35":2,"36":2,"37":20,"38":20,"39":20,"40":20,"41":0,"42":20,"43":20,"44":20,"45":1,"46":3,"47":1,"48":1,"49":1,"50":1,"51":1,"52":1,"53":1,"54":1,"55":1,"56":1,"57":1,"58":1,"59":1,"60":1,"61":1,"62":1,"63":1,"64":1,"65":1,"66":1,"67":1,"68":1,"69":1,"70":1,"71":1,"72":1,"73":1,"74":1,"75":1,"76":1,"77":1,"78":1,"79":1,"80":1,"81":1,"82":1,"83":1,"84":1,"85":3,"86":3,"87":3,"88":0,"89":1,"90":1,"91":1,"92":6,"93":1,"94":2,"95":0,"96":2,"97":1,"98":1,"99":1,"100":0,"101":0,"102":0,"103":0,"104":0,"105":0,"106":0,"107":0,"108":0,"109":0,"110":0,"111":0,"112":0,"113":0,"114":0,"115":0},"b":{"1":[2,1,1],"2":[2,1],"3":[1,1],"4":[2,2],"5":[1,1],"6":[1,1],"7":[2,0],"8":[2,1,1,1,1,1],"9":[0,2,0],"10":[1,1],"11":[2,1,1],"12":[1,0],"13":[0,2],"14":[2,0,0,0,0,0,0],"15":[0,20],"16":[20,0],"17":[1,1],"18":[3,3],"19":[0,3],"20":[1,1],"21":[1,2,0,2,1],"22":[1,0],"23":[1,0],"24":[0,0],"25":[0,0],"26":[0,0],"27":[0,0],"28":[0,0],"29":[0,0]},"f":{"1":2,"2":2,"3":2,"4":2,"5":2,"6":2,"7":20,"8":20,"9":3,"10":1,"11":3,"12":6,"13":0},"fnMap":{"1":{"name":"(anonymous_1)","line":28,"loc":{"start":{"line":28,"column":1},"end":{"line":28,"column":13}}},"2":{"name":"(anonymous_2)","line":35,"loc":{"start":{"line":35,"column":5},"end":{"line":35,"column":17}}},"3":{"name":"(anonymous_3)","line":39,"loc":{"start":{"line":39,"column":9},"end":{"line":39,"column":21}}},"4":{"name":"(anonymous_4)","line":66,"loc":{"start":{"line":66,"column":31},"end":{"line":66,"column":48}},"skip":true},"5":{"name":"(anonymous_5)","line":75,"loc":{"start":{"line":75,"column":26},"end":{"line":75,"column":45}},"skip":true},"6":{"name":"(anonymous_6)","line":119,"loc":{"start":{"line":119,"column":33},"end":{"line":119,"column":48}},"skip":true},"7":{"name":"(anonymous_7)","line":121,"loc":{"start":{"line":121,"column":27},"end":{"line":121,"column":39}},"skip":true},"8":{"name":"(anonymous_8)","line":129,"loc":{"start":{"line":129,"column":59},"end":{"line":129,"column":74}},"skip":true},"9":{"name":"(anonymous_9)","line":139,"loc":{"start":{"line":139,"column":45},"end":{"line":139,"column":62}},"skip":true},"10":{"name":"(anonymous_10)","line":140,"loc":{"start":{"line":140,"column":73},"end":{"line":140,"column":92}},"skip":true},"11":{"name":"(anonymous_11)","line":196,"loc":{"start":{"line":196,"column":18},"end":{"line":196,"column":34}},"skip":true},"12":{"name":"(anonymous_12)","line":469,"loc":{"start":{"line":469,"column":47},"end":{"line":469,"column":73}},"skip":true},"13":{"name":"(anonymous_13)","line":502,"loc":{"start":{"line":502,"column":32},"end":{"line":502,"column":61}},"skip":true}},"statementMap":{"1":{"start":{"line":28,"column":0},"end":{"line":513,"column":5}},"2":{"start":{"line":30,"column":4},"end":{"line":30,"column":14}},"3":{"start":{"line":35,"column":4},"end":{"line":58,"column":9}},"4":{"start":{"line":37,"column":8},"end":{"line":37,"column":19}},"5":{"start":{"line":39,"column":8},"end":{"line":47,"column":13}},"6":{"start":{"line":40,"column":12},"end":{"line":45,"column":13}},"7":{"start":{"line":41,"column":16},"end":{"line":43,"column":27}},"8":{"start":{"line":46,"column":12},"end":{"line":46,"column":53}},"9":{"start":{"line":49,"column":8},"end":{"line":51,"column":21}},"10":{"start":{"line":53,"column":8},"end":{"line":55,"column":45}},"11":{"start":{"line":57,"column":8},"end":{"line":57,"column":35}},"12":{"start":{"line":59,"column":4},"end":{"line":512,"column":5}},"13":{"start":{"line":66,"column":8},"end":{"line":117,"column":10},"skip":true},"14":{"start":{"line":67,"column":12},"end":{"line":85,"column":13},"skip":true},"15":{"start":{"line":73,"column":16},"end":{"line":84,"column":19},"skip":true},"16":{"start":{"line":76,"column":20},"end":{"line":83,"column":21},"skip":true},"17":{"start":{"line":79,"column":24},"end":{"line":79,"column":43},"skip":true},"18":{"start":{"line":80,"column":24},"end":{"line":80,"column":30},"skip":true},"19":{"start":{"line":82,"column":24},"end":{"line":82,"column":49},"skip":true},"20":{"start":{"line":86,"column":12},"end":{"line":103,"column":13},"skip":true},"21":{"start":{"line":89,"column":16},"end":{"line":98,"column":17},"skip":true},"22":{"start":{"line":90,"column":20},"end":{"line":90,"column":88},"skip":true},"23":{"start":{"line":91,"column":20},"end":{"line":91,"column":97},"skip":true},"24":{"start":{"line":92,"column":20},"end":{"line":92,"column":42},"skip":true},"25":{"start":{"line":93,"column":20},"end":{"line":93,"column":48},"skip":true},"26":{"start":{"line":96,"column":20},"end":{"line":96,"column":86},"skip":true},"27":{"start":{"line":97,"column":20},"end":{"line":97,"column":96},"skip":true},"28":{"start":{"line":99,"column":16},"end":{"line":99,"column":22},"skip":true},"29":{"start":{"line":102,"column":16},"end":{"line":102,"column":22},"skip":true},"30":{"start":{"line":104,"column":12},"end":{"line":116,"column":13},"skip":true},"31":{"start":{"line":110,"column":16},"end":{"line":115,"column":17},"skip":true},"32":{"start":{"line":112,"column":20},"end":{"line":112,"column":78},"skip":true},"33":{"start":{"line":114,"column":20},"end":{"line":114,"column":47},"skip":true},"34":{"start":{"line":119,"column":8},"end":{"line":137,"column":11},"skip":true},"35":{"start":{"line":120,"column":12},"end":{"line":120,"column":54},"skip":true},"36":{"start":{"line":121,"column":12},"end":{"line":136,"column":14},"skip":true},"37":{"start":{"line":122,"column":16},"end":{"line":122,"column":28},"skip":true},"38":{"start":{"line":123,"column":16},"end":{"line":123,"column":69},"skip":true},"39":{"start":{"line":124,"column":16},"end":{"line":124,"column":75},"skip":true},"40":{"start":{"line":125,"column":16},"end":{"line":127,"column":17},"skip":true},"41":{"start":{"line":126,"column":20},"end":{"line":126,"column":27},"skip":true},"42":{"start":{"line":129,"column":16},"end":{"line":133,"column":36},"skip":true},"43":{"start":{"line":130,"column":20},"end":{"line":132,"column":55},"skip":true},"44":{"start":{"line":135,"column":16},"end":{"line":135,"column":57},"skip":true},"45":{"start":{"line":139,"column":8},"end":{"line":143,"column":11},"skip":true},"46":{"start":{"line":140,"column":12},"end":{"line":142,"column":15},"skip":true},"47":{"start":{"line":141,"column":16},"end":{"line":141,"column":70},"skip":true},"48":{"start":{"line":145,"column":8},"end":{"line":145,"column":31},"skip":true},"49":{"start":{"line":146,"column":8},"end":{"line":146,"column":14},"skip":true},"50":{"start":{"line":154,"column":8},"end":{"line":154,"column":31},"skip":true},"51":{"start":{"line":157,"column":8},"end":{"line":157,"column":41},"skip":true},"52":{"start":{"line":158,"column":8},"end":{"line":158,"column":55},"skip":true},"53":{"start":{"line":159,"column":8},"end":{"line":159,"column":43},"skip":true},"54":{"start":{"line":160,"column":8},"end":{"line":160,"column":43},"skip":true},"55":{"start":{"line":161,"column":8},"end":{"line":161,"column":47},"skip":true},"56":{"start":{"line":162,"column":8},"end":{"line":162,"column":41},"skip":true},"57":{"start":{"line":163,"column":8},"end":{"line":163,"column":39},"skip":true},"58":{"start":{"line":164,"column":8},"end":{"line":164,"column":35},"skip":true},"59":{"start":{"line":165,"column":8},"end":{"line":165,"column":41},"skip":true},"60":{"start":{"line":166,"column":8},"end":{"line":166,"column":41},"skip":true},"61":{"start":{"line":167,"column":8},"end":{"line":167,"column":33},"skip":true},"62":{"start":{"line":168,"column":8},"end":{"line":168,"column":37},"skip":true},"63":{"start":{"line":169,"column":8},"end":{"line":169,"column":39},"skip":true},"64":{"start":{"line":170,"column":8},"end":{"line":170,"column":41},"skip":true},"65":{"start":{"line":171,"column":8},"end":{"line":171,"column":35},"skip":true},"66":{"start":{"line":172,"column":8},"end":{"line":172,"column":33},"skip":true},"67":{"start":{"line":173,"column":8},"end":{"line":173,"column":37},"skip":true},"68":{"start":{"line":174,"column":8},"end":{"line":174,"column":43},"skip":true},"69":{"start":{"line":175,"column":8},"end":{"line":175,"column":45},"skip":true},"70":{"start":{"line":176,"column":8},"end":{"line":176,"column":51},"skip":true},"71":{"start":{"line":177,"column":8},"end":{"line":177,"column":45},"skip":true},"72":{"start":{"line":178,"column":8},"end":{"line":178,"column":37},"skip":true},"73":{"start":{"line":179,"column":8},"end":{"line":179,"column":41},"skip":true},"74":{"start":{"line":180,"column":8},"end":{"line":180,"column":57},"skip":true},"75":{"start":{"line":181,"column":8},"end":{"line":181,"column":41},"skip":true},"76":{"start":{"line":182,"column":8},"end":{"line":182,"column":35},"skip":true},"77":{"start":{"line":183,"column":8},"end":{"line":183,"column":35},"skip":true},"78":{"start":{"line":184,"column":8},"end":{"line":184,"column":35},"skip":true},"79":{"start":{"line":185,"column":8},"end":{"line":185,"column":37},"skip":true},"80":{"start":{"line":186,"column":8},"end":{"line":186,"column":33},"skip":true},"81":{"start":{"line":187,"column":8},"end":{"line":187,"column":33},"skip":true},"82":{"start":{"line":188,"column":8},"end":{"line":188,"column":37},"skip":true},"83":{"start":{"line":191,"column":8},"end":{"line":191,"column":50},"skip":true},"84":{"start":{"line":192,"column":8},"end":{"line":205,"column":11},"skip":true},"85":{"start":{"line":197,"column":12},"end":{"line":197,"column":30},"skip":true},"86":{"start":{"line":198,"column":12},"end":{"line":198,"column":66},"skip":true},"87":{"start":{"line":199,"column":12},"end":{"line":204,"column":13},"skip":true},"88":{"start":{"line":200,"column":16},"end":{"line":203,"column":18},"skip":true},"89":{"start":{"line":207,"column":8},"end":{"line":455,"column":2},"skip":true},"90":{"start":{"line":460,"column":8},"end":{"line":463,"column":36},"skip":true},"91":{"start":{"line":466,"column":8},"end":{"line":482,"column":15},"skip":true},"92":{"start":{"line":470,"column":16},"end":{"line":481,"column":17},"skip":true},"93":{"start":{"line":472,"column":20},"end":{"line":472,"column":60},"skip":true},"94":{"start":{"line":474,"column":20},"end":{"line":474,"column":45},"skip":true},"95":{"start":{"line":476,"column":20},"end":{"line":476,"column":45},"skip":true},"96":{"start":{"line":478,"column":20},"end":{"line":478,"column":35},"skip":true},"97":{"start":{"line":480,"column":20},"end":{"line":480,"column":34},"skip":true},"98":{"start":{"line":484,"column":8},"end":{"line":486,"column":9},"skip":true},"99":{"start":{"line":485,"column":12},"end":{"line":485,"column":18},"skip":true},"100":{"start":{"line":487,"column":8},"end":{"line":489,"column":54},"skip":true},"101":{"start":{"line":490,"column":8},"end":{"line":490,"column":82},"skip":true},"102":{"start":{"line":493,"column":8},"end":{"line":495,"column":9},"skip":true},"103":{"start":{"line":494,"column":12},"end":{"line":494,"column":82},"skip":true},"104":{"start":{"line":497,"column":8},"end":{"line":499,"column":9},"skip":true},"105":{"start":{"line":498,"column":12},"end":{"line":498,"column":18},"skip":true},"106":{"start":{"line":500,"column":8},"end":{"line":500,"column":54},"skip":true},"107":{"start":{"line":501,"column":8},"end":{"line":501,"column":69},"skip":true},"108":{"start":{"line":502,"column":8},"end":{"line":510,"column":36},"skip":true},"109":{"start":{"line":503,"column":12},"end":{"line":503,"column":61},"skip":true},"110":{"start":{"line":504,"column":12},"end":{"line":507,"column":13},"skip":true},"111":{"start":{"line":505,"column":16},"end":{"line":505,"column":75},"skip":true},"112":{"start":{"line":506,"column":16},"end":{"line":506,"column":23},"skip":true},"113":{"start":{"line":508,"column":12},"end":{"line":508,"column":38},"skip":true},"114":{"start":{"line":509,"column":12},"end":{"line":509,"column":27},"skip":true},"115":{"start":{"line":511,"column":8},"end":{"line":511,"column":14},"skip":true}},"branchMap":{"1":{"line":41,"type":"binary-expr","locations":[{"start":{"line":41,"column":31},"end":{"line":41,"column":72}},{"start":{"line":42,"column":20},"end":{"line":42,"column":70}},{"start":{"line":43,"column":20},"end":{"line":43,"column":26}}]},"2":{"line":46,"type":"binary-expr","locations":[{"start":{"line":46,"column":27},"end":{"line":46,"column":39}},{"start":{"line":46,"column":43},"end":{"line":46,"column":52}}]},"3":{"line":49,"type":"cond-expr","locations":[{"start":{"line":50,"column":14},"end":{"line":50,"column":20}},{"start":{"line":51,"column":14},"end":{"line":51,"column":20}}]},"4":{"line":53,"type":"binary-expr","locations":[{"start":{"line":53,"column":16},"end":{"line":53,"column":44}},{"start":{"line":53,"column":49},"end":{"line":55,"column":43}}]},"5":{"line":53,"type":"cond-expr","locations":[{"start":{"line":54,"column":14},"end":{"line":54,"column":51}},{"start":{"line":55,"column":14},"end":{"line":55,"column":43}}]},"6":{"line":59,"type":"switch","locations":[{"start":{"line":65,"column":4},"end":{"line":146,"column":14},"skip":true},{"start":{"line":152,"column":4},"end":{"line":511,"column":14},"skip":true}]},"7":{"line":67,"type":"if","locations":[{"start":{"line":67,"column":12},"end":{"line":67,"column":12},"skip":true},{"start":{"line":67,"column":12},"end":{"line":67,"column":12},"skip":true}]},"8":{"line":67,"type":"binary-expr","locations":[{"start":{"line":67,"column":16},"end":{"line":67,"column":22},"skip":true},{"start":{"line":67,"column":27},"end":{"line":67,"column":32},"skip":true},{"start":{"line":68,"column":20},"end":{"line":68,"column":39},"skip":true},{"start":{"line":69,"column":20},"end":{"line":69,"column":49},"skip":true},{"start":{"line":70,"column":20},"end":{"line":70,"column":58},"skip":true},{"start":{"line":71,"column":20},"end":{"line":71,"column":69},"skip":true}]},"9":{"line":76,"type":"switch","locations":[{"start":{"line":77,"column":20},"end":{"line":77,"column":33},"skip":true},{"start":{"line":78,"column":20},"end":{"line":80,"column":30},"skip":true},{"start":{"line":81,"column":20},"end":{"line":82,"column":49},"skip":true}]},"10":{"line":86,"type":"switch","locations":[{"start":{"line":87,"column":12},"end":{"line":99,"column":22},"skip":true},{"start":{"line":101,"column":12},"end":{"line":102,"column":22},"skip":true}]},"11":{"line":86,"type":"binary-expr","locations":[{"start":{"line":86,"column":20},"end":{"line":86,"column":25},"skip":true},{"start":{"line":86,"column":29},"end":{"line":86,"column":48},"skip":true},{"start":{"line":86,"column":52},"end":{"line":86,"column":74},"skip":true}]},"12":{"line":89,"type":"if","locations":[{"start":{"line":89,"column":16},"end":{"line":89,"column":16},"skip":true},{"start":{"line":89,"column":16},"end":{"line":89,"column":16},"skip":true}]},"13":{"line":104,"type":"if","locations":[{"start":{"line":104,"column":12},"end":{"line":104,"column":12},"skip":true},{"start":{"line":104,"column":12},"end":{"line":104,"column":12},"skip":true}]},"14":{"line":104,"type":"binary-expr","locations":[{"start":{"line":104,"column":16},"end":{"line":104,"column":61},"skip":true},{"start":{"line":104,"column":66},"end":{"line":104,"column":72},"skip":true},{"start":{"line":104,"column":77},"end":{"line":104,"column":82},"skip":true},{"start":{"line":105,"column":20},"end":{"line":105,"column":39},"skip":true},{"start":{"line":106,"column":20},"end":{"line":106,"column":49},"skip":true},{"start":{"line":107,"column":20},"end":{"line":107,"column":58},"skip":true},{"start":{"line":108,"column":20},"end":{"line":108,"column":68},"skip":true}]},"15":{"line":125,"type":"if","locations":[{"start":{"line":125,"column":16},"end":{"line":125,"column":16},"skip":true},{"start":{"line":125,"column":16},"end":{"line":125,"column":16},"skip":true}]},"16":{"line":130,"type":"cond-expr","locations":[{"start":{"line":131,"column":26},"end":{"line":131,"column":29},"skip":true},{"start":{"line":132,"column":26},"end":{"line":132,"column":54},"skip":true}]},"17":{"line":191,"type":"binary-expr","locations":[{"start":{"line":191,"column":27},"end":{"line":191,"column":43},"skip":true},{"start":{"line":191,"column":47},"end":{"line":191,"column":49},"skip":true}]},"18":{"line":198,"type":"binary-expr","locations":[{"start":{"line":198,"column":37},"end":{"line":198,"column":59},"skip":true},{"start":{"line":198,"column":63},"end":{"line":198,"column":65},"skip":true}]},"19":{"line":199,"type":"if","locations":[{"start":{"line":199,"column":12},"end":{"line":199,"column":12},"skip":true},{"start":{"line":199,"column":12},"end":{"line":199,"column":12},"skip":true}]},"20":{"line":461,"type":"binary-expr","locations":[{"start":{"line":461,"column":12},"end":{"line":461,"column":58},"skip":true},{"start":{"line":462,"column":12},"end":{"line":463,"column":35},"skip":true}]},"21":{"line":470,"type":"switch","locations":[{"start":{"line":471,"column":16},"end":{"line":472,"column":60},"skip":true},{"start":{"line":473,"column":16},"end":{"line":474,"column":45},"skip":true},{"start":{"line":475,"column":16},"end":{"line":476,"column":45},"skip":true},{"start":{"line":477,"column":16},"end":{"line":478,"column":35},"skip":true},{"start":{"line":479,"column":16},"end":{"line":480,"column":34},"skip":true}]},"22":{"line":484,"type":"if","locations":[{"start":{"line":484,"column":8},"end":{"line":484,"column":8},"skip":true},{"start":{"line":484,"column":8},"end":{"line":484,"column":8},"skip":true}]},"23":{"line":484,"type":"binary-expr","locations":[{"start":{"line":484,"column":12},"end":{"line":484,"column":35},"skip":true},{"start":{"line":484,"column":39},"end":{"line":484,"column":67},"skip":true}]},"24":{"line":488,"type":"binary-expr","locations":[{"start":{"line":488,"column":12},"end":{"line":488,"column":50},"skip":true},{"start":{"line":489,"column":12},"end":{"line":489,"column":53},"skip":true}]},"25":{"line":490,"type":"binary-expr","locations":[{"start":{"line":490,"column":43},"end":{"line":490,"column":75},"skip":true},{"start":{"line":490,"column":79},"end":{"line":490,"column":81},"skip":true}]},"26":{"line":493,"type":"if","locations":[{"start":{"line":493,"column":8},"end":{"line":493,"column":8},"skip":true},{"start":{"line":493,"column":8},"end":{"line":493,"column":8},"skip":true}]},"27":{"line":497,"type":"if","locations":[{"start":{"line":497,"column":8},"end":{"line":497,"column":8},"skip":true},{"start":{"line":497,"column":8},"end":{"line":497,"column":8},"skip":true}]},"28":{"line":500,"type":"binary-expr","locations":[{"start":{"line":500,"column":27},"end":{"line":500,"column":43},"skip":true},{"start":{"line":500,"column":47},"end":{"line":500,"column":53},"skip":true}]},"29":{"line":504,"type":"if","locations":[{"start":{"line":504,"column":12},"end":{"line":504,"column":12},"skip":true},{"start":{"line":504,"column":12},"end":{"line":504,"column":12},"skip":true}]}},"code":["/*","example.js","","this script will run a web-demo of npmtest-express","","instruction","    1. save this script as example.js","    2. run the shell command:","        $ npm install npmtest-express && PORT=8081 node example.js","    3. open a browser to http://127.0.0.1:8081 and play with the web-demo","    4. edit this script to suit your needs","*/","","","","/* istanbul instrument in package npmtest_express */","/* jslint-utility2 */","/*jslint","    bitwise: true,","    browser: true,","    maxerr: 4,","    maxlen: 100,","    node: true,","    nomen: true,","    regexp: true,","    stupid: true","*/","(function () {","    'use strict';","    var local;","","","","    // run shared js-env code - init-before","    (function () {","        // init local","        local = {};","        // init modeJs","        (function () {","            try {","                local.modeJs = typeof process.versions.node === 'string' &&","                    typeof require('http').createServer === 'function' &&","                    'node';","            } catch (ignore) {","            }","            local.modeJs = local.modeJs || 'browser';","        }());","        // init global","        local.global = local.modeJs === 'browser'","            ? window","            : global;","        // re-init local","        local = local.global.utility2_rollup || (local.modeJs === 'browser'","            ? local.global.utility2_npmtest_express","            : global.utility2_moduleExports);","        // init exports","        local.global.local = local;","    }());","    switch (local.modeJs) {","","","","    // run browser js-env code - init-test","    /* istanbul ignore next */","    case 'browser':","        local.testRunBrowser = function (event) {","            if (!event || (event &&","                    event.currentTarget &&","                    event.currentTarget.className &&","                    event.currentTarget.className.includes &&","                    event.currentTarget.className.includes('onreset'))) {","                // reset output","                Array.from(","                    document.querySelectorAll('body > .resettable')","                ).forEach(function (element) {","                    switch (element.tagName) {","                    case 'INPUT':","                    case 'TEXTAREA':","                        element.value = '';","                        break;","                    default:","                        element.textContent = '';","                    }","                });","            }","            switch (event && event.currentTarget && event.currentTarget.id) {","            case 'testRunButton1':","                // show tests","                if (document.querySelector('#testReportDiv1').style.maxHeight === '0px') {","                    local.uiAnimateSlideDown(document.querySelector('#testReportDiv1'));","                    document.querySelector('#testRunButton1').textContent = 'hide internal test';","                    local.modeTest = true;","                    local.testRunDefault(local);","                // hide tests","                } else {","                    local.uiAnimateSlideUp(document.querySelector('#testReportDiv1'));","                    document.querySelector('#testRunButton1').textContent = 'run internal test';","                }","                break;","            // custom-case","            default:","                break;","            }","            if (document.querySelector('#inputTextareaEval1') && (!event || (event &&","                    event.currentTarget &&","                    event.currentTarget.className &&","                    event.currentTarget.className.includes &&","                    event.currentTarget.className.includes('oneval')))) {","                // try to eval input-code","                try {","                    /*jslint evil: true*/","                    eval(document.querySelector('#inputTextareaEval1').value);","                } catch (errorCaught) {","                    console.error(errorCaught);","                }","            }","        };","        // log stderr and stdout to #outputTextareaStdout1","        ['error', 'log'].forEach(function (key) {","            console[key + '_original'] = console[key];","            console[key] = function () {","                var element;","                console[key + '_original'].apply(console, arguments);","                element = document.querySelector('#outputTextareaStdout1');","                if (!element) {","                    return;","                }","                // append text to #outputTextareaStdout1","                element.value += Array.from(arguments).map(function (arg) {","                    return typeof arg === 'string'","                        ? arg","                        : JSON.stringify(arg, null, 4);","                }).join(' ') + '\\n';","                // scroll textarea to bottom","                element.scrollTop = element.scrollHeight;","            };","        });","        // init event-handling","        ['change', 'click', 'keyup'].forEach(function (event) {","            Array.from(document.querySelectorAll('.on' + event)).forEach(function (element) {","                element.addEventListener(event, local.testRunBrowser);","            });","        });","        // run tests","        local.testRunBrowser();","        break;","","","","    // run node js-env code - init-test","    /* istanbul ignore next */","    case 'node':","        // init exports","        module.exports = local;","        // require builtins","        // local.assert = require('assert');","        local.buffer = require('buffer');","        local.child_process = require('child_process');","        local.cluster = require('cluster');","        local.console = require('console');","        local.constants = require('constants');","        local.crypto = require('crypto');","        local.dgram = require('dgram');","        local.dns = require('dns');","        local.domain = require('domain');","        local.events = require('events');","        local.fs = require('fs');","        local.http = require('http');","        local.https = require('https');","        local.module = require('module');","        local.net = require('net');","        local.os = require('os');","        local.path = require('path');","        local.process = require('process');","        local.punycode = require('punycode');","        local.querystring = require('querystring');","        local.readline = require('readline');","        local.repl = require('repl');","        local.stream = require('stream');","        local.string_decoder = require('string_decoder');","        local.timers = require('timers');","        local.tls = require('tls');","        local.tty = require('tty');","        local.url = require('url');","        local.util = require('util');","        local.v8 = require('v8');","        local.vm = require('vm');","        local.zlib = require('zlib');","        /* validateLineSortedReset */","        // init assets","        local.assetsDict = local.assetsDict || {};","        [","            'assets.index.template.html',","            'assets.swgg.swagger.json',","            'assets.swgg.swagger.server.json'","        ].forEach(function (file) {","            file = '/' + file;","            local.assetsDict[file] = local.assetsDict[file] || '';","            if (local.fs.existsSync(local.__dirname + file)) {","                local.assetsDict[file] = local.fs.readFileSync(","                    local.__dirname + file,","                    'utf8'","                );","            }","        });","        /* jslint-ignore-begin */","        local.assetsDict['/assets.index.template.html'] = '\\","<!doctype html>\\n\\","<html lang=\"en\">\\n\\","<head>\\n\\","<meta charset=\"UTF-8\">\\n\\","<meta name=\"viewport\" content=\"width=device-width, initial-scale=1\">\\n\\","<!-- \"assets.utility2.template.html\" -->\\n\\","<title>{{env.npm_package_name}} ({{env.npm_package_version}})</title>\\n\\","<style>\\n\\","/* jslint-utility2 */\\n\\","/*csslint\\n\\","*/\\n\\","/* jslint-ignore-begin */\\n\\","*,\\n\\","*:after,\\n\\","*:before {\\n\\","    box-sizing: border-box;\\n\\","}\\n\\","/* jslint-ignore-end */\\n\\","@keyframes uiAnimateShake {\\n\\","    0%, 50% {\\n\\","        transform: translateX(10px);\\n\\","    }\\n\\","    25%, 75% {\\n\\","        transform: translateX(-10px);\\n\\","    }\\n\\","    100% {\\n\\","        transform: translateX(0);\\n\\","    }\\n\\","}\\n\\","@keyframes uiAnimateSpin {\\n\\","    0% {\\n\\","        transform: rotate(0deg);\\n\\","    }\\n\\","    100% {\\n\\","        transform: rotate(360deg);\\n\\","    }\\n\\","}\\n\\","a {\\n\\","    overflow-wrap: break-word;\\n\\","}\\n\\","body {\\n\\","    background: #eef;\\n\\","    font-family: Arial, Helvetica, sans-serif;\\n\\","    margin: 0 40px;\\n\\","}\\n\\","body > div,\\n\\","body > pre,\\n\\","body > textarea,\\n\\","body > .button {\\n\\","    margin-bottom: 20px;\\n\\","}\\n\\","body > textarea {\\n\\","    height: 10rem;\\n\\","    width: 100%;\\n\\","}\\n\\","body > textarea[readonly] {\\n\\","    background: #ddd;\\n\\","}\\n\\","body > .button {\\n\\","    width: 20rem;\\n\\","}\\n\\","code,\\n\\","pre,\\n\\","textarea {\\n\\","    font-family: Consolas, Menlo, monospace;\\n\\","    font-size: small;\\n\\","}\\n\\","pre {\\n\\","    overflow-wrap: break-word;\\n\\","    white-space: pre-wrap;\\n\\","}\\n\\","textarea {\\n\\","    overflow: auto;\\n\\","    white-space: pre;\\n\\","}\\n\\",".button {\\n\\","    background-color: #fff;\\n\\","    border: 1px solid;\\n\\","    border-bottom-color: rgb(186, 186, 186);\\n\\","    border-left-color: rgb(209, 209, 209);\\n\\","    border-radius: 4px;\\n\\","    border-right-color: rgb(209, 209, 209);\\n\\","    border-top-color: rgb(216, 216, 216);\\n\\","    color: #00d;\\n\\","    cursor: pointer;\\n\\","    display: inline-block;\\n\\","    font-family: Arial, Helvetica, sans-serif;\\n\\","    font-size: 12px;\\n\\","    font-style: normal;\\n\\","    font-weight: normal;\\n\\","    margin: 0;\\n\\","    padding: 2px 7px 3px 7px;\\n\\","    text-align: center;\\n\\","    text-decoration: underline;\\n\\","}\\n\\",".colorError {\\n\\","    color: #d00;\\n\\","}\\n\\",".uiAnimateShake {\\n\\","    animation-duration: 500ms;\\n\\","    animation-name: uiAnimateShake;\\n\\","}\\n\\",".uiAnimateSlide {\\n\\","    overflow-y: hidden;\\n\\","    transition: max-height ease-in 250ms, min-height ease-in 250ms, padding-bottom ease-in 250ms, padding-top ease-in 250ms;\\n\\","}\\n\\",".utility2FooterDiv {\\n\\","    text-align: center;\\n\\","}\\n\\",".zeroPixel {\\n\\","    border: 0;\\n\\","    height: 0;\\n\\","    margin: 0;\\n\\","    padding: 0;\\n\\","    width: 0;\\n\\","}\\n\\","</style>\\n\\","</head>\\n\\","<body>\\n\\","<div id=\"ajaxProgressDiv1\" style=\"background: #d00; height: 2px; left: 0; margin: 0; padding: 0; position: fixed; top: 0; transition: background 500ms, width 1500ms; width: 0%; z-index: 1;\"></div>\\n\\","<div class=\"uiAnimateSpin\" style=\"animation: uiAnimateSpin 2s linear infinite; border: 5px solid #999; border-radius: 50%; border-top: 5px solid #7d7; display: none; height: 25px; vertical-align: middle; width: 25px;\"></div>\\n\\","<code style=\"display: none;\"></code><div class=\"button colorError uiAnimateShake uiAnimateSlide utility2FooterDiv zeroPixel\" style=\"display: none;\"></div><pre style=\"display: none;\"></pre><textarea readonly style=\"display: none;\"></textarea>\\n\\","<script>\\n\\","/* jslint-utility2 */\\n\\","/*jslint\\n\\","    bitwise: true,\\n\\","    browser: true,\\n\\","    maxerr: 4,\\n\\","    maxlen: 100,\\n\\","    node: true,\\n\\","    nomen: true,\\n\\","    regexp: true,\\n\\","    stupid: true\\n\\","*/\\n\\","// init timerIntervalAjaxProgressUpdate\\n\\","(function () {\\n\\","/*\\n\\"," * this function will increment the ajax-progress-bar until the webpage has loaded\\n\\"," */\\n\\","    \"use strict\";\\n\\","    var ajaxProgressDiv1,\\n\\","        ajaxProgressState,\\n\\","        ajaxProgressUpdate;\\n\\","    if (window.timerIntervalAjaxProgressUpdate) {\\n\\","        return;\\n\\","    }\\n\\","    ajaxProgressDiv1 = document.querySelector(\"#ajaxProgressDiv1\");\\n\\","    setTimeout(function () {\\n\\","        ajaxProgressDiv1.style.width = \"25%\";\\n\\","    });\\n\\","    ajaxProgressState = 0;\\n\\","    ajaxProgressUpdate = (window.local &&\\n\\","        window.local.ajaxProgressUpdate) || function () {\\n\\","        ajaxProgressDiv1.style.width = \"100%\";\\n\\","        setTimeout(function () {\\n\\","            ajaxProgressDiv1.style.background = \"transparent\";\\n\\","            setTimeout(function () {\\n\\","                ajaxProgressDiv1.style.width = \"0%\";\\n\\","            }, 500);\\n\\","        }, 1500);\\n\\","    };\\n\\","    window.timerIntervalAjaxProgressUpdate = setInterval(function () {\\n\\","        ajaxProgressState += 1;\\n\\","        ajaxProgressDiv1.style.width = Math.max(\\n\\","            100 - 75 * Math.exp(-0.125 * ajaxProgressState),\\n\\","            ajaxProgressDiv1.style.width.slice(0, -1) | 0\\n\\","        ) + \"%\";\\n\\","    }, 1000);\\n\\","    window.addEventListener(\"load\", function () {\\n\\","        clearInterval(window.timerIntervalAjaxProgressUpdate);\\n\\","        ajaxProgressUpdate();\\n\\","    });\\n\\","}());\\n\\","// init domOnEventSelectAllWithinPre\\n\\","(function () {\\n\\","/*\\n\\"," * this function will limit select-all within <pre tabIndex=\"0\"> elements\\n\\"," * https://stackoverflow.com/questions/985272/selecting-text-in-an-element-akin-to-highlighting-with-your-mouse\\n\\"," */\\n\\","    \"use strict\";\\n\\","    if (window.domOnEventSelectAllWithinPre) {\\n\\","        return;\\n\\","    }\\n\\","    window.domOnEventSelectAllWithinPre = function (event) {\\n\\","        var range, selection;\\n\\","        if (event &&\\n\\","                event.code === \"KeyA\" &&\\n\\","                (event.ctrlKey || event.metaKey) &&\\n\\","                event.target.closest(\"pre\")) {\\n\\","            range = document.createRange();\\n\\","            range.selectNodeContents(event.target.closest(\"pre\"));\\n\\","            selection = window.getSelection();\\n\\","            selection.removeAllRanges();\\n\\","            selection.addRange(range);\\n\\","            event.preventDefault();\\n\\","        }\\n\\","    };\\n\\","    document.addEventListener(\"keydown\", window.domOnEventSelectAllWithinPre);\\n\\","}());\\n\\","</script>\\n\\","<h1>\\n\\","<!-- utility2-comment\\n\\","    <a\\n\\","        {{#if env.npm_package_homepage}}\\n\\","        href=\"{{env.npm_package_homepage}}\"\\n\\","        {{/if env.npm_package_homepage}}\\n\\","        target=\"_blank\"\\n\\","    >\\n\\","utility2-comment -->\\n\\","        {{env.npm_package_name}} ({{env.npm_package_version}})\\n\\","<!-- utility2-comment\\n\\","    </a>\\n\\","utility2-comment -->\\n\\","</h1>\\n\\","<h3>{{env.npm_package_description}}</h3>\\n\\","<!-- utility2-comment\\n\\","<a class=\"button\" download href=\"assets.app.js\">download standalone app</a><br>\\n\\","<button class=\"button onclick onreset\" id=\"testRunButton1\">run internal test</button><br>\\n\\","<div class=\"uiAnimateSlide\" id=\"testReportDiv1\" style=\"border-bottom: 0; border-top: 0; margin-bottom: 0; margin-top: 0; max-height: 0; padding-bottom: 0; padding-top: 0;\"></div>\\n\\","utility2-comment -->\\n\\","\\n\\","\\n\\","\\n\\","<label>stderr and stdout</label>\\n\\","<textarea class=\"resettable\" id=\"outputTextareaStdout1\" readonly></textarea>\\n\\","<!-- utility2-comment\\n\\","{{#if isRollup}}\\n\\","<script src=\"assets.app.js\"></script>\\n\\","{{#unless isRollup}}\\n\\","utility2-comment -->\\n\\","<script src=\"assets.utility2.rollup.js\"></script>\\n\\","<script>window.utility2.onResetBefore.counter += 1;</script>\\n\\","<script src=\"jsonp.utility2.stateInit?callback=window.utility2.stateInit\"></script>\\n\\","<script src=\"assets.npmtest_express.js\"></script>\\n\\","<script src=\"assets.example.js\"></script>\\n\\","<script src=\"assets.test.js\"></script>\\n\\","<script>window.utility2.onResetBefore();</script>\\n\\","<!-- utility2-comment\\n\\","{{/if isRollup}}\\n\\","utility2-comment -->\\n\\","<div class=\"utility2FooterDiv\">\\n\\","    [ this app was created with\\n\\","    <a href=\"https://github.com/kaizhu256/node-utility2\" target=\"_blank\">utility2</a>\\n\\","    ]\\n\\","</div>\\n\\","</body>\\n\\","</html>\\n\\","';","        /* jslint-ignore-end */","        /* validateLineSortedReset */","        /* jslint-ignore-begin */","        // bug-workaround - long $npm_package_buildCustomOrg","        local.assetsDict['/assets.npmtest_express.js'] =","            local.assetsDict['/assets.npmtest_express.js'] ||","            local.fs.readFileSync(local.__dirname + '/lib.npmtest_express.js', 'utf8'","        ).replace((/^#!\\//), '// ');","        /* jslint-ignore-end */","        /* validateLineSortedReset */","        local.assetsDict['/'] =","            local.assetsDict['/assets.example.html'] =","            local.assetsDict['/assets.index.template.html']","            .replace((/\\{\\{env\\.(\\w+?)\\}\\}/g), function (match0, match1) {","                switch (match1) {","                case 'npm_package_description':","                    return 'the greatest app in the world!';","                case 'npm_package_name':","                    return 'npmtest-express';","                case 'npm_package_nameLib':","                    return 'npmtest_express';","                case 'npm_package_version':","                    return '0.0.1';","                default:","                    return match0;","                }","            });","        // init cli","        if (module !== require.main || local.global.utility2_rollup) {","            break;","        }","        local.assetsDict['/assets.example.js'] =","            local.assetsDict['/assets.example.js'] ||","            local.fs.readFileSync(__filename, 'utf8');","        local.assetsDict['/favicon.ico'] = local.assetsDict['/favicon.ico'] || '';","        // if $npm_config_timeout_exit exists,","        // then exit this process after $npm_config_timeout_exit ms","        if (Number(process.env.npm_config_timeout_exit)) {","            setTimeout(process.exit, Number(process.env.npm_config_timeout_exit));","        }","        // start server","        if (local.global.utility2_serverHttp1) {","            break;","        }","        process.env.PORT = process.env.PORT || '8081';","        console.error('server starting on port ' + process.env.PORT);","        local.http.createServer(function (request, response) {","            request.urlParsed = local.url.parse(request.url);","            if (local.assetsDict[request.urlParsed.pathname] !== undefined) {","                response.end(local.assetsDict[request.urlParsed.pathname]);","                return;","            }","            response.statusCode = 404;","            response.end();","        }).listen(process.env.PORT);","        break;","    }","}());",""],"l":{"28":2,"30":2,"35":2,"37":2,"39":2,"40":2,"41":2,"46":2,"49":2,"53":2,"57":2,"59":2,"66":1,"67":2,"73":2,"76":2,"79":2,"80":2,"82":1,"86":2,"89":1,"90":1,"91":1,"92":1,"93":1,"96":1,"97":1,"99":1,"102":1,"104":2,"110":1,"112":1,"114":1,"119":1,"120":2,"121":2,"122":20,"123":20,"124":20,"125":20,"126":1,"129":20,"130":20,"135":20,"139":1,"140":3,"141":1,"145":1,"146":1,"154":1,"157":1,"158":1,"159":1,"160":1,"161":1,"162":1,"163":1,"164":1,"165":1,"166":1,"167":1,"168":1,"169":1,"170":1,"171":1,"172":1,"173":1,"174":1,"175":1,"176":1,"177":1,"178":1,"179":1,"180":1,"181":1,"182":1,"183":1,"184":1,"185":1,"186":1,"187":1,"188":1,"191":1,"192":1,"197":3,"198":3,"199":3,"200":1,"207":1,"460":1,"466":1,"470":6,"472":1,"474":2,"476":1,"478":2,"480":1,"484":1,"485":1,"487":1,"490":1,"493":1,"494":1,"497":1,"498":1,"500":1,"501":1,"502":1,"503":1,"504":1,"505":1,"506":1,"508":1,"509":1,"511":1}},"/home/travis/build/npmtest/node-npmtest-express/node_modules/express/index.js":{"path":"/home/travis/build/npmtest/node-npmtest-express/node_modules/express/index.js","s":{"1":1},"b":{},"f":{},"fnMap":{},"statementMap":{"1":{"start":{"line":11,"column":0},"end":{"line":11,"column":42}}},"branchMap":{},"code":["/*!"," * express"," * Copyright(c) 2009-2013 TJ Holowaychuk"," * Copyright(c) 2013 Roman Shtylman"," * Copyright(c) 2014-2015 Douglas Christopher Wilson"," * MIT Licensed"," */","","'use strict';","","module.exports = require('./lib/express');",""],"l":{"11":1}},"/home/travis/build/npmtest/node-npmtest-express/node_modules/express/lib/express.js":{"path":"/home/travis/build/npmtest/node-npmtest-express/node_modules/express/lib/express.js","s":{"1":1,"2":1,"3":1,"4":1,"5":1,"6":1,"7":1,"8":1,"9":1,"10":1,"11":0,"12":0,"13":0,"14":0,"15":0,"16":0,"17":0,"18":0,"19":1,"20":1,"21":1,"22":1,"23":1,"24":1,"25":1,"26":1,"27":1,"28":1,"29":17,"30":0},"b":{},"f":{"1":0,"2":0,"3":17,"4":0},"fnMap":{"1":{"name":"createApplication","line":37,"loc":{"start":{"line":37,"column":0},"end":{"line":37,"column":29}}},"2":{"name":"(anonymous_2)","line":38,"loc":{"start":{"line":38,"column":12},"end":{"line":38,"column":37}}},"3":{"name":"(anonymous_3)","line":105,"loc":{"start":{"line":105,"column":10},"end":{"line":105,"column":26}}},"4":{"name":"(anonymous_4)","line":107,"loc":{"start":{"line":107,"column":9},"end":{"line":107,"column":21}}}},"statementMap":{"1":{"start":{"line":15,"column":0},"end":{"line":15,"column":39}},"2":{"start":{"line":16,"column":0},"end":{"line":16,"column":50}},"3":{"start":{"line":17,"column":0},"end":{"line":17,"column":41}},"4":{"start":{"line":18,"column":0},"end":{"line":18,"column":37}},"5":{"start":{"line":19,"column":0},"end":{"line":19,"column":38}},"6":{"start":{"line":20,"column":0},"end":{"line":20,"column":33}},"7":{"start":{"line":21,"column":0},"end":{"line":21,"column":31}},"8":{"start":{"line":22,"column":0},"end":{"line":22,"column":32}},"9":{"start":{"line":28,"column":0},"end":{"line":28,"column":45}},"10":{"start":{"line":37,"column":0},"end":{"line":57,"column":1}},"11":{"start":{"line":38,"column":2},"end":{"line":40,"column":4}},"12":{"start":{"line":39,"column":4},"end":{"line":39,"column":31}},"13":{"start":{"line":42,"column":2},"end":{"line":42,"column":44}},"14":{"start":{"line":43,"column":2},"end":{"line":43,"column":27}},"15":{"start":{"line":46,"column":2},"end":{"line":48,"column":4}},"16":{"start":{"line":51,"column":2},"end":{"line":53,"column":4}},"17":{"start":{"line":55,"column":2},"end":{"line":55,"column":13}},"18":{"start":{"line":56,"column":2},"end":{"line":56,"column":13}},"19":{"start":{"line":63,"column":0},"end":{"line":63,"column":28}},"20":{"start":{"line":64,"column":0},"end":{"line":64,"column":22}},"21":{"start":{"line":65,"column":0},"end":{"line":65,"column":23}},"22":{"start":{"line":71,"column":0},"end":{"line":71,"column":22}},"23":{"start":{"line":72,"column":0},"end":{"line":72,"column":24}},"24":{"start":{"line":78,"column":0},"end":{"line":78,"column":30}},"25":{"start":{"line":79,"column":0},"end":{"line":79,"column":46}},"26":{"start":{"line":80,"column":0},"end":{"line":80,"column":41}},"27":{"start":{"line":81,"column":0},"end":{"line":87,"column":1}},"28":{"start":{"line":87,"column":1},"end":{"line":112,"column":3}},"29":{"start":{"line":106,"column":2},"end":{"line":111,"column":5}},"30":{"start":{"line":108,"column":6},"end":{"line":108,"column":190}}},"branchMap":{},"code":["/*!"," * express"," * Copyright(c) 2009-2013 TJ Holowaychuk"," * Copyright(c) 2013 Roman Shtylman"," * Copyright(c) 2014-2015 Douglas Christopher Wilson"," * MIT Licensed"," */","","'use strict';","","/**"," * Module dependencies."," */","","var bodyParser = require('body-parser')","var EventEmitter = require('events').EventEmitter;","var mixin = require('merge-descriptors');","var proto = require('./application');","var Route = require('./router/route');","var Router = require('./router');","var req = require('./request');","var res = require('./response');","","/**"," * Expose `createApplication()`."," */","","exports = module.exports = createApplication;","","/**"," * Create an express application."," *"," * @return {Function}"," * @api public"," */","","function createApplication() {","  var app = function(req, res, next) {","    app.handle(req, res, next);","  };","","  mixin(app, EventEmitter.prototype, false);","  mixin(app, proto, false);","","  // expose the prototype that will get set on requests","  app.request = Object.create(req, {","    app: { configurable: true, enumerable: true, writable: true, value: app }","  })","","  // expose the prototype that will get set on responses","  app.response = Object.create(res, {","    app: { configurable: true, enumerable: true, writable: true, value: app }","  })","","  app.init();","  return app;","}","","/**"," * Expose the prototypes."," */","","exports.application = proto;","exports.request = req;","exports.response = res;","","/**"," * Expose constructors."," */","","exports.Route = Route;","exports.Router = Router;","","/**"," * Expose middleware"," */","","exports.json = bodyParser.json","exports.query = require('./middleware/query');","exports.static = require('serve-static');","exports.urlencoded = bodyParser.urlencoded","","/**"," * Replace removed middleware with an appropriate error message."," */","",";[","  'bodyParser',","  'compress',","  'cookieSession',","  'session',","  'logger',","  'cookieParser',","  'favicon',","  'responseTime',","  'errorHandler',","  'timeout',","  'methodOverride',","  'vhost',","  'csrf',","  'directory',","  'limit',","  'multipart',","  'staticCache',","].forEach(function (name) {","  Object.defineProperty(exports, name, {","    get: function () {","      throw new Error('Most middleware (like ' + name + ') is no longer bundled with Express and must be installed separately. Please see https://github.com/senchalabs/connect#middleware.');","    },","    configurable: true","  });","});",""],"l":{"15":1,"16":1,"17":1,"18":1,"19":1,"20":1,"21":1,"22":1,"28":1,"37":1,"38":0,"39":0,"42":0,"43":0,"46":0,"51":0,"55":0,"56":0,"63":1,"64":1,"65":1,"71":1,"72":1,"78":1,"79":1,"80":1,"81":1,"87":1,"106":17,"108":0}},"/home/travis/build/npmtest/node-npmtest-express/node_modules/express/lib/application.js":{"path":"/home/travis/build/npmtest/node-npmtest-express/node_modules/express/lib/application.js","s":{"1":1,"2":1,"3":1,"4":1,"5":1,"6":1,"7":1,"8":1,"9":1,"10":1,"11":1,"12":1,"13":1,"14":1,"15":1,"16":1,"17":1,"18":1,"19":1,"20":1,"21":0,"22":0,"23":0,"24":0,"25":1,"26":0,"27":0,"28":0,"29":0,"30":0,"31":0,"32":0,"33":0,"34":0,"35":0,"36":0,"37":0,"38":0,"39":0,"40":0,"41":0,"42":0,"43":0,"44":0,"45":0,"46":0,"47":0,"48":0,"49":0,"50":0,"51":0,"52":0,"53":1,"54":0,"55":0,"56":0,"57":0,"58":1,"59":0,"60":0,"61":0,"62":0,"63":0,"64":0,"65":0,"66":1,"67":0,"68":0,"69":0,"70":0,"71":0,"72":0,"73":0,"74":0,"75":0,"76":0,"77":0,"78":0,"79":0,"80":0,"81":0,"82":0,"83":0,"84":0,"85":0,"86":0,"87":0,"88":0,"89":0,"90":0,"91":0,"92":0,"93":0,"94":0,"95":1,"96":0,"97":0,"98":1,"99":0,"100":0,"101":0,"102":0,"103":0,"104":1,"105":0,"106":0,"107":0,"108":0,"109":0,"110":0,"111":0,"112":1,"113":0,"114":0,"115":0,"116":0,"117":0,"118":0,"119":0,"120":0,"121":0,"122":0,"123":0,"124":0,"125":0,"126":1,"127":0,"128":1,"129":0,"130":1,"131":0,"132":1,"133":0,"134":1,"135":0,"136":1,"137":34,"138":0,"139":0,"140":0,"141":0,"142":0,"143":0,"144":1,"145":0,"146":0,"147":0,"148":0,"149":0,"150":0,"151":1,"152":1,"153":0,"154":0,"155":0,"156":0,"157":0,"158":0,"159":0,"160":0,"161":0,"162":0,"163":0,"164":0,"165":0,"166":0,"167":0,"168":0,"169":0,"170":0,"171":0,"172":0,"173":0,"174":0,"175":0,"176":0,"177":0,"178":0,"179":0,"180":0,"181":1,"182":0,"183":0,"184":1,"185":0,"186":0,"187":1,"188":0,"189":0,"190":0},"b":{"1":[0,0],"2":[0,0],"3":[0,0],"4":[0,0],"5":[0,0],"6":[0,0],"7":[0,0],"8":[0,0],"9":[0,0],"10":[0,0],"11":[0,0],"12":[0,0],"13":[0,0,0],"14":[0,0],"15":[0,0],"16":[0,0],"17":[0,0],"18":[0,0,0],"19":[0,0],"20":[0,0],"21":[0,0],"22":[0,0],"23":[0,0],"24":[0,0],"25":[0,0],"26":[0,0],"27":[0,0],"28":[0,0],"29":[0,0],"30":[0,0],"31":[0,0],"32":[0,0]},"f":{"1":0,"2":0,"3":0,"4":0,"5":0,"6":0,"7":0,"8":0,"9":0,"10":0,"11":0,"12":0,"13":0,"14":0,"15":0,"16":0,"17":0,"18":0,"19":0,"20":34,"21":0,"22":0,"23":0,"24":0,"25":0,"26":0},"fnMap":{"1":{"name":"init","line":57,"loc":{"start":{"line":57,"column":11},"end":{"line":57,"column":27}}},"2":{"name":"defaultConfiguration","line":70,"loc":{"start":{"line":70,"column":27},"end":{"line":70,"column":59}}},"3":{"name":"onmount","line":89,"loc":{"start":{"line":89,"column":19},"end":{"line":89,"column":44}}},"4":{"name":"(anonymous_4)","line":123,"loc":{"start":{"line":123,"column":9},"end":{"line":123,"column":20}}},"5":{"name":"lazyrouter","line":137,"loc":{"start":{"line":137,"column":17},"end":{"line":137,"column":39}}},"6":{"name":"handle","line":158,"loc":{"start":{"line":158,"column":13},"end":{"line":158,"column":49}}},"7":{"name":"use","line":187,"loc":{"start":{"line":187,"column":10},"end":{"line":187,"column":27}}},"8":{"name":"(anonymous_8)","line":217,"loc":{"start":{"line":217,"column":14},"end":{"line":217,"column":28}}},"9":{"name":"mounted_app","line":228,"loc":{"start":{"line":228,"column":21},"end":{"line":228,"column":58}}},"10":{"name":"(anonymous_10)","line":230,"loc":{"start":{"line":230,"column":26},"end":{"line":230,"column":41}}},"11":{"name":"route","line":254,"loc":{"start":{"line":254,"column":12},"end":{"line":254,"column":33}}},"12":{"name":"engine","line":293,"loc":{"start":{"line":293,"column":13},"end":{"line":293,"column":38}}},"13":{"name":"param","line":321,"loc":{"start":{"line":321,"column":12},"end":{"line":321,"column":37}}},"14":{"name":"set","line":352,"loc":{"start":{"line":352,"column":10},"end":{"line":352,"column":37}}},"15":{"name":"path","line":400,"loc":{"start":{"line":400,"column":11},"end":{"line":400,"column":27}}},"16":{"name":"enabled","line":421,"loc":{"start":{"line":421,"column":14},"end":{"line":421,"column":40}}},"17":{"name":"disabled","line":440,"loc":{"start":{"line":440,"column":15},"end":{"line":440,"column":42}}},"18":{"name":"enable","line":452,"loc":{"start":{"line":452,"column":13},"end":{"line":452,"column":38}}},"19":{"name":"disable","line":464,"loc":{"start":{"line":464,"column":14},"end":{"line":464,"column":40}}},"20":{"name":"(anonymous_20)","line":472,"loc":{"start":{"line":472,"column":16},"end":{"line":472,"column":32}}},"21":{"name":"(anonymous_21)","line":473,"loc":{"start":{"line":473,"column":16},"end":{"line":473,"column":30}}},"22":{"name":"all","line":497,"loc":{"start":{"line":497,"column":10},"end":{"line":497,"column":29}}},"23":{"name":"render","line":531,"loc":{"start":{"line":531,"column":13},"end":{"line":531,"column":54}}},"24":{"name":"listen","line":616,"loc":{"start":{"line":616,"column":13},"end":{"line":616,"column":31}}},"25":{"name":"logerror","line":628,"loc":{"start":{"line":628,"column":0},"end":{"line":628,"column":23}}},"26":{"name":"tryRender","line":638,"loc":{"start":{"line":638,"column":0},"end":{"line":638,"column":44}}}},"statementMap":{"1":{"start":{"line":16,"column":0},"end":{"line":16,"column":43}},"2":{"start":{"line":17,"column":0},"end":{"line":17,"column":33}},"3":{"start":{"line":18,"column":0},"end":{"line":18,"column":33}},"4":{"start":{"line":19,"column":0},"end":{"line":19,"column":46}},"5":{"start":{"line":20,"column":0},"end":{"line":20,"column":42}},"6":{"start":{"line":21,"column":0},"end":{"line":21,"column":52}},"7":{"start":{"line":22,"column":0},"end":{"line":22,"column":29}},"8":{"start":{"line":23,"column":0},"end":{"line":23,"column":27}},"9":{"start":{"line":24,"column":0},"end":{"line":24,"column":49}},"10":{"start":{"line":25,"column":0},"end":{"line":25,"column":63}},"11":{"start":{"line":26,"column":0},"end":{"line":26,"column":51}},"12":{"start":{"line":27,"column":0},"end":{"line":27,"column":43}},"13":{"start":{"line":28,"column":0},"end":{"line":28,"column":39}},"14":{"start":{"line":29,"column":0},"end":{"line":29,"column":35}},"15":{"start":{"line":30,"column":0},"end":{"line":30,"column":38}},"16":{"start":{"line":31,"column":0},"end":{"line":31,"column":46}},"17":{"start":{"line":32,"column":0},"end":{"line":32,"column":34}},"18":{"start":{"line":38,"column":0},"end":{"line":38,"column":40}},"19":{"start":{"line":45,"column":0},"end":{"line":45,"column":61}},"20":{"start":{"line":57,"column":0},"end":{"line":63,"column":2}},"21":{"start":{"line":58,"column":2},"end":{"line":58,"column":18}},"22":{"start":{"line":59,"column":2},"end":{"line":59,"column":20}},"23":{"start":{"line":60,"column":2},"end":{"line":60,"column":21}},"24":{"start":{"line":62,"column":2},"end":{"line":62,"column":30}},"25":{"start":{"line":70,"column":0},"end":{"line":127,"column":2}},"26":{"start":{"line":71,"column":2},"end":{"line":71,"column":50}},"27":{"start":{"line":74,"column":2},"end":{"line":74,"column":30}},"28":{"start":{"line":75,"column":2},"end":{"line":75,"column":27}},"29":{"start":{"line":76,"column":2},"end":{"line":76,"column":23}},"30":{"start":{"line":77,"column":2},"end":{"line":77,"column":39}},"31":{"start":{"line":78,"column":2},"end":{"line":78,"column":34}},"32":{"start":{"line":79,"column":2},"end":{"line":79,"column":33}},"33":{"start":{"line":82,"column":2},"end":{"line":85,"column":5}},"34":{"start":{"line":87,"column":2},"end":{"line":87,"column":35}},"35":{"start":{"line":89,"column":2},"end":{"line":102,"column":5}},"36":{"start":{"line":91,"column":4},"end":{"line":95,"column":5}},"37":{"start":{"line":93,"column":6},"end":{"line":93,"column":42}},"38":{"start":{"line":94,"column":6},"end":{"line":94,"column":45}},"39":{"start":{"line":98,"column":4},"end":{"line":98,"column":48}},"40":{"start":{"line":99,"column":4},"end":{"line":99,"column":50}},"41":{"start":{"line":100,"column":4},"end":{"line":100,"column":48}},"42":{"start":{"line":101,"column":4},"end":{"line":101,"column":50}},"43":{"start":{"line":105,"column":2},"end":{"line":105,"column":36}},"44":{"start":{"line":108,"column":2},"end":{"line":108,"column":23}},"45":{"start":{"line":111,"column":2},"end":{"line":111,"column":39}},"46":{"start":{"line":114,"column":2},"end":{"line":114,"column":25}},"47":{"start":{"line":115,"column":2},"end":{"line":115,"column":38}},"48":{"start":{"line":116,"column":2},"end":{"line":116,"column":46}},"49":{"start":{"line":118,"column":2},"end":{"line":120,"column":3}},"50":{"start":{"line":119,"column":4},"end":{"line":119,"column":30}},"51":{"start":{"line":122,"column":2},"end":{"line":126,"column":5}},"52":{"start":{"line":124,"column":6},"end":{"line":124,"column":137}},"53":{"start":{"line":137,"column":0},"end":{"line":147,"column":2}},"54":{"start":{"line":138,"column":2},"end":{"line":146,"column":3}},"55":{"start":{"line":139,"column":4},"end":{"line":142,"column":7}},"56":{"start":{"line":144,"column":4},"end":{"line":144,"column":57}},"57":{"start":{"line":145,"column":4},"end":{"line":145,"column":44}},"58":{"start":{"line":158,"column":0},"end":{"line":175,"column":2}},"59":{"start":{"line":159,"column":2},"end":{"line":159,"column":28}},"60":{"start":{"line":162,"column":2},"end":{"line":165,"column":5}},"61":{"start":{"line":168,"column":2},"end":{"line":172,"column":3}},"62":{"start":{"line":169,"column":4},"end":{"line":169,"column":38}},"63":{"start":{"line":170,"column":4},"end":{"line":170,"column":11}},"64":{"start":{"line":171,"column":4},"end":{"line":171,"column":11}},"65":{"start":{"line":174,"column":2},"end":{"line":174,"column":32}},"66":{"start":{"line":187,"column":0},"end":{"line":242,"column":2}},"67":{"start":{"line":188,"column":2},"end":{"line":188,"column":17}},"68":{"start":{"line":189,"column":2},"end":{"line":189,"column":17}},"69":{"start":{"line":193,"column":2},"end":{"line":205,"column":3}},"70":{"start":{"line":194,"column":4},"end":{"line":194,"column":17}},"71":{"start":{"line":196,"column":4},"end":{"line":198,"column":5}},"72":{"start":{"line":197,"column":6},"end":{"line":197,"column":19}},"73":{"start":{"line":201,"column":4},"end":{"line":204,"column":5}},"74":{"start":{"line":202,"column":6},"end":{"line":202,"column":17}},"75":{"start":{"line":203,"column":6},"end":{"line":203,"column":16}},"76":{"start":{"line":207,"column":2},"end":{"line":207,"column":51}},"77":{"start":{"line":209,"column":2},"end":{"line":211,"column":3}},"78":{"start":{"line":210,"column":4},"end":{"line":210,"column":67}},"79":{"start":{"line":214,"column":2},"end":{"line":214,"column":20}},"80":{"start":{"line":215,"column":2},"end":{"line":215,"column":28}},"81":{"start":{"line":217,"column":2},"end":{"line":239,"column":11}},"82":{"start":{"line":219,"column":4},"end":{"line":221,"column":5}},"83":{"start":{"line":220,"column":6},"end":{"line":220,"column":34}},"84":{"start":{"line":223,"column":4},"end":{"line":223,"column":37}},"85":{"start":{"line":224,"column":4},"end":{"line":224,"column":24}},"86":{"start":{"line":225,"column":4},"end":{"line":225,"column":21}},"87":{"start":{"line":228,"column":4},"end":{"line":235,"column":7}},"88":{"start":{"line":229,"column":6},"end":{"line":229,"column":25}},"89":{"start":{"line":230,"column":6},"end":{"line":234,"column":9}},"90":{"start":{"line":231,"column":8},"end":{"line":231,"column":41}},"91":{"start":{"line":232,"column":8},"end":{"line":232,"column":42}},"92":{"start":{"line":233,"column":8},"end":{"line":233,"column":18}},"93":{"start":{"line":238,"column":4},"end":{"line":238,"column":27}},"94":{"start":{"line":241,"column":2},"end":{"line":241,"column":14}},"95":{"start":{"line":254,"column":0},"end":{"line":257,"column":2}},"96":{"start":{"line":255,"column":2},"end":{"line":255,"column":20}},"97":{"start":{"line":256,"column":2},"end":{"line":256,"column":34}},"98":{"start":{"line":293,"column":0},"end":{"line":307,"column":2}},"99":{"start":{"line":294,"column":2},"end":{"line":296,"column":3}},"100":{"start":{"line":295,"column":4},"end":{"line":295,"column":50}},"101":{"start":{"line":299,"column":2},"end":{"line":301,"column":10}},"102":{"start":{"line":304,"column":2},"end":{"line":304,"column":31}},"103":{"start":{"line":306,"column":2},"end":{"line":306,"column":14}},"104":{"start":{"line":321,"column":0},"end":{"line":335,"column":2}},"105":{"start":{"line":322,"column":2},"end":{"line":322,"column":20}},"106":{"start":{"line":324,"column":2},"end":{"line":330,"column":3}},"107":{"start":{"line":325,"column":4},"end":{"line":327,"column":5}},"108":{"start":{"line":326,"column":6},"end":{"line":326,"column":30}},"109":{"start":{"line":329,"column":4},"end":{"line":329,"column":16}},"110":{"start":{"line":332,"column":2},"end":{"line":332,"column":31}},"111":{"start":{"line":334,"column":2},"end":{"line":334,"column":14}},"112":{"start":{"line":352,"column":0},"end":{"line":384,"column":2}},"113":{"start":{"line":353,"column":2},"end":{"line":356,"column":3}},"114":{"start":{"line":355,"column":4},"end":{"line":355,"column":34}},"115":{"start":{"line":358,"column":2},"end":{"line":358,"column":40}},"116":{"start":{"line":361,"column":2},"end":{"line":361,"column":31}},"117":{"start":{"line":364,"column":2},"end":{"line":381,"column":3}},"118":{"start":{"line":366,"column":6},"end":{"line":366,"column":44}},"119":{"start":{"line":367,"column":6},"end":{"line":367,"column":12}},"120":{"start":{"line":369,"column":6},"end":{"line":369,"column":59}},"121":{"start":{"line":370,"column":6},"end":{"line":370,"column":12}},"122":{"start":{"line":372,"column":6},"end":{"line":372,"column":52}},"123":{"start":{"line":375,"column":6},"end":{"line":378,"column":9}},"124":{"start":{"line":380,"column":6},"end":{"line":380,"column":12}},"125":{"start":{"line":383,"column":2},"end":{"line":383,"column":14}},"126":{"start":{"line":400,"column":0},"end":{"line":404,"column":2}},"127":{"start":{"line":401,"column":2},"end":{"line":403,"column":9}},"128":{"start":{"line":421,"column":0},"end":{"line":423,"column":2}},"129":{"start":{"line":422,"column":2},"end":{"line":422,"column":36}},"130":{"start":{"line":440,"column":0},"end":{"line":442,"column":2}},"131":{"start":{"line":441,"column":2},"end":{"line":441,"column":28}},"132":{"start":{"line":452,"column":0},"end":{"line":454,"column":2}},"133":{"start":{"line":453,"column":2},"end":{"line":453,"column":33}},"134":{"start":{"line":464,"column":0},"end":{"line":466,"column":2}},"135":{"start":{"line":465,"column":2},"end":{"line":465,"column":34}},"136":{"start":{"line":472,"column":0},"end":{"line":485,"column":3}},"137":{"start":{"line":473,"column":2},"end":{"line":484,"column":4}},"138":{"start":{"line":474,"column":4},"end":{"line":477,"column":5}},"139":{"start":{"line":476,"column":6},"end":{"line":476,"column":28}},"140":{"start":{"line":479,"column":4},"end":{"line":479,"column":22}},"141":{"start":{"line":481,"column":4},"end":{"line":481,"column":41}},"142":{"start":{"line":482,"column":4},"end":{"line":482,"column":57}},"143":{"start":{"line":483,"column":4},"end":{"line":483,"column":16}},"144":{"start":{"line":497,"column":0},"end":{"line":508,"column":2}},"145":{"start":{"line":498,"column":2},"end":{"line":498,"column":20}},"146":{"start":{"line":500,"column":2},"end":{"line":500,"column":39}},"147":{"start":{"line":501,"column":2},"end":{"line":501,"column":38}},"148":{"start":{"line":503,"column":2},"end":{"line":505,"column":3}},"149":{"start":{"line":504,"column":4},"end":{"line":504,"column":41}},"150":{"start":{"line":507,"column":2},"end":{"line":507,"column":14}},"151":{"start":{"line":512,"column":0},"end":{"line":512,"column":76}},"152":{"start":{"line":531,"column":0},"end":{"line":593,"column":2}},"153":{"start":{"line":532,"column":2},"end":{"line":532,"column":25}},"154":{"start":{"line":533,"column":2},"end":{"line":533,"column":22}},"155":{"start":{"line":534,"column":2},"end":{"line":534,"column":29}},"156":{"start":{"line":535,"column":2},"end":{"line":535,"column":21}},"157":{"start":{"line":536,"column":2},"end":{"line":536,"column":25}},"158":{"start":{"line":537,"column":2},"end":{"line":537,"column":11}},"159":{"start":{"line":540,"column":2},"end":{"line":543,"column":3}},"160":{"start":{"line":541,"column":4},"end":{"line":541,"column":19}},"161":{"start":{"line":542,"column":4},"end":{"line":542,"column":14}},"162":{"start":{"line":546,"column":2},"end":{"line":546,"column":36}},"163":{"start":{"line":549,"column":2},"end":{"line":551,"column":3}},"164":{"start":{"line":550,"column":4},"end":{"line":550,"column":39}},"165":{"start":{"line":554,"column":2},"end":{"line":554,"column":29}},"166":{"start":{"line":557,"column":2},"end":{"line":559,"column":3}},"167":{"start":{"line":558,"column":4},"end":{"line":558,"column":53}},"168":{"start":{"line":562,"column":2},"end":{"line":564,"column":3}},"169":{"start":{"line":563,"column":4},"end":{"line":563,"column":23}},"170":{"start":{"line":567,"column":2},"end":{"line":589,"column":3}},"171":{"start":{"line":568,"column":4},"end":{"line":568,"column":32}},"172":{"start":{"line":570,"column":4},"end":{"line":574,"column":7}},"173":{"start":{"line":576,"column":4},"end":{"line":583,"column":5}},"174":{"start":{"line":577,"column":6},"end":{"line":579,"column":41}},"175":{"start":{"line":580,"column":6},"end":{"line":580,"column":83}},"176":{"start":{"line":581,"column":6},"end":{"line":581,"column":22}},"177":{"start":{"line":582,"column":6},"end":{"line":582,"column":23}},"178":{"start":{"line":586,"column":4},"end":{"line":588,"column":5}},"179":{"start":{"line":587,"column":6},"end":{"line":587,"column":25}},"180":{"start":{"line":592,"column":2},"end":{"line":592,"column":39}},"181":{"start":{"line":616,"column":0},"end":{"line":619,"column":2}},"182":{"start":{"line":617,"column":2},"end":{"line":617,"column":39}},"183":{"start":{"line":618,"column":2},"end":{"line":618,"column":48}},"184
[...]
h file"," *   - `dotfiles` serve dotfiles, defaulting to false; can be `\"allow\"` to send them"," *"," * Other options are passed along to `send`."," *"," * Examples:"," *"," *  The following example illustrates how `res.sendfile()` may"," *  be used as an alternative for the `static()` middleware for"," *  dynamic situations. The code backing `res.sendfile()` is actually"," *  the same code, so HTTP cache support etc is identical."," *"," *     app.get('/user/:uid/photos/:file', function(req, res){"," *       var uid = req.params.uid"," *         , file = req.params.file;"," *"," *       req.user.mayViewFilesFrom(uid, function(yes){"," *         if (yes) {"," *           res.sendfile('/uploads/' + uid + '/' + file);"," *         } else {"," *           res.send(403, 'Sorry! you cant see that.');"," *         }"," *       });"," *     });"," *"," * @public"," */","","res.sendfile = function (path, options, callback) {","  var done = callback;","  var req = this.req;","  var res = this;","  var next = req.next;","  var opts = options || {};","","  // support function as second arg","  if (typeof options === 'function') {","    done = options;","    opts = {};","  }","","  // create file stream","  var file = send(req, path, opts);","","  // transfer","  sendfile(res, file, opts, function (err) {","    if (done) return done(err);","    if (err && err.code === 'EISDIR') return next();","","    // next() all but write errors","    if (err && err.code !== 'ECONNABORT' && err.syscall !== 'write') {","      next(err);","    }","  });","};","","res.sendfile = deprecate.function(res.sendfile,","  'res.sendfile: Use res.sendFile instead');","","/**"," * Transfer the file at the given `path` as an attachment."," *"," * Optionally providing an alternate attachment `filename`,"," * and optional callback `callback(err)`. The callback is invoked"," * when the data transfer is complete, or when an error has"," * ocurred. Be sure to check `res.headersSent` if you plan to respond."," *"," * Optionally providing an `options` object to use with `res.sendFile()`."," * This function will set the `Content-Disposition` header, overriding"," * any `Content-Disposition` header passed as header options in order"," * to set the attachment and filename."," *"," * This method uses `res.sendFile()`."," *"," * @public"," */","","res.download = function download (path, filename, options, callback) {","  var done = callback;","  var name = filename;","  var opts = options || null","","  // support function as second or third arg","  if (typeof filename === 'function') {","    done = filename;","    name = null;","    opts = null","  } else if (typeof options === 'function') {","    done = options","    opts = null","  }","","  // set Content-Disposition when file is sent","  var headers = {","    'Content-Disposition': contentDisposition(name || path)","  };","","  // merge user-provided headers","  if (opts && opts.headers) {","    var keys = Object.keys(opts.headers)","    for (var i = 0; i < keys.length; i++) {","      var key = keys[i]","      if (key.toLowerCase() !== 'content-disposition') {","        headers[key] = opts.headers[key]","      }","    }","  }","","  // merge user-provided options","  opts = Object.create(opts)","  opts.headers = headers","","  // Resolve the full path for sendFile","  var fullPath = resolve(path);","","  // send file","  return this.sendFile(fullPath, opts, done)","};","","/**"," * Set _Content-Type_ response header with `type` through `mime.lookup()`"," * when it does not contain \"/\", or set the Content-Type to `type` otherwise."," *"," * Examples:"," *"," *     res.type('.html');"," *     res.type('html');"," *     res.type('json');"," *     res.type('application/json');"," *     res.type('png');"," *"," * @param {String} type"," * @return {ServerResponse} for chaining"," * @public"," */","","res.contentType =","res.type = function contentType(type) {","  var ct = type.indexOf('/') === -1","    ? mime.lookup(type)","    : type;","","  return this.set('Content-Type', ct);","};","","/**"," * Respond to the Acceptable formats using an `obj`"," * of mime-type callbacks."," *"," * This method uses `req.accepted`, an array of"," * acceptable types ordered by their quality values."," * When \"Accept\" is not present the _first_ callback"," * is invoked, otherwise the first match is used. When"," * no match is performed the server responds with"," * 406 \"Not Acceptable\"."," *"," * Content-Type is set for you, however if you choose"," * you may alter this within the callback using `res.type()`"," * or `res.set('Content-Type', ...)`."," *"," *    res.format({"," *      'text/plain': function(){"," *        res.send('hey');"," *      },"," *"," *      'text/html': function(){"," *        res.send('<p>hey</p>');"," *      },"," *"," *      'appliation/json': function(){"," *        res.send({ message: 'hey' });"," *      }"," *    });"," *"," * In addition to canonicalized MIME types you may"," * also use extnames mapped to these types:"," *"," *    res.format({"," *      text: function(){"," *        res.send('hey');"," *      },"," *"," *      html: function(){"," *        res.send('<p>hey</p>');"," *      },"," *"," *      json: function(){"," *        res.send({ message: 'hey' });"," *      }"," *    });"," *"," * By default Express passes an `Error`"," * with a `.status` of 406 to `next(err)`"," * if a match is not made. If you provide"," * a `.default` callback it will be invoked"," * instead."," *"," * @param {Object} obj"," * @return {ServerResponse} for chaining"," * @public"," */","","res.format = function(obj){","  var req = this.req;","  var next = req.next;","","  var fn = obj.default;","  if (fn) delete obj.default;","  var keys = Object.keys(obj);","","  var key = keys.length > 0","    ? req.accepts(keys)","    : false;","","  this.vary(\"Accept\");","","  if (key) {","    this.set('Content-Type', normalizeType(key).value);","    obj[key](req, this, next);","  } else if (fn) {","    fn();","  } else {","    var err = new Error('Not Acceptable');","    err.status = err.statusCode = 406;","    err.types = normalizeTypes(keys).map(function(o){ return o.value });","    next(err);","  }","","  return this;","};","","/**"," * Set _Content-Disposition_ header to _attachment_ with optional `filename`."," *"," * @param {String} filename"," * @return {ServerResponse}"," * @public"," */","","res.attachment = function attachment(filename) {","  if (filename) {","    this.type(extname(filename));","  }","","  this.set('Content-Disposition', contentDisposition(filename));","","  return this;","};","","/**"," * Append additional header `field` with value `val`."," *"," * Example:"," *"," *    res.append('Link', ['<http://localhost/>', '<http://localhost:3000/>']);"," *    res.append('Set-Cookie', 'foo=bar; Path=/; HttpOnly');"," *    res.append('Warning', '199 Miscellaneous warning');"," *"," * @param {String} field"," * @param {String|Array} val"," * @return {ServerResponse} for chaining"," * @public"," */","","res.append = function append(field, val) {","  var prev = this.get(field);","  var value = val;","","  if (prev) {","    // concat the new and prev vals","    value = Array.isArray(prev) ? prev.concat(val)","      : Array.isArray(val) ? [prev].concat(val)","      : [prev, val];","  }","","  return this.set(field, value);","};","","/**"," * Set header `field` to `val`, or pass"," * an object of header fields."," *"," * Examples:"," *"," *    res.set('Foo', ['bar', 'baz']);"," *    res.set('Accept', 'application/json');"," *    res.set({ Accept: 'text/plain', 'X-API-Key': 'tobi' });"," *"," * Aliased as `res.header()`."," *"," * @param {String|Object} field"," * @param {String|Array} val"," * @return {ServerResponse} for chaining"," * @public"," */","","res.set =","res.header = function header(field, val) {","  if (arguments.length === 2) {","    var value = Array.isArray(val)","      ? val.map(String)","      : String(val);","","    // add charset to content-type","    if (field.toLowerCase() === 'content-type') {","      if (Array.isArray(value)) {","        throw new TypeError('Content-Type cannot be set to an Array');","      }","      if (!charsetRegExp.test(value)) {","        var charset = mime.charsets.lookup(value.split(';')[0]);","        if (charset) value += '; charset=' + charset.toLowerCase();","      }","    }","","    this.setHeader(field, value);","  } else {","    for (var key in field) {","      this.set(key, field[key]);","    }","  }","  return this;","};","","/**"," * Get value for header `field`."," *"," * @param {String} field"," * @return {String}"," * @public"," */","","res.get = function(field){","  return this.getHeader(field);","};","","/**"," * Clear cookie `name`."," *"," * @param {String} name"," * @param {Object} [options]"," * @return {ServerResponse} for chaining"," * @public"," */","","res.clearCookie = function clearCookie(name, options) {","  var opts = merge({ expires: new Date(1), path: '/' }, options);","","  return this.cookie(name, '', opts);","};","","/**"," * Set cookie `name` to `value`, with the given `options`."," *"," * Options:"," *"," *    - `maxAge`   max-age in milliseconds, converted to `expires`"," *    - `signed`   sign the cookie"," *    - `path`     defaults to \"/\""," *"," * Examples:"," *"," *    // \"Remember Me\" for 15 minutes"," *    res.cookie('rememberme', '1', { expires: new Date(Date.now() + 900000), httpOnly: true });"," *"," *    // save as above"," *    res.cookie('rememberme', '1', { maxAge: 900000, httpOnly: true })"," *"," * @param {String} name"," * @param {String|Object} value"," * @param {Object} [options]"," * @return {ServerResponse} for chaining"," * @public"," */","","res.cookie = function (name, value, options) {","  var opts = merge({}, options);","  var secret = this.req.secret;","  var signed = opts.signed;","","  if (signed && !secret) {","    throw new Error('cookieParser(\"secret\") required for signed cookies');","  }","","  var val = typeof value === 'object'","    ? 'j:' + JSON.stringify(value)","    : String(value);","","  if (signed) {","    val = 's:' + sign(val, secret);","  }","","  if ('maxAge' in opts) {","    opts.expires = new Date(Date.now() + opts.maxAge);","    opts.maxAge /= 1000;","  }","","  if (opts.path == null) {","    opts.path = '/';","  }","","  this.append('Set-Cookie', cookie.serialize(name, String(val), opts));","","  return this;","};","","/**"," * Set the location header to `url`."," *"," * The given `url` can also be \"back\", which redirects"," * to the _Referrer_ or _Referer_ headers or \"/\"."," *"," * Examples:"," *"," *    res.location('/foo/bar').;"," *    res.location('http://example.com');"," *    res.location('../login');"," *"," * @param {String} url"," * @return {ServerResponse} for chaining"," * @public"," */","","res.location = function location(url) {","  var loc = url;","","  // \"back\" is an alias for the referrer","  if (url === 'back') {","    loc = this.req.get('Referrer') || '/';","  }","","  // set location","  return this.set('Location', encodeUrl(loc));","};","","/**"," * Redirect to the given `url` with optional response `status`"," * defaulting to 302."," *"," * The resulting `url` is determined by `res.location()`, so"," * it will play nicely with mounted apps, relative paths,"," * `\"back\"` etc."," *"," * Examples:"," *"," *    res.redirect('/foo/bar');"," *    res.redirect('http://example.com');"," *    res.redirect(301, 'http://example.com');"," *    res.redirect('../login'); // /blog/post/1 -> /blog/login"," *"," * @public"," */","","res.redirect = function redirect(url) {","  var address = url;","  var body;","  var status = 302;","","  // allow status / url","  if (arguments.length === 2) {","    if (typeof arguments[0] === 'number') {","      status = arguments[0];","      address = arguments[1];","    } else {","      deprecate('res.redirect(url, status): Use res.redirect(status, url) instead');","      status = arguments[1];","    }","  }","","  // Set location header","  address = this.location(address).get('Location');","","  // Support text/{plain,html} by default","  this.format({","    text: function(){","      body = statuses[status] + '. Redirecting to ' + address","    },","","    html: function(){","      var u = escapeHtml(address);","      body = '<p>' + statuses[status] + '. Redirecting to <a href=\"' + u + '\">' + u + '</a></p>'","    },","","    default: function(){","      body = '';","    }","  });","","  // Respond","  this.statusCode = status;","  this.set('Content-Length', Buffer.byteLength(body));","","  if (this.req.method === 'HEAD') {","    this.end();","  } else {","    this.end(body);","  }","};","","/**"," * Add `field` to Vary. If already present in the Vary set, then"," * this call is simply ignored."," *"," * @param {Array|String} field"," * @return {ServerResponse} for chaining"," * @public"," */","","res.vary = function(field){","  // checks for back-compat","  if (!field || (Array.isArray(field) && !field.length)) {","    deprecate('res.vary(): Provide a field name');","    return this;","  }","","  vary(this, field);","","  return this;","};","","/**"," * Render `view` with the given `options` and optional callback `fn`."," * When a callback function is given a response will _not_ be made"," * automatically, otherwise a response of _200_ and _text/html_ is given."," *"," * Options:"," *"," *  - `cache`     boolean hinting to the engine it should cache"," *  - `filename`  filename of the view being rendered"," *"," * @public"," */","","res.render = function render(view, options, callback) {","  var app = this.req.app;","  var done = callback;","  var opts = options || {};","  var req = this.req;","  var self = this;","","  // support callback function as second arg","  if (typeof options === 'function') {","    done = options;","    opts = {};","  }","","  // merge res.locals","  opts._locals = self.locals;","","  // default callback to respond","  done = done || function (err, str) {","    if (err) return req.next(err);","    self.send(str);","  };","","  // render","  app.render(view, opts, done);","};","","// pipe the send file stream","function sendfile(res, file, options, callback) {","  var done = false;","  var streaming;","","  // request aborted","  function onaborted() {","    if (done) return;","    done = true;","","    var err = new Error('Request aborted');","    err.code = 'ECONNABORTED';","    callback(err);","  }","","  // directory","  function ondirectory() {","    if (done) return;","    done = true;","","    var err = new Error('EISDIR, read');","    err.code = 'EISDIR';","    callback(err);","  }","","  // errors","  function onerror(err) {","    if (done) return;","    done = true;","    callback(err);","  }","","  // ended","  function onend() {","    if (done) return;","    done = true;","    callback();","  }","","  // file","  function onfile() {","    streaming = false;","  }","","  // finished","  function onfinish(err) {","    if (err && err.code === 'ECONNRESET') return onaborted();","    if (err) return onerror(err);","    if (done) return;","","    setImmediate(function () {","      if (streaming !== false && !done) {","        onaborted();","        return;","      }","","      if (done) return;","      done = true;","      callback();","    });","  }","","  // streaming","  function onstream() {","    streaming = true;","  }","","  file.on('directory', ondirectory);","  file.on('end', onend);","  file.on('error', onerror);","  file.on('file', onfile);","  file.on('stream', onstream);","  onFinished(res, onfinish);","","  if (options.headers) {","    // set headers on successful transfer","    file.on('headers', function headers(res) {","      var obj = options.headers;","      var keys = Object.keys(obj);","","      for (var i = 0; i < keys.length; i++) {","        var k = keys[i];","        res.setHeader(k, obj[k]);","      }","    });","  }","","  // pipe","  file.pipe(res);","}","","/**"," * Stringify JSON, like JSON.stringify, but v8 optimized, with the"," * ability to escape characters that can trigger HTML sniffing."," *"," * @param {*} value"," * @param {function} replaces"," * @param {number} spaces"," * @param {boolean} escape"," * @returns {string}"," * @private"," */","","function stringify (value, replacer, spaces, escape) {","  // v8 checks arguments.length for optimizing simple call","  // https://bugs.chromium.org/p/v8/issues/detail?id=4730","  var json = replacer || spaces","    ? JSON.stringify(value, replacer, spaces)","    : JSON.stringify(value);","","  if (escape) {","    json = json.replace(/[<>&]/g, function (c) {","      switch (c.charCodeAt(0)) {","        case 0x3c:","          return '\\\\u003c'","        case 0x3e:","          return '\\\\u003e'","        case 0x26:","          return '\\\\u0026'","        default:","          return c","      }","    })","  }","","  return json","}",""],"l":{"15":1,"16":1,"17":1,"18":1,"19":1,"20":1,"21":1,"22":1,"23":1,"24":1,"25":1,"26":1,"27":1,"28":1,"29":1,"30":1,"31":1,"32":1,"33":1,"34":1,"35":1,"42":1,"49":1,"56":1,"66":1,"67":0,"68":0,"86":1,"87":0,"88":0,"89":0,"90":0,"107":1,"108":0,"109":0,"110":0,"111":0,"114":0,"117":0,"119":0,"120":0,"121":0,"123":0,"124":0,"125":0,"130":0,"132":0,"133":0,"136":0,"137":0,"138":0,"141":0,"144":0,"145":0,"147":0,"151":0,"152":0,"153":0,"154":0,"155":0,"158":0,"160":0,"164":0,"165":0,"166":0,"169":0,"170":0,"175":0,"176":0,"179":0,"180":0,"181":0,"183":0,"184":0,"186":0,"189":0,"190":0,"191":0,"194":0,"198":0,"199":0,"200":0,"201":0,"206":0,"209":0,"210":0,"211":0,"212":0,"213":0,"216":0,"218":0,"221":0,"224":0,"239":1,"240":0,"243":0,"245":0,"246":0,"247":0,"249":0,"250":0,"251":0,"256":0,"257":0,"258":0,"259":0,"260":0,"263":0,"264":0,"267":0,"282":1,"283":0,"286":0,"288":0,"289":0,"290":0,"292":0,"293":0,"294":0,"299":0,"300":0,"301":0,"302":0,"303":0,"304":0,"307":0,"308":0,"309":0,"313":0,"314":0,"318":0,"319":0,"320":0,"323":0,"326":0,"332":0,"335":0,"353":1,"354":0,"356":0,"357":0,"359":0,"403":1,"404":0,"405":0,"406":0,"407":0,"408":0,"410":0,"411":0,"415":0,"416":0,"417":0,"420":0,"421":0,"425":0,"426":0,"429":0,"430":0,"431":0,"434":0,"435":0,"481":1,"482":0,"483":0,"484":0,"485":0,"486":0,"489":0,"490":0,"491":0,"495":0,"498":0,"499":0,"500":0,"503":0,"504":0,"509":1,"530":1,"531":0,"532":0,"533":0,"536":0,"537":0,"538":0,"539":0,"540":0,"541":0,"542":0,"546":0,"551":0,"552":0,"553":0,"554":0,"555":0,"556":0,"562":0,"563":0,"566":0,"569":0,"589":1,"591":0,"595":0,"655":1,"656":0,"657":0,"659":0,"660":0,"661":0,"663":0,"667":0,"669":0,"670":0,"671":0,"672":0,"673":0,"675":0,"676":0,"677":0,"678":0,"681":0,"692":1,"693":0,"694":0,"697":0,"699":0,"717":1,"718":0,"719":0,"721":0,"723":0,"728":0,"749":1,"751":0,"752":0,"757":0,"758":0,"759":0,"761":0,"762":0,"763":0,"767":0,"769":0,"770":0,"773":0,"784":1,"785":0,"797":1,"798":0,"800":0,"827":1,"828":0,"829":0,"830":0,"832":0,"833":0,"836":0,"840":0,"841":0,"844":0,"845":0,"846":0,"849":0,"850":0,"853":0,"855":0,"875":1,"876":0,"879":0,"880":0,"884":0,"905":1,"906":0,"907":0,"908":0,"911":0,"912":0,"913":0,"914":0,"916":0,"917":0,"922":0,"925":0,"927":0,"931":0,"932":0,"936":0,"941":0,"942":0,"944":0,"945":0,"947":0,"960":1,"962":0,"963":0,"964":0,"967":0,"969":0,"985":1,"986":0,"987":0,"988":0,"989":0,"990":0,"993":0,"994":0,"995":0,"999":0,"1002":0,"1003":0,"1004":0,"1008":0,"1012":1,"1013":0,"1014":0,"1017":1,"1018":0,"1019":0,"1021":0,"1022":0,"1023":0,"1027":1,"1028":0,"1029":0,"1031":0,"1032":0,"1033":0,"1037":1,"1038":0,"1039":0,"1040":0,"1044":1,"1045":0,"1046":0,"1047":0,"1051":1,"1052":0,"1056":1,"1057":0,"1058":0,"1059":0,"1061":0,"1062":0,"1063":0,"1064":0,"1067":0,"1068":0,"1069":0,"1074":1,"1075":0,"1078":0,"1079":0,"1080":0,"1081":0,"1082":0,"1083":0,"1085":0,"1087":0,"1088":0,"1089":0,"1091":0,"1092":0,"1093":0,"1099":0,"1114":1,"1117":0,"1121":0,"1122":0,"1123":0,"1125":0,"1127":0,"1129":0,"1131":0,"1136":0}}}